2020-04-09 00:35:11,488 INFO org.apache.juli.logging.DirectJDKLog [http-nio-7777-exec-2] Initializing Spring DispatcherServlet 'dispatcherServlet'
2020-04-09 00:35:11,489 INFO org.springframework.web.servlet.FrameworkServlet [http-nio-7777-exec-2] Initializing Servlet 'dispatcherServlet'
2020-04-09 00:35:11,489 DEBUG org.springframework.web.servlet.DispatcherServlet [http-nio-7777-exec-2] Detected StandardServletMultipartResolver
2020-04-09 00:35:11,492 DEBUG org.springframework.web.servlet.FrameworkServlet [http-nio-7777-exec-2] enableLoggingRequestDetails='false': request parameters and headers will be masked to prevent unsafe logging of potentially sensitive data
2020-04-09 00:35:11,492 INFO org.springframework.web.servlet.FrameworkServlet [http-nio-7777-exec-2] Completed initialization in 3 ms
2020-04-09 00:35:11,493 DEBUG org.springframework.security.web.FilterChainProxy$VirtualFilterChain [http-nio-7777-exec-2] /user/updateUser/1 at position 1 of 12 in additional filter chain; firing Filter: 'WebAsyncManagerIntegrationFilter'
2020-04-09 00:35:11,494 DEBUG org.springframework.security.web.FilterChainProxy$VirtualFilterChain [http-nio-7777-exec-2] /user/updateUser/1 at position 2 of 12 in additional filter chain; firing Filter: 'SecurityContextPersistenceFilter'
2020-04-09 00:35:11,494 DEBUG org.springframework.security.web.context.HttpSessionSecurityContextRepository [http-nio-7777-exec-2] No HttpSession currently exists
2020-04-09 00:35:11,494 DEBUG org.springframework.security.web.context.HttpSessionSecurityContextRepository [http-nio-7777-exec-2] No SecurityContext was available from the HttpSession: null. A new one will be created.
2020-04-09 00:35:11,494 DEBUG org.springframework.security.web.FilterChainProxy$VirtualFilterChain [http-nio-7777-exec-2] /user/updateUser/1 at position 3 of 12 in additional filter chain; firing Filter: 'HeaderWriterFilter'
2020-04-09 00:35:11,495 DEBUG org.springframework.security.web.FilterChainProxy$VirtualFilterChain [http-nio-7777-exec-2] /user/updateUser/1 at position 4 of 12 in additional filter chain; firing Filter: 'CorsFilter'
2020-04-09 00:35:11,497 DEBUG org.springframework.web.servlet.handler.AbstractHandlerMapping [http-nio-7777-exec-2] Mapped to com.skiya.sportzplatform.web.rest.UserResource#updateUser(Integer, User)
2020-04-09 00:35:11,498 DEBUG org.springframework.security.web.FilterChainProxy$VirtualFilterChain [http-nio-7777-exec-2] /user/updateUser/1 at position 5 of 12 in additional filter chain; firing Filter: 'LogoutFilter'
2020-04-09 00:35:11,498 DEBUG org.springframework.security.web.util.matcher.OrRequestMatcher [http-nio-7777-exec-2] Trying to match using Ant [pattern='/logout', GET]
2020-04-09 00:35:11,498 DEBUG org.springframework.security.web.util.matcher.AntPathRequestMatcher [http-nio-7777-exec-2] Request 'PUT /user/updateUser/1' doesn't match 'GET /logout'
2020-04-09 00:35:11,499 DEBUG org.springframework.security.web.util.matcher.OrRequestMatcher [http-nio-7777-exec-2] Trying to match using Ant [pattern='/logout', POST]
2020-04-09 00:35:11,499 DEBUG org.springframework.security.web.util.matcher.AntPathRequestMatcher [http-nio-7777-exec-2] Request 'PUT /user/updateUser/1' doesn't match 'POST /logout'
2020-04-09 00:35:11,499 DEBUG org.springframework.security.web.util.matcher.OrRequestMatcher [http-nio-7777-exec-2] Trying to match using Ant [pattern='/logout', PUT]
2020-04-09 00:35:11,500 DEBUG org.springframework.security.web.util.matcher.AntPathRequestMatcher [http-nio-7777-exec-2] Checking match of request : '/user/updateUser/1'; against '/logout'
2020-04-09 00:35:11,500 DEBUG org.springframework.security.web.util.matcher.OrRequestMatcher [http-nio-7777-exec-2] Trying to match using Ant [pattern='/logout', DELETE]
2020-04-09 00:35:11,500 DEBUG org.springframework.security.web.util.matcher.AntPathRequestMatcher [http-nio-7777-exec-2] Request 'PUT /user/updateUser/1' doesn't match 'DELETE /logout'
2020-04-09 00:35:11,500 DEBUG org.springframework.security.web.util.matcher.OrRequestMatcher [http-nio-7777-exec-2] No matches found
2020-04-09 00:35:11,500 DEBUG org.springframework.security.web.FilterChainProxy$VirtualFilterChain [http-nio-7777-exec-2] /user/updateUser/1 at position 6 of 12 in additional filter chain; firing Filter: 'JWTAuthenticationFilter'
2020-04-09 00:35:11,501 WARN com.skiya.sportzplatform.security.JWTAuthenticationFilter [http-nio-7777-exec-2] couldn't find bearer string, will ignore the header
2020-04-09 00:35:11,501 DEBUG org.springframework.security.web.FilterChainProxy$VirtualFilterChain [http-nio-7777-exec-2] /user/updateUser/1 at position 7 of 12 in additional filter chain; firing Filter: 'RequestCacheAwareFilter'
2020-04-09 00:35:11,501 DEBUG org.springframework.security.web.savedrequest.HttpSessionRequestCache [http-nio-7777-exec-2] saved request doesn't match
2020-04-09 00:35:11,501 DEBUG org.springframework.security.web.FilterChainProxy$VirtualFilterChain [http-nio-7777-exec-2] /user/updateUser/1 at position 8 of 12 in additional filter chain; firing Filter: 'SecurityContextHolderAwareRequestFilter'
2020-04-09 00:35:11,502 DEBUG org.springframework.security.web.FilterChainProxy$VirtualFilterChain [http-nio-7777-exec-2] /user/updateUser/1 at position 9 of 12 in additional filter chain; firing Filter: 'AnonymousAuthenticationFilter'
2020-04-09 00:35:11,502 DEBUG org.springframework.security.web.authentication.AnonymousAuthenticationFilter [http-nio-7777-exec-2] Populated SecurityContextHolder with anonymous token: 'org.springframework.security.authentication.AnonymousAuthenticationToken@cfe08b1b: Principal: anonymousUser; Credentials: [PROTECTED]; Authenticated: true; Details: org.springframework.security.web.authentication.WebAuthenticationDetails@b364: RemoteIpAddress: 0:0:0:0:0:0:0:1; SessionId: null; Granted Authorities: ROLE_ANONYMOUS'
2020-04-09 00:35:11,502 DEBUG org.springframework.security.web.FilterChainProxy$VirtualFilterChain [http-nio-7777-exec-2] /user/updateUser/1 at position 10 of 12 in additional filter chain; firing Filter: 'SessionManagementFilter'
2020-04-09 00:35:11,503 DEBUG org.springframework.security.web.FilterChainProxy$VirtualFilterChain [http-nio-7777-exec-2] /user/updateUser/1 at position 11 of 12 in additional filter chain; firing Filter: 'ExceptionTranslationFilter'
2020-04-09 00:35:11,503 DEBUG org.springframework.security.web.FilterChainProxy$VirtualFilterChain [http-nio-7777-exec-2] /user/updateUser/1 at position 12 of 12 in additional filter chain; firing Filter: 'FilterSecurityInterceptor'
2020-04-09 00:35:11,503 DEBUG org.springframework.security.access.intercept.AbstractSecurityInterceptor [http-nio-7777-exec-2] Secure object: FilterInvocation: URL: /user/updateUser/1; Attributes: [permitAll]
2020-04-09 00:35:11,503 DEBUG org.springframework.security.access.intercept.AbstractSecurityInterceptor [http-nio-7777-exec-2] Previously Authenticated: org.springframework.security.authentication.AnonymousAuthenticationToken@cfe08b1b: Principal: anonymousUser; Credentials: [PROTECTED]; Authenticated: true; Details: org.springframework.security.web.authentication.WebAuthenticationDetails@b364: RemoteIpAddress: 0:0:0:0:0:0:0:1; SessionId: null; Granted Authorities: ROLE_ANONYMOUS
2020-04-09 00:35:11,504 DEBUG org.springframework.security.access.vote.AffirmativeBased [http-nio-7777-exec-2] Voter: org.springframework.security.web.access.expression.WebExpressionVoter@cc71c922, returned: 1
2020-04-09 00:35:11,504 DEBUG org.springframework.security.access.intercept.AbstractSecurityInterceptor [http-nio-7777-exec-2] Authorization successful
2020-04-09 00:35:11,504 DEBUG org.springframework.security.access.intercept.AbstractSecurityInterceptor [http-nio-7777-exec-2] RunAsManager did not change Authentication object
2020-04-09 00:35:11,504 DEBUG org.springframework.security.web.FilterChainProxy$VirtualFilterChain [http-nio-7777-exec-2] /user/updateUser/1 reached end of additional filter chain; proceeding with original chain
2020-04-09 00:35:11,505 DEBUG org.springframework.core.log.LogFormatUtils [http-nio-7777-exec-2] PUT "/user/updateUser/1", parameters={}
2020-04-09 00:35:11,506 DEBUG org.springframework.web.servlet.handler.AbstractHandlerMapping [http-nio-7777-exec-2] Mapped to com.skiya.sportzplatform.web.rest.UserResource#updateUser(Integer, User)
2020-04-09 00:35:11,510 DEBUG org.springframework.core.log.LogFormatUtils [http-nio-7777-exec-2] Read "application/json;charset=UTF-8" to [User [Hash = 31762615, userId=null, firstName=Siva, lastName=Sankar, middleName=B, userProfileImg=nu (truncated)...]
2020-04-09 00:35:11,513 DEBUG com.skiya.sportzplatform.web.rest.UserResource [http-nio-7777-exec-2] Updating Users for id 1
2020-04-09 00:35:11,524 DEBUG org.springframework.jdbc.datasource.DataSourceUtils [http-nio-7777-exec-2] Fetching JDBC Connection from DataSource
2020-04-09 00:35:11,525 INFO com.zaxxer.hikari.HikariDataSource [http-nio-7777-exec-2] HikariPool-3 - Starting...
2020-04-09 00:35:11,556 INFO com.zaxxer.hikari.HikariDataSource [http-nio-7777-exec-2] HikariPool-3 - Start completed.
2020-04-09 00:35:11,557 DEBUG org.apache.ibatis.logging.jdbc.BaseJdbcLogger [http-nio-7777-exec-2] ==>  Preparing: select user_id, first_name, last_name, middle_name, user_profile_img, user_email, user_phone, user_password, last_login_date, provider_id, user_status, reset_token from sportzplatform.user where user_id = ? 
2020-04-09 00:35:11,557 DEBUG org.apache.ibatis.logging.jdbc.BaseJdbcLogger [http-nio-7777-exec-2] ==> Parameters: 1(Integer)
2020-04-09 00:35:11,560 DEBUG org.apache.ibatis.logging.jdbc.BaseJdbcLogger [http-nio-7777-exec-2] <==      Total: 1
2020-04-09 00:35:11,562 DEBUG com.skiya.sportzplatform.service.UserService [http-nio-7777-exec-2] User object...User [Hash = 303594619, userId=1, firstName=Siva, lastName=Sankar, middleName=B, userProfileImg=null, userEmail=siva77@gmail.com, userPhone=87778666, userPassword=$2a$10$yKJt8pcwKGvVp1VV5kUBR.4ffWlTEUKexYSUG8ts0C0XjdxLBBUNO, lastLoginDate=null, providerId=null, userStatus=AC , resetToken=null]
2020-04-09 00:35:11,563 DEBUG org.springframework.transaction.support.AbstractPlatformTransactionManager [http-nio-7777-exec-2] Creating new transaction with name [com.skiya.sportzplatform.service.UserService.updateUser]: PROPAGATION_REQUIRED,ISOLATION_DEFAULT
2020-04-09 00:35:11,564 DEBUG org.springframework.jdbc.datasource.DataSourceTransactionManager [http-nio-7777-exec-2] Acquired Connection [HikariProxyConnection@-864250664 wrapping org.postgresql.jdbc.PgConnection@414465a9] for JDBC transaction
2020-04-09 00:35:11,564 DEBUG org.springframework.jdbc.datasource.DataSourceTransactionManager [http-nio-7777-exec-2] Switching JDBC Connection [HikariProxyConnection@-864250664 wrapping org.postgresql.jdbc.PgConnection@414465a9] to manual commit
2020-04-09 00:35:11,565 DEBUG com.skiya.sportzplatform.service.UserService [http-nio-7777-exec-2] ÜserDTO....User [Hash = 31762615, userId=1, firstName=Siva, lastName=Sankar, middleName=B, userProfileImg=null, userEmail=siva77@gmail.com, userPhone=87778666, userPassword=lmsuser2, lastLoginDate=null, providerId=null, userStatus=null, resetToken=null]
2020-04-09 00:35:11,566 DEBUG org.apache.ibatis.logging.jdbc.BaseJdbcLogger [http-nio-7777-exec-2] ==>  Preparing: select user_id, first_name, last_name, middle_name, user_profile_img, user_email, user_phone, user_password, last_login_date, provider_id, user_status, reset_token from sportzplatform.user where user_id = ? 
2020-04-09 00:35:11,566 DEBUG org.apache.ibatis.logging.jdbc.BaseJdbcLogger [http-nio-7777-exec-2] ==> Parameters: 1(Integer)
2020-04-09 00:35:11,568 DEBUG org.apache.ibatis.logging.jdbc.BaseJdbcLogger [http-nio-7777-exec-2] <==      Total: 1
2020-04-09 00:35:11,637 DEBUG com.skiya.sportzplatform.aop.AuditInterceptor [http-nio-7777-exec-2] Hello from Interceptor...update
2020-04-09 00:35:11,638 DEBUG org.apache.ibatis.logging.jdbc.BaseJdbcLogger [http-nio-7777-exec-2] ==>  Preparing: update sportzplatform.user set first_name = ?, last_name = ?, middle_name = ?, user_profile_img = ?, user_email = ?, user_phone = ?, user_password = ?, last_login_date = ?, provider_id = ?, user_status = ?, reset_token = ? where user_id = ? 
2020-04-09 00:35:11,639 DEBUG org.apache.ibatis.logging.jdbc.BaseJdbcLogger [http-nio-7777-exec-2] ==> Parameters: Siva(String), Sankar(String), B(String), null, siva77@gmail.com(String), 87778666(String), $2a$10$u16RxcUDFk7xuu6D7eK1/OzWuHziqRE0zf9GrcyayC1TeG3AdgIJS(String), null, null, AC (String), null, 1(Integer)
2020-04-09 00:35:11,640 DEBUG org.apache.ibatis.logging.jdbc.BaseJdbcLogger [http-nio-7777-exec-2] <==    Updates: 1
2020-04-09 00:35:11,641 DEBUG com.skiya.sportzplatform.service.UserService [http-nio-7777-exec-2] Update Successful...
2020-04-09 00:35:11,641 DEBUG org.springframework.transaction.support.AbstractPlatformTransactionManager [http-nio-7777-exec-2] Initiating transaction commit
2020-04-09 00:35:11,642 DEBUG org.springframework.jdbc.datasource.DataSourceTransactionManager [http-nio-7777-exec-2] Committing JDBC transaction on Connection [HikariProxyConnection@-864250664 wrapping org.postgresql.jdbc.PgConnection@414465a9]
2020-04-09 00:35:11,643 DEBUG org.springframework.jdbc.datasource.DataSourceTransactionManager [http-nio-7777-exec-2] Releasing JDBC Connection [HikariProxyConnection@-864250664 wrapping org.postgresql.jdbc.PgConnection@414465a9] after transaction
2020-04-09 00:35:11,648 DEBUG org.springframework.web.servlet.mvc.method.annotation.AbstractMessageConverterMethodProcessor [http-nio-7777-exec-2] Using 'application/json', given [*/*] and supported [application/json, application/*+json, application/json, application/*+json]
2020-04-09 00:35:11,649 DEBUG org.springframework.core.log.LogFormatUtils [http-nio-7777-exec-2] Writing [com.skiya.sportzplatform.dto.RestResponse@43169d00]
2020-04-09 00:35:11,650 DEBUG org.springframework.security.web.header.writers.HstsHeaderWriter [http-nio-7777-exec-2] Not injecting HSTS header since it did not match the requestMatcher org.springframework.security.web.header.writers.HstsHeaderWriter$SecureRequestMatcher@b8df9850
2020-04-09 00:35:11,650 DEBUG org.springframework.security.web.context.HttpSessionSecurityContextRepository$SaveToSessionResponseWrapper [http-nio-7777-exec-2] SecurityContext is empty or contents are anonymous - context will not be stored in HttpSession.
2020-04-09 00:35:11,652 DEBUG org.springframework.web.servlet.FrameworkServlet [http-nio-7777-exec-2] Completed 200 OK
2020-04-09 00:35:11,653 DEBUG org.springframework.security.web.access.ExceptionTranslationFilter [http-nio-7777-exec-2] Chain processed normally
2020-04-09 00:35:11,653 DEBUG org.springframework.security.web.context.SecurityContextPersistenceFilter [http-nio-7777-exec-2] SecurityContextHolder now cleared, as request processing completed
2020-04-09 00:35:46,629 DEBUG org.springframework.security.web.FilterChainProxy$VirtualFilterChain [http-nio-7777-exec-3] /user/addUser at position 1 of 12 in additional filter chain; firing Filter: 'WebAsyncManagerIntegrationFilter'
2020-04-09 00:35:46,629 DEBUG org.springframework.security.web.FilterChainProxy$VirtualFilterChain [http-nio-7777-exec-3] /user/addUser at position 2 of 12 in additional filter chain; firing Filter: 'SecurityContextPersistenceFilter'
2020-04-09 00:35:46,630 DEBUG org.springframework.security.web.context.HttpSessionSecurityContextRepository [http-nio-7777-exec-3] No HttpSession currently exists
2020-04-09 00:35:46,630 DEBUG org.springframework.security.web.context.HttpSessionSecurityContextRepository [http-nio-7777-exec-3] No SecurityContext was available from the HttpSession: null. A new one will be created.
2020-04-09 00:35:46,631 DEBUG org.springframework.security.web.FilterChainProxy$VirtualFilterChain [http-nio-7777-exec-3] /user/addUser at position 3 of 12 in additional filter chain; firing Filter: 'HeaderWriterFilter'
2020-04-09 00:35:46,631 DEBUG org.springframework.security.web.FilterChainProxy$VirtualFilterChain [http-nio-7777-exec-3] /user/addUser at position 4 of 12 in additional filter chain; firing Filter: 'CorsFilter'
2020-04-09 00:35:46,632 DEBUG org.springframework.web.servlet.handler.AbstractHandlerMapping [http-nio-7777-exec-3] Mapped to com.skiya.sportzplatform.web.rest.UserResource#addUser(User, HttpServletRequest)
2020-04-09 00:35:46,633 DEBUG org.springframework.security.web.FilterChainProxy$VirtualFilterChain [http-nio-7777-exec-3] /user/addUser at position 5 of 12 in additional filter chain; firing Filter: 'LogoutFilter'
2020-04-09 00:35:46,633 DEBUG org.springframework.security.web.util.matcher.OrRequestMatcher [http-nio-7777-exec-3] Trying to match using Ant [pattern='/logout', GET]
2020-04-09 00:35:46,634 DEBUG org.springframework.security.web.util.matcher.AntPathRequestMatcher [http-nio-7777-exec-3] Request 'POST /user/addUser' doesn't match 'GET /logout'
2020-04-09 00:35:46,634 DEBUG org.springframework.security.web.util.matcher.OrRequestMatcher [http-nio-7777-exec-3] Trying to match using Ant [pattern='/logout', POST]
2020-04-09 00:35:46,634 DEBUG org.springframework.security.web.util.matcher.AntPathRequestMatcher [http-nio-7777-exec-3] Checking match of request : '/user/addUser'; against '/logout'
2020-04-09 00:35:46,634 DEBUG org.springframework.security.web.util.matcher.OrRequestMatcher [http-nio-7777-exec-3] Trying to match using Ant [pattern='/logout', PUT]
2020-04-09 00:35:46,634 DEBUG org.springframework.security.web.util.matcher.AntPathRequestMatcher [http-nio-7777-exec-3] Request 'POST /user/addUser' doesn't match 'PUT /logout'
2020-04-09 00:35:46,635 DEBUG org.springframework.security.web.util.matcher.OrRequestMatcher [http-nio-7777-exec-3] Trying to match using Ant [pattern='/logout', DELETE]
2020-04-09 00:35:46,635 DEBUG org.springframework.security.web.util.matcher.AntPathRequestMatcher [http-nio-7777-exec-3] Request 'POST /user/addUser' doesn't match 'DELETE /logout'
2020-04-09 00:35:46,635 DEBUG org.springframework.security.web.util.matcher.OrRequestMatcher [http-nio-7777-exec-3] No matches found
2020-04-09 00:35:46,635 DEBUG org.springframework.security.web.FilterChainProxy$VirtualFilterChain [http-nio-7777-exec-3] /user/addUser at position 6 of 12 in additional filter chain; firing Filter: 'JWTAuthenticationFilter'
2020-04-09 00:35:46,636 WARN com.skiya.sportzplatform.security.JWTAuthenticationFilter [http-nio-7777-exec-3] couldn't find bearer string, will ignore the header
2020-04-09 00:35:46,636 DEBUG org.springframework.security.web.FilterChainProxy$VirtualFilterChain [http-nio-7777-exec-3] /user/addUser at position 7 of 12 in additional filter chain; firing Filter: 'RequestCacheAwareFilter'
2020-04-09 00:35:46,636 DEBUG org.springframework.security.web.savedrequest.HttpSessionRequestCache [http-nio-7777-exec-3] saved request doesn't match
2020-04-09 00:35:46,636 DEBUG org.springframework.security.web.FilterChainProxy$VirtualFilterChain [http-nio-7777-exec-3] /user/addUser at position 8 of 12 in additional filter chain; firing Filter: 'SecurityContextHolderAwareRequestFilter'
2020-04-09 00:35:46,636 DEBUG org.springframework.security.web.FilterChainProxy$VirtualFilterChain [http-nio-7777-exec-3] /user/addUser at position 9 of 12 in additional filter chain; firing Filter: 'AnonymousAuthenticationFilter'
2020-04-09 00:35:46,637 DEBUG org.springframework.security.web.authentication.AnonymousAuthenticationFilter [http-nio-7777-exec-3] Populated SecurityContextHolder with anonymous token: 'org.springframework.security.authentication.AnonymousAuthenticationToken@cfe08b1b: Principal: anonymousUser; Credentials: [PROTECTED]; Authenticated: true; Details: org.springframework.security.web.authentication.WebAuthenticationDetails@b364: RemoteIpAddress: 0:0:0:0:0:0:0:1; SessionId: null; Granted Authorities: ROLE_ANONYMOUS'
2020-04-09 00:35:46,637 DEBUG org.springframework.security.web.FilterChainProxy$VirtualFilterChain [http-nio-7777-exec-3] /user/addUser at position 10 of 12 in additional filter chain; firing Filter: 'SessionManagementFilter'
2020-04-09 00:35:46,637 DEBUG org.springframework.security.web.FilterChainProxy$VirtualFilterChain [http-nio-7777-exec-3] /user/addUser at position 11 of 12 in additional filter chain; firing Filter: 'ExceptionTranslationFilter'
2020-04-09 00:35:46,637 DEBUG org.springframework.security.web.FilterChainProxy$VirtualFilterChain [http-nio-7777-exec-3] /user/addUser at position 12 of 12 in additional filter chain; firing Filter: 'FilterSecurityInterceptor'
2020-04-09 00:35:46,638 DEBUG org.springframework.security.access.intercept.AbstractSecurityInterceptor [http-nio-7777-exec-3] Secure object: FilterInvocation: URL: /user/addUser; Attributes: [permitAll]
2020-04-09 00:35:46,638 DEBUG org.springframework.security.access.intercept.AbstractSecurityInterceptor [http-nio-7777-exec-3] Previously Authenticated: org.springframework.security.authentication.AnonymousAuthenticationToken@cfe08b1b: Principal: anonymousUser; Credentials: [PROTECTED]; Authenticated: true; Details: org.springframework.security.web.authentication.WebAuthenticationDetails@b364: RemoteIpAddress: 0:0:0:0:0:0:0:1; SessionId: null; Granted Authorities: ROLE_ANONYMOUS
2020-04-09 00:35:46,639 DEBUG org.springframework.security.access.vote.AffirmativeBased [http-nio-7777-exec-3] Voter: org.springframework.security.web.access.expression.WebExpressionVoter@cc71c922, returned: 1
2020-04-09 00:35:46,639 DEBUG org.springframework.security.access.intercept.AbstractSecurityInterceptor [http-nio-7777-exec-3] Authorization successful
2020-04-09 00:35:46,639 DEBUG org.springframework.security.access.intercept.AbstractSecurityInterceptor [http-nio-7777-exec-3] RunAsManager did not change Authentication object
2020-04-09 00:35:46,639 DEBUG org.springframework.security.web.FilterChainProxy$VirtualFilterChain [http-nio-7777-exec-3] /user/addUser reached end of additional filter chain; proceeding with original chain
2020-04-09 00:35:46,640 DEBUG org.springframework.core.log.LogFormatUtils [http-nio-7777-exec-3] POST "/user/addUser", parameters={}
2020-04-09 00:35:46,641 DEBUG org.springframework.web.servlet.handler.AbstractHandlerMapping [http-nio-7777-exec-3] Mapped to com.skiya.sportzplatform.web.rest.UserResource#addUser(User, HttpServletRequest)
2020-04-09 00:35:46,642 DEBUG org.springframework.core.log.LogFormatUtils [http-nio-7777-exec-3] Read "application/json;charset=UTF-8" to [User [Hash = -2137222444, userId=null, firstName=Razi, lastName=Mathilakath, middleName=null, userPr (truncated)...]
2020-04-09 00:35:46,643 DEBUG com.skiya.sportzplatform.web.rest.UserResource [http-nio-7777-exec-3] User Details...User [Hash = -2137222444, userId=null, firstName=Razi, lastName=Mathilakath, middleName=null, userProfileImg=null, userEmail=razi.mathilakath@gmail.com, userPhone=87787711, userPassword=lmsuser3, lastLoginDate=null, providerId=null, userStatus=null, resetToken=null]
2020-04-09 00:35:46,644 DEBUG org.springframework.jdbc.datasource.DataSourceUtils [http-nio-7777-exec-3] Fetching JDBC Connection from DataSource
2020-04-09 00:35:46,645 DEBUG org.apache.ibatis.logging.jdbc.BaseJdbcLogger [http-nio-7777-exec-3] ==>  Preparing: select user_id, first_name, last_name, middle_name, user_profile_img, user_email, user_phone, user_password, last_login_date, provider_id, user_status, reset_token from sportzplatform.user where user_email = ? 
2020-04-09 00:35:46,646 DEBUG org.apache.ibatis.logging.jdbc.BaseJdbcLogger [http-nio-7777-exec-3] ==> Parameters: razi.mathilakath@gmail.com(String)
2020-04-09 00:35:46,648 DEBUG org.apache.ibatis.logging.jdbc.BaseJdbcLogger [http-nio-7777-exec-3] <==      Total: 1
2020-04-09 00:35:46,649 DEBUG com.skiya.sportzplatform.service.UserService [http-nio-7777-exec-3] User object...User [Hash = 1505073817, userId=3, firstName=Razi, lastName=Mathilakath, middleName=null, userProfileImg=null, userEmail=razi.mathilakath@gmail.com, userPhone=87787711, userPassword=$2a$10$Z6Re59UjrdktWvfBIdNOg.nPzThMqt7Z4F.DSN05cl.Dn9S1EICDO, lastLoginDate=null, providerId=null, userStatus=IN , resetToken=98464300-2b16-4657-b1f9-cd01f34ff8ac]
2020-04-09 00:35:46,649 ERROR com.skiya.sportzplatform.web.rest.UserResource [http-nio-7777-exec-3] User with same email addreess exist.
2020-04-09 00:35:46,650 DEBUG org.springframework.web.servlet.mvc.method.annotation.AbstractMessageConverterMethodProcessor [http-nio-7777-exec-3] Using 'application/json', given [*/*] and supported [application/json, application/*+json, application/json, application/*+json]
2020-04-09 00:35:46,651 DEBUG org.springframework.core.log.LogFormatUtils [http-nio-7777-exec-3] Writing [com.skiya.sportzplatform.dto.RestResponse@d4b7ddd4]
2020-04-09 00:35:46,651 DEBUG org.springframework.security.web.header.writers.HstsHeaderWriter [http-nio-7777-exec-3] Not injecting HSTS header since it did not match the requestMatcher org.springframework.security.web.header.writers.HstsHeaderWriter$SecureRequestMatcher@b8df9850
2020-04-09 00:35:46,652 DEBUG org.springframework.security.web.context.HttpSessionSecurityContextRepository$SaveToSessionResponseWrapper [http-nio-7777-exec-3] SecurityContext is empty or contents are anonymous - context will not be stored in HttpSession.
2020-04-09 00:35:46,653 DEBUG org.springframework.web.servlet.FrameworkServlet [http-nio-7777-exec-3] Completed 200 OK
2020-04-09 00:35:46,653 DEBUG org.springframework.security.web.access.ExceptionTranslationFilter [http-nio-7777-exec-3] Chain processed normally
2020-04-09 00:35:46,653 DEBUG org.springframework.security.web.context.SecurityContextPersistenceFilter [http-nio-7777-exec-3] SecurityContextHolder now cleared, as request processing completed
2020-04-09 00:36:06,524 DEBUG org.springframework.security.web.FilterChainProxy$VirtualFilterChain [http-nio-7777-exec-4] /user/addUser at position 1 of 12 in additional filter chain; firing Filter: 'WebAsyncManagerIntegrationFilter'
2020-04-09 00:36:06,525 DEBUG org.springframework.security.web.FilterChainProxy$VirtualFilterChain [http-nio-7777-exec-4] /user/addUser at position 2 of 12 in additional filter chain; firing Filter: 'SecurityContextPersistenceFilter'
2020-04-09 00:36:06,525 DEBUG org.springframework.security.web.context.HttpSessionSecurityContextRepository [http-nio-7777-exec-4] No HttpSession currently exists
2020-04-09 00:36:06,526 DEBUG org.springframework.security.web.context.HttpSessionSecurityContextRepository [http-nio-7777-exec-4] No SecurityContext was available from the HttpSession: null. A new one will be created.
2020-04-09 00:36:06,526 DEBUG org.springframework.security.web.FilterChainProxy$VirtualFilterChain [http-nio-7777-exec-4] /user/addUser at position 3 of 12 in additional filter chain; firing Filter: 'HeaderWriterFilter'
2020-04-09 00:36:06,526 DEBUG org.springframework.security.web.FilterChainProxy$VirtualFilterChain [http-nio-7777-exec-4] /user/addUser at position 4 of 12 in additional filter chain; firing Filter: 'CorsFilter'
2020-04-09 00:36:06,528 DEBUG org.springframework.web.servlet.handler.AbstractHandlerMapping [http-nio-7777-exec-4] Mapped to com.skiya.sportzplatform.web.rest.UserResource#addUser(User, HttpServletRequest)
2020-04-09 00:36:06,529 DEBUG org.springframework.security.web.FilterChainProxy$VirtualFilterChain [http-nio-7777-exec-4] /user/addUser at position 5 of 12 in additional filter chain; firing Filter: 'LogoutFilter'
2020-04-09 00:36:06,529 DEBUG org.springframework.security.web.util.matcher.OrRequestMatcher [http-nio-7777-exec-4] Trying to match using Ant [pattern='/logout', GET]
2020-04-09 00:36:06,529 DEBUG org.springframework.security.web.util.matcher.AntPathRequestMatcher [http-nio-7777-exec-4] Request 'POST /user/addUser' doesn't match 'GET /logout'
2020-04-09 00:36:06,530 DEBUG org.springframework.security.web.util.matcher.OrRequestMatcher [http-nio-7777-exec-4] Trying to match using Ant [pattern='/logout', POST]
2020-04-09 00:36:06,530 DEBUG org.springframework.security.web.util.matcher.AntPathRequestMatcher [http-nio-7777-exec-4] Checking match of request : '/user/addUser'; against '/logout'
2020-04-09 00:36:06,531 DEBUG org.springframework.security.web.util.matcher.OrRequestMatcher [http-nio-7777-exec-4] Trying to match using Ant [pattern='/logout', PUT]
2020-04-09 00:36:06,531 DEBUG org.springframework.security.web.util.matcher.AntPathRequestMatcher [http-nio-7777-exec-4] Request 'POST /user/addUser' doesn't match 'PUT /logout'
2020-04-09 00:36:06,531 DEBUG org.springframework.security.web.util.matcher.OrRequestMatcher [http-nio-7777-exec-4] Trying to match using Ant [pattern='/logout', DELETE]
2020-04-09 00:36:06,532 DEBUG org.springframework.security.web.util.matcher.AntPathRequestMatcher [http-nio-7777-exec-4] Request 'POST /user/addUser' doesn't match 'DELETE /logout'
2020-04-09 00:36:06,532 DEBUG org.springframework.security.web.util.matcher.OrRequestMatcher [http-nio-7777-exec-4] No matches found
2020-04-09 00:36:06,533 DEBUG org.springframework.security.web.FilterChainProxy$VirtualFilterChain [http-nio-7777-exec-4] /user/addUser at position 6 of 12 in additional filter chain; firing Filter: 'JWTAuthenticationFilter'
2020-04-09 00:36:06,533 WARN com.skiya.sportzplatform.security.JWTAuthenticationFilter [http-nio-7777-exec-4] couldn't find bearer string, will ignore the header
2020-04-09 00:36:06,534 DEBUG org.springframework.security.web.FilterChainProxy$VirtualFilterChain [http-nio-7777-exec-4] /user/addUser at position 7 of 12 in additional filter chain; firing Filter: 'RequestCacheAwareFilter'
2020-04-09 00:36:06,534 DEBUG org.springframework.security.web.savedrequest.HttpSessionRequestCache [http-nio-7777-exec-4] saved request doesn't match
2020-04-09 00:36:06,535 DEBUG org.springframework.security.web.FilterChainProxy$VirtualFilterChain [http-nio-7777-exec-4] /user/addUser at position 8 of 12 in additional filter chain; firing Filter: 'SecurityContextHolderAwareRequestFilter'
2020-04-09 00:36:06,535 DEBUG org.springframework.security.web.FilterChainProxy$VirtualFilterChain [http-nio-7777-exec-4] /user/addUser at position 9 of 12 in additional filter chain; firing Filter: 'AnonymousAuthenticationFilter'
2020-04-09 00:36:06,536 DEBUG org.springframework.security.web.authentication.AnonymousAuthenticationFilter [http-nio-7777-exec-4] Populated SecurityContextHolder with anonymous token: 'org.springframework.security.authentication.AnonymousAuthenticationToken@cfe08b1b: Principal: anonymousUser; Credentials: [PROTECTED]; Authenticated: true; Details: org.springframework.security.web.authentication.WebAuthenticationDetails@b364: RemoteIpAddress: 0:0:0:0:0:0:0:1; SessionId: null; Granted Authorities: ROLE_ANONYMOUS'
2020-04-09 00:36:06,536 DEBUG org.springframework.security.web.FilterChainProxy$VirtualFilterChain [http-nio-7777-exec-4] /user/addUser at position 10 of 12 in additional filter chain; firing Filter: 'SessionManagementFilter'
2020-04-09 00:36:06,536 DEBUG org.springframework.security.web.FilterChainProxy$VirtualFilterChain [http-nio-7777-exec-4] /user/addUser at position 11 of 12 in additional filter chain; firing Filter: 'ExceptionTranslationFilter'
2020-04-09 00:36:06,537 DEBUG org.springframework.security.web.FilterChainProxy$VirtualFilterChain [http-nio-7777-exec-4] /user/addUser at position 12 of 12 in additional filter chain; firing Filter: 'FilterSecurityInterceptor'
2020-04-09 00:36:06,537 DEBUG org.springframework.security.access.intercept.AbstractSecurityInterceptor [http-nio-7777-exec-4] Secure object: FilterInvocation: URL: /user/addUser; Attributes: [permitAll]
2020-04-09 00:36:06,538 DEBUG org.springframework.security.access.intercept.AbstractSecurityInterceptor [http-nio-7777-exec-4] Previously Authenticated: org.springframework.security.authentication.AnonymousAuthenticationToken@cfe08b1b: Principal: anonymousUser; Credentials: [PROTECTED]; Authenticated: true; Details: org.springframework.security.web.authentication.WebAuthenticationDetails@b364: RemoteIpAddress: 0:0:0:0:0:0:0:1; SessionId: null; Granted Authorities: ROLE_ANONYMOUS
2020-04-09 00:36:06,539 DEBUG org.springframework.security.access.vote.AffirmativeBased [http-nio-7777-exec-4] Voter: org.springframework.security.web.access.expression.WebExpressionVoter@cc71c922, returned: 1
2020-04-09 00:36:06,540 DEBUG org.springframework.security.access.intercept.AbstractSecurityInterceptor [http-nio-7777-exec-4] Authorization successful
2020-04-09 00:36:06,540 DEBUG org.springframework.security.access.intercept.AbstractSecurityInterceptor [http-nio-7777-exec-4] RunAsManager did not change Authentication object
2020-04-09 00:36:06,540 DEBUG org.springframework.security.web.FilterChainProxy$VirtualFilterChain [http-nio-7777-exec-4] /user/addUser reached end of additional filter chain; proceeding with original chain
2020-04-09 00:36:06,541 DEBUG org.springframework.core.log.LogFormatUtils [http-nio-7777-exec-4] POST "/user/addUser", parameters={}
2020-04-09 00:36:06,542 DEBUG org.springframework.web.servlet.handler.AbstractHandlerMapping [http-nio-7777-exec-4] Mapped to com.skiya.sportzplatform.web.rest.UserResource#addUser(User, HttpServletRequest)
2020-04-09 00:36:06,543 DEBUG org.springframework.core.log.LogFormatUtils [http-nio-7777-exec-4] Read "application/json;charset=UTF-8" to [User [Hash = -29228752, userId=null, firstName=Razi, lastName=Mathilakath, middleName=null, userProf (truncated)...]
2020-04-09 00:36:06,544 DEBUG com.skiya.sportzplatform.web.rest.UserResource [http-nio-7777-exec-4] User Details...User [Hash = -29228752, userId=null, firstName=Razi, lastName=Mathilakath, middleName=null, userProfileImg=null, userEmail=razi.mathilakath1@gmail.com, userPhone=87787711, userPassword=lmsuser3, lastLoginDate=null, providerId=null, userStatus=null, resetToken=null]
2020-04-09 00:36:06,544 DEBUG org.springframework.jdbc.datasource.DataSourceUtils [http-nio-7777-exec-4] Fetching JDBC Connection from DataSource
2020-04-09 00:36:06,545 DEBUG org.apache.ibatis.logging.jdbc.BaseJdbcLogger [http-nio-7777-exec-4] ==>  Preparing: select user_id, first_name, last_name, middle_name, user_profile_img, user_email, user_phone, user_password, last_login_date, provider_id, user_status, reset_token from sportzplatform.user where user_email = ? 
2020-04-09 00:36:06,546 DEBUG org.apache.ibatis.logging.jdbc.BaseJdbcLogger [http-nio-7777-exec-4] ==> Parameters: razi.mathilakath1@gmail.com(String)
2020-04-09 00:36:06,547 DEBUG org.apache.ibatis.logging.jdbc.BaseJdbcLogger [http-nio-7777-exec-4] <==      Total: 0
2020-04-09 00:36:06,548 DEBUG com.skiya.sportzplatform.web.rest.UserResource [http-nio-7777-exec-4] Test url...http://localhost
2020-04-09 00:36:06,548 DEBUG org.springframework.transaction.support.AbstractPlatformTransactionManager [http-nio-7777-exec-4] Creating new transaction with name [com.skiya.sportzplatform.service.UserService.addUser]: PROPAGATION_REQUIRED,ISOLATION_DEFAULT
2020-04-09 00:36:06,548 DEBUG org.springframework.jdbc.datasource.DataSourceTransactionManager [http-nio-7777-exec-4] Acquired Connection [HikariProxyConnection@96939703 wrapping org.postgresql.jdbc.PgConnection@414465a9] for JDBC transaction
2020-04-09 00:36:06,549 DEBUG org.springframework.jdbc.datasource.DataSourceTransactionManager [http-nio-7777-exec-4] Switching JDBC Connection [HikariProxyConnection@96939703 wrapping org.postgresql.jdbc.PgConnection@414465a9] to manual commit
2020-04-09 00:36:06,617 DEBUG com.skiya.sportzplatform.aop.AuditInterceptor [http-nio-7777-exec-4] Hello from Interceptor...update
2020-04-09 00:36:06,618 DEBUG org.apache.ibatis.logging.jdbc.BaseJdbcLogger [http-nio-7777-exec-4] ==>  Preparing: insert into sportzplatform.user (first_name, last_name, middle_name, user_profile_img, user_email, user_phone, user_password, last_login_date, provider_id, user_status, reset_token) values (?, ?, ?, ?, ?, ?, ?, ?, ?, ?, ?) 
2020-04-09 00:36:06,619 DEBUG org.apache.ibatis.logging.jdbc.BaseJdbcLogger [http-nio-7777-exec-4] ==> Parameters: Razi(String), Mathilakath(String), null, null, razi.mathilakath1@gmail.com(String), 87787711(String), $2a$10$zbgZS6iwob.CaYy9G8W/L.OpBlrNNwg.wB/JVjbSvkcne1n.IHNc2(String), null, null, IN(String), null
2020-04-09 00:36:06,621 DEBUG org.apache.ibatis.logging.jdbc.BaseJdbcLogger [http-nio-7777-exec-4] <==    Updates: 1
2020-04-09 00:36:06,622 DEBUG com.skiya.sportzplatform.service.UserService [http-nio-7777-exec-4] Insert Successful...
2020-04-09 00:36:06,623 DEBUG org.springframework.transaction.support.AbstractPlatformTransactionManager [http-nio-7777-exec-4] Initiating transaction commit
2020-04-09 00:36:06,623 DEBUG org.springframework.jdbc.datasource.DataSourceTransactionManager [http-nio-7777-exec-4] Committing JDBC transaction on Connection [HikariProxyConnection@96939703 wrapping org.postgresql.jdbc.PgConnection@414465a9]
2020-04-09 00:36:06,625 DEBUG org.springframework.jdbc.datasource.DataSourceTransactionManager [http-nio-7777-exec-4] Releasing JDBC Connection [HikariProxyConnection@96939703 wrapping org.postgresql.jdbc.PgConnection@414465a9] after transaction
2020-04-09 00:36:06,625 DEBUG com.skiya.sportzplatform.aop.AuditInterceptor [http-nio-7777-exec-4] Hello from Interceptor...update
2020-04-09 00:36:06,626 DEBUG org.springframework.jdbc.datasource.DataSourceUtils [http-nio-7777-exec-4] Fetching JDBC Connection from DataSource
2020-04-09 00:36:06,626 DEBUG org.apache.ibatis.logging.jdbc.BaseJdbcLogger [http-nio-7777-exec-4] ==>  Preparing: update sportzplatform.user set first_name = ?, last_name = ?, middle_name = ?, user_profile_img = ?, user_email = ?, user_phone = ?, user_password = ?, last_login_date = ?, provider_id = ?, user_status = ?, reset_token = ? where user_id = ? 
2020-04-09 00:36:06,627 DEBUG org.apache.ibatis.logging.jdbc.BaseJdbcLogger [http-nio-7777-exec-4] ==> Parameters: Razi(String), Mathilakath(String), null, null, razi.mathilakath1@gmail.com(String), 87787711(String), $2a$10$zbgZS6iwob.CaYy9G8W/L.OpBlrNNwg.wB/JVjbSvkcne1n.IHNc2(String), null, null, IN(String), 33fbb3ba-daff-4944-a941-ef80d8bc0aa7(String), 6(Integer)
2020-04-09 00:36:06,628 DEBUG org.apache.ibatis.logging.jdbc.BaseJdbcLogger [http-nio-7777-exec-4] <==    Updates: 1
2020-04-09 00:36:06,629 DEBUG com.skiya.sportzplatform.service.UserService [http-nio-7777-exec-4] User Created successfully with token...
2020-04-09 00:36:06,629 DEBUG com.skiya.sportzplatform.common.EmailUtil [http-nio-7777-exec-4] Send API KeySG.Mx-Ar5CjSiy3LkNeZoBf_g.zxeAGj1-otza-j7EamGTkBVsc5aQE60o6mH20tLOHo8
2020-04-09 00:36:06,908 DEBUG com.skiya.sportzplatform.common.EmailUtil [http-nio-7777-exec-4] 202
2020-04-09 00:36:06,909 DEBUG com.skiya.sportzplatform.common.EmailUtil [http-nio-7777-exec-4] 
2020-04-09 00:36:06,909 DEBUG com.skiya.sportzplatform.common.EmailUtil [http-nio-7777-exec-4] {Server=nginx, Access-Control-Allow-Origin=https://sendgrid.api-docs.io, Access-Control-Allow-Methods=POST, Connection=keep-alive, X-Message-Id=wJrWu5saQSe7qYm2zMHJ_A, X-No-CORS-Reason=https://sendgrid.com/docs/Classroom/Basics/API/cors.html, Content-Length=0, Access-Control-Max-Age=600, Date=Wed, 08 Apr 2020 16:36:05 GMT, Access-Control-Allow-Headers=Authorization, Content-Type, On-behalf-of, x-sg-elas-acl}
2020-04-09 00:36:06,910 DEBUG org.springframework.web.servlet.mvc.method.annotation.AbstractMessageConverterMethodProcessor [http-nio-7777-exec-4] Using 'application/json', given [*/*] and supported [application/json, application/*+json, application/json, application/*+json]
2020-04-09 00:36:06,911 DEBUG org.springframework.core.log.LogFormatUtils [http-nio-7777-exec-4] Writing [com.skiya.sportzplatform.dto.RestResponse@f916d437]
2020-04-09 00:36:06,911 DEBUG org.springframework.security.web.header.writers.HstsHeaderWriter [http-nio-7777-exec-4] Not injecting HSTS header since it did not match the requestMatcher org.springframework.security.web.header.writers.HstsHeaderWriter$SecureRequestMatcher@b8df9850
2020-04-09 00:36:06,912 DEBUG org.springframework.security.web.context.HttpSessionSecurityContextRepository$SaveToSessionResponseWrapper [http-nio-7777-exec-4] SecurityContext is empty or contents are anonymous - context will not be stored in HttpSession.
2020-04-09 00:36:06,913 DEBUG org.springframework.web.servlet.FrameworkServlet [http-nio-7777-exec-4] Completed 200 OK
2020-04-09 00:36:06,914 DEBUG org.springframework.security.web.access.ExceptionTranslationFilter [http-nio-7777-exec-4] Chain processed normally
2020-04-09 00:36:06,914 DEBUG org.springframework.security.web.context.SecurityContextPersistenceFilter [http-nio-7777-exec-4] SecurityContextHolder now cleared, as request processing completed
2020-04-09 01:07:12,238 INFO org.springframework.boot.admin.SpringApplicationAdminMXBeanRegistrar$SpringApplicationAdmin [RMI TCP Connection(3)-127.0.0.1] Application shutdown requested.
2020-04-09 01:07:12,239 DEBUG org.springframework.context.support.AbstractApplicationContext [RMI TCP Connection(3)-127.0.0.1] Closing org.springframework.boot.web.servlet.context.AnnotationConfigServletWebServerApplicationContext@2a254ba5, started on Thu Apr 09 00:34:27 SGT 2020
2020-04-09 01:07:12,240 DEBUG org.springframework.context.support.DefaultLifecycleProcessor$LifecycleGroup [RMI TCP Connection(3)-127.0.0.1] Stopping beans in phase 2147483647
2020-04-09 01:07:12,241 DEBUG org.springframework.context.support.DefaultLifecycleProcessor [RMI TCP Connection(3)-127.0.0.1] Bean 'documentationPluginsBootstrapper' completed its stop procedure
2020-04-09 01:07:12,241 DEBUG org.springframework.boot.actuate.endpoint.jmx.JmxEndpointExporter [RMI TCP Connection(3)-127.0.0.1] Unregister endpoint with ObjectName 'org.springframework.boot:type=Endpoint,name=Beans' from the JMX domain
2020-04-09 01:07:12,242 DEBUG org.springframework.boot.actuate.endpoint.jmx.JmxEndpointExporter [RMI TCP Connection(3)-127.0.0.1] Unregister endpoint with ObjectName 'org.springframework.boot:type=Endpoint,name=Caches' from the JMX domain
2020-04-09 01:07:12,242 DEBUG org.springframework.boot.actuate.endpoint.jmx.JmxEndpointExporter [RMI TCP Connection(3)-127.0.0.1] Unregister endpoint with ObjectName 'org.springframework.boot:type=Endpoint,name=Health' from the JMX domain
2020-04-09 01:07:12,242 DEBUG org.springframework.boot.actuate.endpoint.jmx.JmxEndpointExporter [RMI TCP Connection(3)-127.0.0.1] Unregister endpoint with ObjectName 'org.springframework.boot:type=Endpoint,name=Info' from the JMX domain
2020-04-09 01:07:12,243 DEBUG org.springframework.boot.actuate.endpoint.jmx.JmxEndpointExporter [RMI TCP Connection(3)-127.0.0.1] Unregister endpoint with ObjectName 'org.springframework.boot:type=Endpoint,name=Conditions' from the JMX domain
2020-04-09 01:07:12,243 DEBUG org.springframework.boot.actuate.endpoint.jmx.JmxEndpointExporter [RMI TCP Connection(3)-127.0.0.1] Unregister endpoint with ObjectName 'org.springframework.boot:type=Endpoint,name=Configprops' from the JMX domain
2020-04-09 01:07:12,243 DEBUG org.springframework.boot.actuate.endpoint.jmx.JmxEndpointExporter [RMI TCP Connection(3)-127.0.0.1] Unregister endpoint with ObjectName 'org.springframework.boot:type=Endpoint,name=Env' from the JMX domain
2020-04-09 01:07:12,243 DEBUG org.springframework.boot.actuate.endpoint.jmx.JmxEndpointExporter [RMI TCP Connection(3)-127.0.0.1] Unregister endpoint with ObjectName 'org.springframework.boot:type=Endpoint,name=Loggers' from the JMX domain
2020-04-09 01:07:12,244 DEBUG org.springframework.boot.actuate.endpoint.jmx.JmxEndpointExporter [RMI TCP Connection(3)-127.0.0.1] Unregister endpoint with ObjectName 'org.springframework.boot:type=Endpoint,name=Threaddump' from the JMX domain
2020-04-09 01:07:12,244 DEBUG org.springframework.boot.actuate.endpoint.jmx.JmxEndpointExporter [RMI TCP Connection(3)-127.0.0.1] Unregister endpoint with ObjectName 'org.springframework.boot:type=Endpoint,name=Metrics' from the JMX domain
2020-04-09 01:07:12,244 DEBUG org.springframework.boot.actuate.endpoint.jmx.JmxEndpointExporter [RMI TCP Connection(3)-127.0.0.1] Unregister endpoint with ObjectName 'org.springframework.boot:type=Endpoint,name=Scheduledtasks' from the JMX domain
2020-04-09 01:07:12,244 DEBUG org.springframework.boot.actuate.endpoint.jmx.JmxEndpointExporter [RMI TCP Connection(3)-127.0.0.1] Unregister endpoint with ObjectName 'org.springframework.boot:type=Endpoint,name=Mappings' from the JMX domain
2020-04-09 01:07:12,245 DEBUG org.springframework.jmx.export.MBeanExporter [RMI TCP Connection(3)-127.0.0.1] Unregistering JMX-exposed beans on shutdown
2020-04-09 01:07:12,245 DEBUG org.springframework.jmx.support.MBeanRegistrationSupport [RMI TCP Connection(3)-127.0.0.1] Unregistering JMX-exposed beans
2020-04-09 01:07:12,245 INFO org.springframework.scheduling.concurrent.ExecutorConfigurationSupport [RMI TCP Connection(3)-127.0.0.1] Shutting down ExecutorService 'applicationTaskExecutor'
2020-04-09 01:07:12,260 INFO com.zaxxer.hikari.HikariDataSource [RMI TCP Connection(3)-127.0.0.1] HikariPool-3 - Shutdown initiated...
2020-04-09 01:07:12,262 INFO com.zaxxer.hikari.HikariDataSource [RMI TCP Connection(3)-127.0.0.1] HikariPool-3 - Shutdown completed.
