2020-04-20 12:28:48,631 INFO org.apache.juli.logging.DirectJDKLog [http-nio-7777-exec-2] Initializing Spring DispatcherServlet 'dispatcherServlet'
2020-04-20 12:28:48,632 INFO org.springframework.web.servlet.FrameworkServlet [http-nio-7777-exec-2] Initializing Servlet 'dispatcherServlet'
2020-04-20 12:28:48,632 DEBUG org.springframework.web.servlet.DispatcherServlet [http-nio-7777-exec-2] Detected StandardServletMultipartResolver
2020-04-20 12:28:48,635 DEBUG org.springframework.web.servlet.FrameworkServlet [http-nio-7777-exec-2] enableLoggingRequestDetails='false': request parameters and headers will be masked to prevent unsafe logging of potentially sensitive data
2020-04-20 12:28:48,636 INFO org.springframework.web.servlet.FrameworkServlet [http-nio-7777-exec-2] Completed initialization in 4 ms
2020-04-20 12:28:48,637 DEBUG org.springframework.security.web.FilterChainProxy$VirtualFilterChain [http-nio-7777-exec-2] /user/addUser at position 1 of 12 in additional filter chain; firing Filter: 'WebAsyncManagerIntegrationFilter'
2020-04-20 12:28:48,637 DEBUG org.springframework.security.web.FilterChainProxy$VirtualFilterChain [http-nio-7777-exec-2] /user/addUser at position 2 of 12 in additional filter chain; firing Filter: 'SecurityContextPersistenceFilter'
2020-04-20 12:28:48,638 DEBUG org.springframework.security.web.context.HttpSessionSecurityContextRepository [http-nio-7777-exec-2] No HttpSession currently exists
2020-04-20 12:28:48,639 DEBUG org.springframework.security.web.context.HttpSessionSecurityContextRepository [http-nio-7777-exec-2] No SecurityContext was available from the HttpSession: null. A new one will be created.
2020-04-20 12:28:48,639 DEBUG org.springframework.security.web.FilterChainProxy$VirtualFilterChain [http-nio-7777-exec-2] /user/addUser at position 3 of 12 in additional filter chain; firing Filter: 'HeaderWriterFilter'
2020-04-20 12:28:48,639 DEBUG org.springframework.security.web.FilterChainProxy$VirtualFilterChain [http-nio-7777-exec-2] /user/addUser at position 4 of 12 in additional filter chain; firing Filter: 'CorsFilter'
2020-04-20 12:28:48,641 DEBUG org.springframework.web.servlet.handler.AbstractHandlerMapping [http-nio-7777-exec-2] Mapped to com.skiya.sportzplatform.web.rest.UserResource#addUser(User, HttpServletRequest)
2020-04-20 12:28:48,643 DEBUG org.springframework.security.web.FilterChainProxy$VirtualFilterChain [http-nio-7777-exec-2] /user/addUser at position 5 of 12 in additional filter chain; firing Filter: 'LogoutFilter'
2020-04-20 12:28:48,643 DEBUG org.springframework.security.web.util.matcher.OrRequestMatcher [http-nio-7777-exec-2] Trying to match using Ant [pattern='/logout', GET]
2020-04-20 12:28:48,644 DEBUG org.springframework.security.web.util.matcher.AntPathRequestMatcher [http-nio-7777-exec-2] Request 'POST /user/addUser' doesn't match 'GET /logout'
2020-04-20 12:28:48,645 DEBUG org.springframework.security.web.util.matcher.OrRequestMatcher [http-nio-7777-exec-2] Trying to match using Ant [pattern='/logout', POST]
2020-04-20 12:28:48,645 DEBUG org.springframework.security.web.util.matcher.AntPathRequestMatcher [http-nio-7777-exec-2] Checking match of request : '/user/addUser'; against '/logout'
2020-04-20 12:28:48,646 DEBUG org.springframework.security.web.util.matcher.OrRequestMatcher [http-nio-7777-exec-2] Trying to match using Ant [pattern='/logout', PUT]
2020-04-20 12:28:48,646 DEBUG org.springframework.security.web.util.matcher.AntPathRequestMatcher [http-nio-7777-exec-2] Request 'POST /user/addUser' doesn't match 'PUT /logout'
2020-04-20 12:28:48,647 DEBUG org.springframework.security.web.util.matcher.OrRequestMatcher [http-nio-7777-exec-2] Trying to match using Ant [pattern='/logout', DELETE]
2020-04-20 12:28:48,647 DEBUG org.springframework.security.web.util.matcher.AntPathRequestMatcher [http-nio-7777-exec-2] Request 'POST /user/addUser' doesn't match 'DELETE /logout'
2020-04-20 12:28:48,647 DEBUG org.springframework.security.web.util.matcher.OrRequestMatcher [http-nio-7777-exec-2] No matches found
2020-04-20 12:28:48,647 DEBUG org.springframework.security.web.FilterChainProxy$VirtualFilterChain [http-nio-7777-exec-2] /user/addUser at position 6 of 12 in additional filter chain; firing Filter: 'JWTAuthenticationFilter'
2020-04-20 12:28:48,647 WARN com.skiya.sportzplatform.security.JWTAuthenticationFilter [http-nio-7777-exec-2] couldn't find bearer string, will ignore the header
2020-04-20 12:28:48,649 DEBUG org.springframework.security.web.FilterChainProxy$VirtualFilterChain [http-nio-7777-exec-2] /user/addUser at position 7 of 12 in additional filter chain; firing Filter: 'RequestCacheAwareFilter'
2020-04-20 12:28:48,649 DEBUG org.springframework.security.web.savedrequest.HttpSessionRequestCache [http-nio-7777-exec-2] saved request doesn't match
2020-04-20 12:28:48,650 DEBUG org.springframework.security.web.FilterChainProxy$VirtualFilterChain [http-nio-7777-exec-2] /user/addUser at position 8 of 12 in additional filter chain; firing Filter: 'SecurityContextHolderAwareRequestFilter'
2020-04-20 12:28:48,650 DEBUG org.springframework.security.web.FilterChainProxy$VirtualFilterChain [http-nio-7777-exec-2] /user/addUser at position 9 of 12 in additional filter chain; firing Filter: 'AnonymousAuthenticationFilter'
2020-04-20 12:28:48,650 DEBUG org.springframework.security.web.authentication.AnonymousAuthenticationFilter [http-nio-7777-exec-2] Populated SecurityContextHolder with anonymous token: 'org.springframework.security.authentication.AnonymousAuthenticationToken@febdbe67: Principal: anonymousUser; Credentials: [PROTECTED]; Authenticated: true; Details: org.springframework.security.web.authentication.WebAuthenticationDetails@b364: RemoteIpAddress: 0:0:0:0:0:0:0:1; SessionId: null; Granted Authorities: ROLE_ANONYMOUS'
2020-04-20 12:28:48,650 DEBUG org.springframework.security.web.FilterChainProxy$VirtualFilterChain [http-nio-7777-exec-2] /user/addUser at position 10 of 12 in additional filter chain; firing Filter: 'SessionManagementFilter'
2020-04-20 12:28:48,650 DEBUG org.springframework.security.web.FilterChainProxy$VirtualFilterChain [http-nio-7777-exec-2] /user/addUser at position 11 of 12 in additional filter chain; firing Filter: 'ExceptionTranslationFilter'
2020-04-20 12:28:48,651 DEBUG org.springframework.security.web.FilterChainProxy$VirtualFilterChain [http-nio-7777-exec-2] /user/addUser at position 12 of 12 in additional filter chain; firing Filter: 'FilterSecurityInterceptor'
2020-04-20 12:28:48,659 DEBUG org.springframework.security.access.intercept.AbstractSecurityInterceptor [http-nio-7777-exec-2] Secure object: FilterInvocation: URL: /user/addUser; Attributes: [permitAll]
2020-04-20 12:28:48,659 DEBUG org.springframework.security.access.intercept.AbstractSecurityInterceptor [http-nio-7777-exec-2] Previously Authenticated: org.springframework.security.authentication.AnonymousAuthenticationToken@febdbe67: Principal: anonymousUser; Credentials: [PROTECTED]; Authenticated: true; Details: org.springframework.security.web.authentication.WebAuthenticationDetails@b364: RemoteIpAddress: 0:0:0:0:0:0:0:1; SessionId: null; Granted Authorities: ROLE_ANONYMOUS
2020-04-20 12:28:48,664 DEBUG org.springframework.security.access.vote.AffirmativeBased [http-nio-7777-exec-2] Voter: org.springframework.security.web.access.expression.WebExpressionVoter@8c5ee8b6, returned: 1
2020-04-20 12:28:48,664 DEBUG org.springframework.security.access.intercept.AbstractSecurityInterceptor [http-nio-7777-exec-2] Authorization successful
2020-04-20 12:28:48,664 DEBUG org.springframework.security.access.intercept.AbstractSecurityInterceptor [http-nio-7777-exec-2] RunAsManager did not change Authentication object
2020-04-20 12:28:48,664 DEBUG org.springframework.security.web.FilterChainProxy$VirtualFilterChain [http-nio-7777-exec-2] /user/addUser reached end of additional filter chain; proceeding with original chain
2020-04-20 12:28:48,664 DEBUG org.springframework.core.log.LogFormatUtils [http-nio-7777-exec-2] POST "/user/addUser", parameters={}
2020-04-20 12:28:48,664 DEBUG org.springframework.web.servlet.handler.AbstractHandlerMapping [http-nio-7777-exec-2] Mapped to com.skiya.sportzplatform.web.rest.UserResource#addUser(User, HttpServletRequest)
2020-04-20 12:28:48,675 DEBUG org.springframework.core.log.LogFormatUtils [http-nio-7777-exec-2] Read "application/json;charset=UTF-8" to [User [Hash = 1602414982, userId=null, firstName=Siva, lastName=Sankaran, middleName=null, userProfil (truncated)...]
2020-04-20 12:28:48,676 DEBUG com.skiya.sportzplatform.web.rest.UserResource [http-nio-7777-exec-2] User Details...User [Hash = 1602414982, userId=null, firstName=Siva, lastName=Sankaran, middleName=null, userProfileImg=null, userEmail=siva77@gmail.com, userPhone=87778666, userWebsite=null, userPassword=lmsuser3, userDesc=null, lastLoginDate=null, providerId=null, userStatus=null, resetToken=null, alternateName=null, userImg=null, userDob=null, userPassportNric=null, userNationality=null, userEthinicity=null, userSocialRefid=null, userAddressRefid=null]
2020-04-20 12:28:48,706 DEBUG org.springframework.jdbc.datasource.DataSourceUtils [http-nio-7777-exec-2] Fetching JDBC Connection from DataSource
2020-04-20 12:28:48,706 INFO com.zaxxer.hikari.HikariDataSource [http-nio-7777-exec-2] HikariPool-2 - Starting...
2020-04-20 12:28:48,738 INFO com.zaxxer.hikari.HikariDataSource [http-nio-7777-exec-2] HikariPool-2 - Start completed.
2020-04-20 12:28:48,739 DEBUG org.apache.ibatis.logging.jdbc.BaseJdbcLogger [http-nio-7777-exec-2] ==>  Preparing: select user_id, first_name, last_name, middle_name, user_profile_img, user_email, user_phone, user_password, last_login_date, provider_id, user_status, reset_token, alternate_name, user_img, user_dob, user_passport_nric, user_nationality, user_ethinicity, user_social_refid, user_address_refid from sportzplatform.user where user_email = ? 
2020-04-20 12:28:48,740 DEBUG org.apache.ibatis.logging.jdbc.BaseJdbcLogger [http-nio-7777-exec-2] ==> Parameters: siva77@gmail.com(String)
2020-04-20 12:28:48,744 DEBUG org.apache.ibatis.logging.jdbc.BaseJdbcLogger [http-nio-7777-exec-2] <==      Total: 0
2020-04-20 12:28:48,745 DEBUG com.skiya.sportzplatform.web.rest.UserResource [http-nio-7777-exec-2] Test url...http://localhost
2020-04-20 12:28:48,752 DEBUG org.springframework.transaction.support.AbstractPlatformTransactionManager [http-nio-7777-exec-2] Creating new transaction with name [com.skiya.sportzplatform.service.UserService.addUser]: PROPAGATION_REQUIRED,ISOLATION_DEFAULT
2020-04-20 12:28:48,752 DEBUG org.springframework.jdbc.datasource.DataSourceTransactionManager [http-nio-7777-exec-2] Acquired Connection [HikariProxyConnection@459208171 wrapping org.postgresql.jdbc.PgConnection@40cd5e9b] for JDBC transaction
2020-04-20 12:28:48,760 DEBUG org.springframework.jdbc.datasource.DataSourceTransactionManager [http-nio-7777-exec-2] Switching JDBC Connection [HikariProxyConnection@459208171 wrapping org.postgresql.jdbc.PgConnection@40cd5e9b] to manual commit
2020-04-20 12:28:48,970 DEBUG com.skiya.sportzplatform.aop.AuditInterceptor [http-nio-7777-exec-2] Hello from Interceptor...update
2020-04-20 12:28:48,971 DEBUG org.apache.ibatis.logging.jdbc.BaseJdbcLogger [http-nio-7777-exec-2] ==>  Preparing: insert into sportzplatform.user (first_name, last_name, middle_name, user_profile_img, user_email, user_phone, user_password, last_login_date, provider_id, user_status, reset_token, alternate_name, user_img, user_dob, user_passport_nric, user_nationality, user_ethinicity, user_social_refid, user_address_refid) values (?, ?, ?, ?, ?, ?, ?, ?, ?, ?, ?,?, ?, ?, ?, ?, ?, ?, ?) 
2020-04-20 12:28:48,974 DEBUG org.apache.ibatis.logging.jdbc.BaseJdbcLogger [http-nio-7777-exec-2] ==> Parameters: Siva(String), Sankaran(String), null, null, siva77@gmail.com(String), 87778666(String), $2a$10$T5ZNV9beXmv0pDLxJvmQ.OOKzifEOLk2W1XQAMCD551wvsstH2fVC(String), null, null, IN(String), null, null, null, null, null, null, null, null, null
2020-04-20 12:28:48,978 DEBUG org.apache.ibatis.logging.jdbc.BaseJdbcLogger [http-nio-7777-exec-2] <==    Updates: 1
2020-04-20 12:28:48,982 DEBUG org.springframework.transaction.support.AbstractPlatformTransactionManager [http-nio-7777-exec-2] Initiating transaction commit
2020-04-20 12:28:48,983 DEBUG org.springframework.jdbc.datasource.DataSourceTransactionManager [http-nio-7777-exec-2] Committing JDBC transaction on Connection [HikariProxyConnection@459208171 wrapping org.postgresql.jdbc.PgConnection@40cd5e9b]
2020-04-20 12:28:48,985 DEBUG org.springframework.jdbc.datasource.DataSourceTransactionManager [http-nio-7777-exec-2] Releasing JDBC Connection [HikariProxyConnection@459208171 wrapping org.postgresql.jdbc.PgConnection@40cd5e9b] after transaction
2020-04-20 12:28:48,986 DEBUG com.skiya.sportzplatform.aop.AuditInterceptor [http-nio-7777-exec-2] Hello from Interceptor...update
2020-04-20 12:28:48,987 DEBUG org.springframework.jdbc.datasource.DataSourceUtils [http-nio-7777-exec-2] Fetching JDBC Connection from DataSource
2020-04-20 12:28:48,988 DEBUG org.apache.ibatis.logging.jdbc.BaseJdbcLogger [http-nio-7777-exec-2] ==>  Preparing: update sportzplatform.user set first_name = ?, last_name = ?, middle_name = ?, user_profile_img = ?, user_email = ?, user_phone = ?, user_password = ?, last_login_date = ?, provider_id = ?, user_status = ?, reset_token = ?, alternate_name = ?, user_img = ?, user_dob = ?, user_passport_nric = ?, user_nationality = ?, user_ethinicity = ?, user_social_refid = ?, user_address_refid = ? where user_id = ? 
2020-04-20 12:28:48,992 DEBUG org.apache.ibatis.logging.jdbc.BaseJdbcLogger [http-nio-7777-exec-2] ==> Parameters: Siva(String), Sankaran(String), null, null, siva77@gmail.com(String), 87778666(String), $2a$10$T5ZNV9beXmv0pDLxJvmQ.OOKzifEOLk2W1XQAMCD551wvsstH2fVC(String), null, null, IN(String), 97c55410-838d-4a4e-9de0-3c6aa8ac2bdf(String), null, null, null, null, null, null, null, null, 1(Integer)
2020-04-20 12:28:48,994 DEBUG org.apache.ibatis.logging.jdbc.BaseJdbcLogger [http-nio-7777-exec-2] <==    Updates: 1
2020-04-20 12:28:48,995 DEBUG com.skiya.sportzplatform.service.UserService [http-nio-7777-exec-2] User Created successfully with token...
2020-04-20 12:28:48,998 DEBUG com.skiya.sportzplatform.common.EmailUtil [http-nio-7777-exec-2] Send API KeySG.z35yNMeuTYiH5t1li4qsPg.yi8-JHo10a4VnDCn-5YHEMOvDIZ9XhS5_fmF9KGvq1Y
2020-04-20 12:28:51,074 DEBUG com.skiya.sportzplatform.common.EmailUtil [http-nio-7777-exec-2] 202
2020-04-20 12:28:51,074 DEBUG com.skiya.sportzplatform.common.EmailUtil [http-nio-7777-exec-2] 
2020-04-20 12:28:51,075 DEBUG com.skiya.sportzplatform.common.EmailUtil [http-nio-7777-exec-2] {Server=nginx, Access-Control-Allow-Origin=https://sendgrid.api-docs.io, Access-Control-Allow-Methods=POST, Connection=keep-alive, X-Message-Id=TXzWGpi1QkukI9Ym0if8Qg, X-No-CORS-Reason=https://sendgrid.com/docs/Classroom/Basics/API/cors.html, Content-Length=0, Access-Control-Max-Age=600, Date=Mon, 20 Apr 2020 04:28:50 GMT, Access-Control-Allow-Headers=Authorization, Content-Type, On-behalf-of, x-sg-elas-acl}
2020-04-20 12:28:51,079 DEBUG org.springframework.web.servlet.mvc.method.annotation.AbstractMessageConverterMethodProcessor [http-nio-7777-exec-2] Using 'application/json', given [*/*] and supported [application/json, application/*+json, application/json, application/*+json]
2020-04-20 12:28:51,079 DEBUG org.springframework.core.log.LogFormatUtils [http-nio-7777-exec-2] Writing [com.skiya.sportzplatform.dto.RestResponse@f7491255]
2020-04-20 12:28:51,079 DEBUG org.springframework.security.web.header.writers.HstsHeaderWriter [http-nio-7777-exec-2] Not injecting HSTS header since it did not match the requestMatcher org.springframework.security.web.header.writers.HstsHeaderWriter$SecureRequestMatcher@217e453e
2020-04-20 12:28:51,084 DEBUG org.springframework.security.web.context.HttpSessionSecurityContextRepository$SaveToSessionResponseWrapper [http-nio-7777-exec-2] SecurityContext is empty or contents are anonymous - context will not be stored in HttpSession.
2020-04-20 12:28:51,084 DEBUG org.springframework.web.servlet.FrameworkServlet [http-nio-7777-exec-2] Completed 200 OK
2020-04-20 12:28:51,087 DEBUG org.springframework.security.web.access.ExceptionTranslationFilter [http-nio-7777-exec-2] Chain processed normally
2020-04-20 12:28:51,088 DEBUG org.springframework.security.web.context.SecurityContextPersistenceFilter [http-nio-7777-exec-2] SecurityContextHolder now cleared, as request processing completed
2020-04-20 12:30:00,882 DEBUG org.springframework.security.web.FilterChainProxy$VirtualFilterChain [http-nio-7777-exec-5] /token/activateUser at position 1 of 12 in additional filter chain; firing Filter: 'WebAsyncManagerIntegrationFilter'
2020-04-20 12:30:00,883 DEBUG org.springframework.security.web.FilterChainProxy$VirtualFilterChain [http-nio-7777-exec-5] /token/activateUser at position 2 of 12 in additional filter chain; firing Filter: 'SecurityContextPersistenceFilter'
2020-04-20 12:30:00,883 DEBUG org.springframework.security.web.context.HttpSessionSecurityContextRepository [http-nio-7777-exec-5] No HttpSession currently exists
2020-04-20 12:30:00,884 DEBUG org.springframework.security.web.context.HttpSessionSecurityContextRepository [http-nio-7777-exec-5] No SecurityContext was available from the HttpSession: null. A new one will be created.
2020-04-20 12:30:00,884 DEBUG org.springframework.security.web.FilterChainProxy$VirtualFilterChain [http-nio-7777-exec-5] /token/activateUser at position 3 of 12 in additional filter chain; firing Filter: 'HeaderWriterFilter'
2020-04-20 12:30:00,884 DEBUG org.springframework.security.web.FilterChainProxy$VirtualFilterChain [http-nio-7777-exec-5] /token/activateUser at position 4 of 12 in additional filter chain; firing Filter: 'CorsFilter'
2020-04-20 12:30:00,885 DEBUG org.springframework.web.servlet.handler.AbstractHandlerMapping [http-nio-7777-exec-5] Mapped to com.skiya.sportzplatform.web.rest.AuthenticationResource#activateUser(LoginUser)
2020-04-20 12:30:00,886 DEBUG org.springframework.security.web.FilterChainProxy$VirtualFilterChain [http-nio-7777-exec-5] /token/activateUser at position 5 of 12 in additional filter chain; firing Filter: 'LogoutFilter'
2020-04-20 12:30:00,886 DEBUG org.springframework.security.web.util.matcher.OrRequestMatcher [http-nio-7777-exec-5] Trying to match using Ant [pattern='/logout', GET]
2020-04-20 12:30:00,886 DEBUG org.springframework.security.web.util.matcher.AntPathRequestMatcher [http-nio-7777-exec-5] Request 'POST /token/activateUser' doesn't match 'GET /logout'
2020-04-20 12:30:00,886 DEBUG org.springframework.security.web.util.matcher.OrRequestMatcher [http-nio-7777-exec-5] Trying to match using Ant [pattern='/logout', POST]
2020-04-20 12:30:00,886 DEBUG org.springframework.security.web.util.matcher.AntPathRequestMatcher [http-nio-7777-exec-5] Checking match of request : '/token/activateUser'; against '/logout'
2020-04-20 12:30:00,886 DEBUG org.springframework.security.web.util.matcher.OrRequestMatcher [http-nio-7777-exec-5] Trying to match using Ant [pattern='/logout', PUT]
2020-04-20 12:30:00,886 DEBUG org.springframework.security.web.util.matcher.AntPathRequestMatcher [http-nio-7777-exec-5] Request 'POST /token/activateUser' doesn't match 'PUT /logout'
2020-04-20 12:30:00,887 DEBUG org.springframework.security.web.util.matcher.OrRequestMatcher [http-nio-7777-exec-5] Trying to match using Ant [pattern='/logout', DELETE]
2020-04-20 12:30:00,887 DEBUG org.springframework.security.web.util.matcher.AntPathRequestMatcher [http-nio-7777-exec-5] Request 'POST /token/activateUser' doesn't match 'DELETE /logout'
2020-04-20 12:30:00,887 DEBUG org.springframework.security.web.util.matcher.OrRequestMatcher [http-nio-7777-exec-5] No matches found
2020-04-20 12:30:00,887 DEBUG org.springframework.security.web.FilterChainProxy$VirtualFilterChain [http-nio-7777-exec-5] /token/activateUser at position 6 of 12 in additional filter chain; firing Filter: 'JWTAuthenticationFilter'
2020-04-20 12:30:00,887 WARN com.skiya.sportzplatform.security.JWTAuthenticationFilter [http-nio-7777-exec-5] couldn't find bearer string, will ignore the header
2020-04-20 12:30:00,888 DEBUG org.springframework.security.web.FilterChainProxy$VirtualFilterChain [http-nio-7777-exec-5] /token/activateUser at position 7 of 12 in additional filter chain; firing Filter: 'RequestCacheAwareFilter'
2020-04-20 12:30:00,888 DEBUG org.springframework.security.web.savedrequest.HttpSessionRequestCache [http-nio-7777-exec-5] saved request doesn't match
2020-04-20 12:30:00,888 DEBUG org.springframework.security.web.FilterChainProxy$VirtualFilterChain [http-nio-7777-exec-5] /token/activateUser at position 8 of 12 in additional filter chain; firing Filter: 'SecurityContextHolderAwareRequestFilter'
2020-04-20 12:30:00,888 DEBUG org.springframework.security.web.FilterChainProxy$VirtualFilterChain [http-nio-7777-exec-5] /token/activateUser at position 9 of 12 in additional filter chain; firing Filter: 'AnonymousAuthenticationFilter'
2020-04-20 12:30:00,889 DEBUG org.springframework.security.web.authentication.AnonymousAuthenticationFilter [http-nio-7777-exec-5] Populated SecurityContextHolder with anonymous token: 'org.springframework.security.authentication.AnonymousAuthenticationToken@febdbe67: Principal: anonymousUser; Credentials: [PROTECTED]; Authenticated: true; Details: org.springframework.security.web.authentication.WebAuthenticationDetails@b364: RemoteIpAddress: 0:0:0:0:0:0:0:1; SessionId: null; Granted Authorities: ROLE_ANONYMOUS'
2020-04-20 12:30:00,889 DEBUG org.springframework.security.web.FilterChainProxy$VirtualFilterChain [http-nio-7777-exec-5] /token/activateUser at position 10 of 12 in additional filter chain; firing Filter: 'SessionManagementFilter'
2020-04-20 12:30:00,889 DEBUG org.springframework.security.web.FilterChainProxy$VirtualFilterChain [http-nio-7777-exec-5] /token/activateUser at position 11 of 12 in additional filter chain; firing Filter: 'ExceptionTranslationFilter'
2020-04-20 12:30:00,890 DEBUG org.springframework.security.web.FilterChainProxy$VirtualFilterChain [http-nio-7777-exec-5] /token/activateUser at position 12 of 12 in additional filter chain; firing Filter: 'FilterSecurityInterceptor'
2020-04-20 12:30:00,890 DEBUG org.springframework.security.access.intercept.AbstractSecurityInterceptor [http-nio-7777-exec-5] Secure object: FilterInvocation: URL: /token/activateUser; Attributes: [permitAll]
2020-04-20 12:30:00,890 DEBUG org.springframework.security.access.intercept.AbstractSecurityInterceptor [http-nio-7777-exec-5] Previously Authenticated: org.springframework.security.authentication.AnonymousAuthenticationToken@febdbe67: Principal: anonymousUser; Credentials: [PROTECTED]; Authenticated: true; Details: org.springframework.security.web.authentication.WebAuthenticationDetails@b364: RemoteIpAddress: 0:0:0:0:0:0:0:1; SessionId: null; Granted Authorities: ROLE_ANONYMOUS
2020-04-20 12:30:00,891 DEBUG org.springframework.security.access.vote.AffirmativeBased [http-nio-7777-exec-5] Voter: org.springframework.security.web.access.expression.WebExpressionVoter@8c5ee8b6, returned: 1
2020-04-20 12:30:00,891 DEBUG org.springframework.security.access.intercept.AbstractSecurityInterceptor [http-nio-7777-exec-5] Authorization successful
2020-04-20 12:30:00,891 DEBUG org.springframework.security.access.intercept.AbstractSecurityInterceptor [http-nio-7777-exec-5] RunAsManager did not change Authentication object
2020-04-20 12:30:00,891 DEBUG org.springframework.security.web.FilterChainProxy$VirtualFilterChain [http-nio-7777-exec-5] /token/activateUser reached end of additional filter chain; proceeding with original chain
2020-04-20 12:30:00,892 DEBUG org.springframework.core.log.LogFormatUtils [http-nio-7777-exec-5] POST "/token/activateUser", parameters={}
2020-04-20 12:30:00,893 DEBUG org.springframework.web.servlet.handler.AbstractHandlerMapping [http-nio-7777-exec-5] Mapped to com.skiya.sportzplatform.web.rest.AuthenticationResource#activateUser(LoginUser)
2020-04-20 12:30:00,894 DEBUG org.springframework.core.log.LogFormatUtils [http-nio-7777-exec-5] Read "application/json;charset=UTF-8" to [com.skiya.sportzplatform.dto.LoginUser@2a27bbe4]
2020-04-20 12:30:00,895 DEBUG org.springframework.jdbc.datasource.DataSourceUtils [http-nio-7777-exec-5] Fetching JDBC Connection from DataSource
2020-04-20 12:30:00,897 DEBUG org.apache.ibatis.logging.jdbc.BaseJdbcLogger [http-nio-7777-exec-5] ==>  Preparing: select user_id, first_name, last_name, middle_name, user_profile_img, user_email, user_phone, user_password, last_login_date, provider_id, user_status, reset_token, alternate_name, user_img, user_dob, user_passport_nric, user_nationality, user_ethinicity, user_social_refid, user_address_refid from sportzplatform.user where reset_token = ? 
2020-04-20 12:30:00,898 DEBUG org.apache.ibatis.logging.jdbc.BaseJdbcLogger [http-nio-7777-exec-5] ==> Parameters: 97c55410-838d-4a4e-9de0-3c6aa8ac2bdf(String)
2020-04-20 12:30:00,902 DEBUG org.apache.ibatis.logging.jdbc.BaseJdbcLogger [http-nio-7777-exec-5] <==      Total: 1
2020-04-20 12:30:00,903 DEBUG org.springframework.transaction.support.AbstractPlatformTransactionManager [http-nio-7777-exec-5] Creating new transaction with name [com.skiya.sportzplatform.service.UserService.updateUser]: PROPAGATION_REQUIRED,ISOLATION_DEFAULT
2020-04-20 12:30:00,904 DEBUG org.springframework.jdbc.datasource.DataSourceTransactionManager [http-nio-7777-exec-5] Acquired Connection [HikariProxyConnection@1655750702 wrapping org.postgresql.jdbc.PgConnection@40cd5e9b] for JDBC transaction
2020-04-20 12:30:00,904 DEBUG org.springframework.jdbc.datasource.DataSourceTransactionManager [http-nio-7777-exec-5] Switching JDBC Connection [HikariProxyConnection@1655750702 wrapping org.postgresql.jdbc.PgConnection@40cd5e9b] to manual commit
2020-04-20 12:30:00,905 DEBUG com.skiya.sportzplatform.service.UserService [http-nio-7777-exec-5] ÜserDTO....User [Hash = 1942833862, userId=1, firstName=Siva, lastName=Sankaran, middleName=null, userProfileImg=null, userEmail=siva77@gmail.com, userPhone=87778666, userWebsite=null, userPassword=$2a$10$T5ZNV9beXmv0pDLxJvmQ.OOKzifEOLk2W1XQAMCD551wvsstH2fVC, userDesc=null, lastLoginDate=null, providerId=null, userStatus=AC, resetToken=null, alternateName=null, userImg=null, userDob=null, userPassportNric=null, userNationality=null, userEthinicity=null, userSocialRefid=null, userAddressRefid=null]
2020-04-20 12:30:00,906 DEBUG org.apache.ibatis.logging.jdbc.BaseJdbcLogger [http-nio-7777-exec-5] ==>  Preparing: select user_id, first_name, last_name, middle_name, user_profile_img, user_email, user_phone, user_password, last_login_date, provider_id, user_status, reset_token, alternate_name, user_img, user_dob, user_passport_nric, user_nationality, user_ethinicity, user_social_refid, user_address_refid from sportzplatform.user where user_id = ? 
2020-04-20 12:30:00,907 DEBUG org.apache.ibatis.logging.jdbc.BaseJdbcLogger [http-nio-7777-exec-5] ==> Parameters: 1(Integer)
2020-04-20 12:30:00,909 DEBUG org.apache.ibatis.logging.jdbc.BaseJdbcLogger [http-nio-7777-exec-5] <==      Total: 1
2020-04-20 12:30:01,036 DEBUG com.skiya.sportzplatform.aop.AuditInterceptor [http-nio-7777-exec-5] Hello from Interceptor...update
2020-04-20 12:30:01,040 DEBUG org.apache.ibatis.logging.jdbc.BaseJdbcLogger [http-nio-7777-exec-5] ==>  Preparing: update sportzplatform.user set first_name = ?, last_name = ?, middle_name = ?, user_profile_img = ?, user_email = ?, user_phone = ?, user_password = ?, last_login_date = ?, provider_id = ?, user_status = ?, reset_token = ?, alternate_name = ?, user_img = ?, user_dob = ?, user_passport_nric = ?, user_nationality = ?, user_ethinicity = ?, user_social_refid = ?, user_address_refid = ? where user_id = ? 
2020-04-20 12:30:01,041 DEBUG org.apache.ibatis.logging.jdbc.BaseJdbcLogger [http-nio-7777-exec-5] ==> Parameters: Siva(String), Sankaran(String), null, null, siva77@gmail.com(String), 87778666(String), $2a$10$F9vZm2s0wtmkJr6I.pJo5.kcNOXi6oeq/066JgwR.AC7f3Uolic0O(String), null, null, AC(String), null, null, null, null, null, null, null, null, null, 1(Integer)
2020-04-20 12:30:01,046 DEBUG org.apache.ibatis.logging.jdbc.BaseJdbcLogger [http-nio-7777-exec-5] <==    Updates: 1
2020-04-20 12:30:01,048 DEBUG org.springframework.transaction.support.AbstractPlatformTransactionManager [http-nio-7777-exec-5] Initiating transaction commit
2020-04-20 12:30:01,049 DEBUG org.springframework.jdbc.datasource.DataSourceTransactionManager [http-nio-7777-exec-5] Committing JDBC transaction on Connection [HikariProxyConnection@1655750702 wrapping org.postgresql.jdbc.PgConnection@40cd5e9b]
2020-04-20 12:30:01,052 DEBUG org.springframework.jdbc.datasource.DataSourceTransactionManager [http-nio-7777-exec-5] Releasing JDBC Connection [HikariProxyConnection@1655750702 wrapping org.postgresql.jdbc.PgConnection@40cd5e9b] after transaction
2020-04-20 12:30:01,052 DEBUG org.springframework.web.servlet.mvc.method.annotation.AbstractMessageConverterMethodProcessor [http-nio-7777-exec-5] Using 'application/json', given [*/*] and supported [application/json, application/*+json, application/json, application/*+json]
2020-04-20 12:30:01,052 DEBUG org.springframework.core.log.LogFormatUtils [http-nio-7777-exec-5] Writing [com.skiya.sportzplatform.dto.RestResponse@e5f563ff]
2020-04-20 12:30:01,057 DEBUG org.springframework.security.web.header.writers.HstsHeaderWriter [http-nio-7777-exec-5] Not injecting HSTS header since it did not match the requestMatcher org.springframework.security.web.header.writers.HstsHeaderWriter$SecureRequestMatcher@217e453e
2020-04-20 12:30:01,058 DEBUG org.springframework.security.web.context.HttpSessionSecurityContextRepository$SaveToSessionResponseWrapper [http-nio-7777-exec-5] SecurityContext is empty or contents are anonymous - context will not be stored in HttpSession.
2020-04-20 12:30:01,059 DEBUG org.springframework.web.servlet.FrameworkServlet [http-nio-7777-exec-5] Completed 200 OK
2020-04-20 12:30:01,059 DEBUG org.springframework.security.web.access.ExceptionTranslationFilter [http-nio-7777-exec-5] Chain processed normally
2020-04-20 12:30:01,062 DEBUG org.springframework.security.web.context.SecurityContextPersistenceFilter [http-nio-7777-exec-5] SecurityContextHolder now cleared, as request processing completed
2020-04-20 12:30:19,038 DEBUG org.springframework.security.web.FilterChainProxy$VirtualFilterChain [http-nio-7777-exec-6] /token/passwordEmail at position 1 of 12 in additional filter chain; firing Filter: 'WebAsyncManagerIntegrationFilter'
2020-04-20 12:30:19,038 DEBUG org.springframework.security.web.FilterChainProxy$VirtualFilterChain [http-nio-7777-exec-6] /token/passwordEmail at position 2 of 12 in additional filter chain; firing Filter: 'SecurityContextPersistenceFilter'
2020-04-20 12:30:19,039 DEBUG org.springframework.security.web.context.HttpSessionSecurityContextRepository [http-nio-7777-exec-6] No HttpSession currently exists
2020-04-20 12:30:19,039 DEBUG org.springframework.security.web.context.HttpSessionSecurityContextRepository [http-nio-7777-exec-6] No SecurityContext was available from the HttpSession: null. A new one will be created.
2020-04-20 12:30:19,040 DEBUG org.springframework.security.web.FilterChainProxy$VirtualFilterChain [http-nio-7777-exec-6] /token/passwordEmail at position 3 of 12 in additional filter chain; firing Filter: 'HeaderWriterFilter'
2020-04-20 12:30:19,040 DEBUG org.springframework.security.web.FilterChainProxy$VirtualFilterChain [http-nio-7777-exec-6] /token/passwordEmail at position 4 of 12 in additional filter chain; firing Filter: 'CorsFilter'
2020-04-20 12:30:19,042 DEBUG org.springframework.web.servlet.handler.AbstractHandlerMapping [http-nio-7777-exec-6] Mapped to com.skiya.sportzplatform.web.rest.AuthenticationResource#passwordEmail(LoginUser, HttpServletRequest)
2020-04-20 12:30:19,042 DEBUG org.springframework.security.web.FilterChainProxy$VirtualFilterChain [http-nio-7777-exec-6] /token/passwordEmail at position 5 of 12 in additional filter chain; firing Filter: 'LogoutFilter'
2020-04-20 12:30:19,043 DEBUG org.springframework.security.web.util.matcher.OrRequestMatcher [http-nio-7777-exec-6] Trying to match using Ant [pattern='/logout', GET]
2020-04-20 12:30:19,043 DEBUG org.springframework.security.web.util.matcher.AntPathRequestMatcher [http-nio-7777-exec-6] Request 'POST /token/passwordEmail' doesn't match 'GET /logout'
2020-04-20 12:30:19,044 DEBUG org.springframework.security.web.util.matcher.OrRequestMatcher [http-nio-7777-exec-6] Trying to match using Ant [pattern='/logout', POST]
2020-04-20 12:30:19,044 DEBUG org.springframework.security.web.util.matcher.AntPathRequestMatcher [http-nio-7777-exec-6] Checking match of request : '/token/passwordEmail'; against '/logout'
2020-04-20 12:30:19,045 DEBUG org.springframework.security.web.util.matcher.OrRequestMatcher [http-nio-7777-exec-6] Trying to match using Ant [pattern='/logout', PUT]
2020-04-20 12:30:19,045 DEBUG org.springframework.security.web.util.matcher.AntPathRequestMatcher [http-nio-7777-exec-6] Request 'POST /token/passwordEmail' doesn't match 'PUT /logout'
2020-04-20 12:30:19,046 DEBUG org.springframework.security.web.util.matcher.OrRequestMatcher [http-nio-7777-exec-6] Trying to match using Ant [pattern='/logout', DELETE]
2020-04-20 12:30:19,046 DEBUG org.springframework.security.web.util.matcher.AntPathRequestMatcher [http-nio-7777-exec-6] Request 'POST /token/passwordEmail' doesn't match 'DELETE /logout'
2020-04-20 12:30:19,046 DEBUG org.springframework.security.web.util.matcher.OrRequestMatcher [http-nio-7777-exec-6] No matches found
2020-04-20 12:30:19,046 DEBUG org.springframework.security.web.FilterChainProxy$VirtualFilterChain [http-nio-7777-exec-6] /token/passwordEmail at position 6 of 12 in additional filter chain; firing Filter: 'JWTAuthenticationFilter'
2020-04-20 12:30:19,048 WARN com.skiya.sportzplatform.security.JWTAuthenticationFilter [http-nio-7777-exec-6] couldn't find bearer string, will ignore the header
2020-04-20 12:30:19,048 DEBUG org.springframework.security.web.FilterChainProxy$VirtualFilterChain [http-nio-7777-exec-6] /token/passwordEmail at position 7 of 12 in additional filter chain; firing Filter: 'RequestCacheAwareFilter'
2020-04-20 12:30:19,049 DEBUG org.springframework.security.web.savedrequest.HttpSessionRequestCache [http-nio-7777-exec-6] saved request doesn't match
2020-04-20 12:30:19,049 DEBUG org.springframework.security.web.FilterChainProxy$VirtualFilterChain [http-nio-7777-exec-6] /token/passwordEmail at position 8 of 12 in additional filter chain; firing Filter: 'SecurityContextHolderAwareRequestFilter'
2020-04-20 12:30:19,050 DEBUG org.springframework.security.web.FilterChainProxy$VirtualFilterChain [http-nio-7777-exec-6] /token/passwordEmail at position 9 of 12 in additional filter chain; firing Filter: 'AnonymousAuthenticationFilter'
2020-04-20 12:30:19,050 DEBUG org.springframework.security.web.authentication.AnonymousAuthenticationFilter [http-nio-7777-exec-6] Populated SecurityContextHolder with anonymous token: 'org.springframework.security.authentication.AnonymousAuthenticationToken@febdbe67: Principal: anonymousUser; Credentials: [PROTECTED]; Authenticated: true; Details: org.springframework.security.web.authentication.WebAuthenticationDetails@b364: RemoteIpAddress: 0:0:0:0:0:0:0:1; SessionId: null; Granted Authorities: ROLE_ANONYMOUS'
2020-04-20 12:30:19,051 DEBUG org.springframework.security.web.FilterChainProxy$VirtualFilterChain [http-nio-7777-exec-6] /token/passwordEmail at position 10 of 12 in additional filter chain; firing Filter: 'SessionManagementFilter'
2020-04-20 12:30:19,051 DEBUG org.springframework.security.web.FilterChainProxy$VirtualFilterChain [http-nio-7777-exec-6] /token/passwordEmail at position 11 of 12 in additional filter chain; firing Filter: 'ExceptionTranslationFilter'
2020-04-20 12:30:19,051 DEBUG org.springframework.security.web.FilterChainProxy$VirtualFilterChain [http-nio-7777-exec-6] /token/passwordEmail at position 12 of 12 in additional filter chain; firing Filter: 'FilterSecurityInterceptor'
2020-04-20 12:30:19,052 DEBUG org.springframework.security.access.intercept.AbstractSecurityInterceptor [http-nio-7777-exec-6] Secure object: FilterInvocation: URL: /token/passwordEmail; Attributes: [permitAll]
2020-04-20 12:30:19,052 DEBUG org.springframework.security.access.intercept.AbstractSecurityInterceptor [http-nio-7777-exec-6] Previously Authenticated: org.springframework.security.authentication.AnonymousAuthenticationToken@febdbe67: Principal: anonymousUser; Credentials: [PROTECTED]; Authenticated: true; Details: org.springframework.security.web.authentication.WebAuthenticationDetails@b364: RemoteIpAddress: 0:0:0:0:0:0:0:1; SessionId: null; Granted Authorities: ROLE_ANONYMOUS
2020-04-20 12:30:19,053 DEBUG org.springframework.security.access.vote.AffirmativeBased [http-nio-7777-exec-6] Voter: org.springframework.security.web.access.expression.WebExpressionVoter@8c5ee8b6, returned: 1
2020-04-20 12:30:19,053 DEBUG org.springframework.security.access.intercept.AbstractSecurityInterceptor [http-nio-7777-exec-6] Authorization successful
2020-04-20 12:30:19,053 DEBUG org.springframework.security.access.intercept.AbstractSecurityInterceptor [http-nio-7777-exec-6] RunAsManager did not change Authentication object
2020-04-20 12:30:19,054 DEBUG org.springframework.security.web.FilterChainProxy$VirtualFilterChain [http-nio-7777-exec-6] /token/passwordEmail reached end of additional filter chain; proceeding with original chain
2020-04-20 12:30:19,054 DEBUG org.springframework.core.log.LogFormatUtils [http-nio-7777-exec-6] POST "/token/passwordEmail", parameters={}
2020-04-20 12:30:19,056 DEBUG org.springframework.web.servlet.handler.AbstractHandlerMapping [http-nio-7777-exec-6] Mapped to com.skiya.sportzplatform.web.rest.AuthenticationResource#passwordEmail(LoginUser, HttpServletRequest)
2020-04-20 12:30:19,058 DEBUG org.springframework.core.log.LogFormatUtils [http-nio-7777-exec-6] Read "application/json;charset=UTF-8" to [com.skiya.sportzplatform.dto.LoginUser@3f1a8a88]
2020-04-20 12:30:19,059 DEBUG com.skiya.sportzplatform.web.rest.AuthenticationResource [http-nio-7777-exec-6] User Id...siva77@gmail.com
2020-04-20 12:30:19,060 DEBUG com.skiya.sportzplatform.web.rest.AuthenticationResource [http-nio-7777-exec-6] User Id...siva77@gmail.com
2020-04-20 12:30:19,062 DEBUG org.springframework.jdbc.datasource.DataSourceUtils [http-nio-7777-exec-6] Fetching JDBC Connection from DataSource
2020-04-20 12:30:19,065 DEBUG org.apache.ibatis.logging.jdbc.BaseJdbcLogger [http-nio-7777-exec-6] ==>  Preparing: select user_id, first_name, last_name, middle_name, user_profile_img, user_email, user_phone, user_password, last_login_date, provider_id, user_status, reset_token, alternate_name, user_img, user_dob, user_passport_nric, user_nationality, user_ethinicity, user_social_refid, user_address_refid from sportzplatform.user where user_email = ? 
2020-04-20 12:30:19,066 DEBUG org.apache.ibatis.logging.jdbc.BaseJdbcLogger [http-nio-7777-exec-6] ==> Parameters: siva77@gmail.com(String)
2020-04-20 12:30:19,068 DEBUG org.apache.ibatis.logging.jdbc.BaseJdbcLogger [http-nio-7777-exec-6] <==      Total: 1
2020-04-20 12:30:19,068 DEBUG com.skiya.sportzplatform.aop.AuditInterceptor [http-nio-7777-exec-6] Hello from Interceptor...update
2020-04-20 12:30:19,068 DEBUG org.springframework.jdbc.datasource.DataSourceUtils [http-nio-7777-exec-6] Fetching JDBC Connection from DataSource
2020-04-20 12:30:19,072 DEBUG org.apache.ibatis.logging.jdbc.BaseJdbcLogger [http-nio-7777-exec-6] ==>  Preparing: update sportzplatform.user set first_name = ?, last_name = ?, middle_name = ?, user_profile_img = ?, user_email = ?, user_phone = ?, user_password = ?, last_login_date = ?, provider_id = ?, user_status = ?, reset_token = ?, alternate_name = ?, user_img = ?, user_dob = ?, user_passport_nric = ?, user_nationality = ?, user_ethinicity = ?, user_social_refid = ?, user_address_refid = ? where user_id = ? 
2020-04-20 12:30:19,072 DEBUG org.apache.ibatis.logging.jdbc.BaseJdbcLogger [http-nio-7777-exec-6] ==> Parameters: Siva(String), Sankaran(String), null, null, siva77@gmail.com(String), 87778666(String), $2a$10$F9vZm2s0wtmkJr6I.pJo5.kcNOXi6oeq/066JgwR.AC7f3Uolic0O(String), null, null, AC(String), a59d017c-bf10-4107-9f97-0ea8b3b0491e(String), null, null, null, null, null, null, null, null, 1(Integer)
2020-04-20 12:30:19,075 DEBUG org.apache.ibatis.logging.jdbc.BaseJdbcLogger [http-nio-7777-exec-6] <==    Updates: 1
2020-04-20 12:30:19,076 DEBUG com.skiya.sportzplatform.service.UserService [http-nio-7777-exec-6] User Updated successfully with token...
2020-04-20 12:30:19,076 DEBUG com.skiya.sportzplatform.common.EmailUtil [http-nio-7777-exec-6] Send API KeySG.z35yNMeuTYiH5t1li4qsPg.yi8-JHo10a4VnDCn-5YHEMOvDIZ9XhS5_fmF9KGvq1Y
2020-04-20 12:30:19,550 DEBUG com.skiya.sportzplatform.common.EmailUtil [http-nio-7777-exec-6] 202
2020-04-20 12:30:19,550 DEBUG com.skiya.sportzplatform.common.EmailUtil [http-nio-7777-exec-6] 
2020-04-20 12:30:19,552 DEBUG com.skiya.sportzplatform.common.EmailUtil [http-nio-7777-exec-6] {Server=nginx, Access-Control-Allow-Origin=https://sendgrid.api-docs.io, Access-Control-Allow-Methods=POST, Connection=keep-alive, X-Message-Id=JaKWdy7yQOu8tx-TLLGH_Q, X-No-CORS-Reason=https://sendgrid.com/docs/Classroom/Basics/API/cors.html, Content-Length=0, Access-Control-Max-Age=600, Date=Mon, 20 Apr 2020 04:30:18 GMT, Access-Control-Allow-Headers=Authorization, Content-Type, On-behalf-of, x-sg-elas-acl}
2020-04-20 12:30:19,553 DEBUG org.springframework.web.servlet.mvc.method.annotation.AbstractMessageConverterMethodProcessor [http-nio-7777-exec-6] Using 'application/json', given [*/*] and supported [application/json, application/*+json, application/json, application/*+json]
2020-04-20 12:30:19,554 DEBUG org.springframework.core.log.LogFormatUtils [http-nio-7777-exec-6] Writing [com.skiya.sportzplatform.dto.RestResponse@3988a16f]
2020-04-20 12:30:19,555 DEBUG org.springframework.security.web.header.writers.HstsHeaderWriter [http-nio-7777-exec-6] Not injecting HSTS header since it did not match the requestMatcher org.springframework.security.web.header.writers.HstsHeaderWriter$SecureRequestMatcher@217e453e
2020-04-20 12:30:19,556 DEBUG org.springframework.security.web.context.HttpSessionSecurityContextRepository$SaveToSessionResponseWrapper [http-nio-7777-exec-6] SecurityContext is empty or contents are anonymous - context will not be stored in HttpSession.
2020-04-20 12:30:19,559 DEBUG org.springframework.web.servlet.FrameworkServlet [http-nio-7777-exec-6] Completed 200 OK
2020-04-20 12:30:19,560 DEBUG org.springframework.security.web.access.ExceptionTranslationFilter [http-nio-7777-exec-6] Chain processed normally
2020-04-20 12:30:19,560 DEBUG org.springframework.security.web.context.SecurityContextPersistenceFilter [http-nio-7777-exec-6] SecurityContextHolder now cleared, as request processing completed
2020-04-20 12:30:46,614 DEBUG org.springframework.security.web.FilterChainProxy$VirtualFilterChain [http-nio-7777-exec-7] /token/resetPassword at position 1 of 12 in additional filter chain; firing Filter: 'WebAsyncManagerIntegrationFilter'
2020-04-20 12:30:46,615 DEBUG org.springframework.security.web.FilterChainProxy$VirtualFilterChain [http-nio-7777-exec-7] /token/resetPassword at position 2 of 12 in additional filter chain; firing Filter: 'SecurityContextPersistenceFilter'
2020-04-20 12:30:46,615 DEBUG org.springframework.security.web.context.HttpSessionSecurityContextRepository [http-nio-7777-exec-7] No HttpSession currently exists
2020-04-20 12:30:46,615 DEBUG org.springframework.security.web.context.HttpSessionSecurityContextRepository [http-nio-7777-exec-7] No SecurityContext was available from the HttpSession: null. A new one will be created.
2020-04-20 12:30:46,616 DEBUG org.springframework.security.web.FilterChainProxy$VirtualFilterChain [http-nio-7777-exec-7] /token/resetPassword at position 3 of 12 in additional filter chain; firing Filter: 'HeaderWriterFilter'
2020-04-20 12:30:46,616 DEBUG org.springframework.security.web.FilterChainProxy$VirtualFilterChain [http-nio-7777-exec-7] /token/resetPassword at position 4 of 12 in additional filter chain; firing Filter: 'CorsFilter'
2020-04-20 12:30:46,624 DEBUG org.springframework.web.servlet.handler.AbstractHandlerMapping [http-nio-7777-exec-7] Mapped to ResourceHttpRequestHandler ["classpath:/META-INF/resources/", "classpath:/resources/", "classpath:/static/", "classpath:/public/", "/"]
2020-04-20 12:30:46,626 DEBUG org.springframework.security.web.FilterChainProxy$VirtualFilterChain [http-nio-7777-exec-7] /token/resetPassword at position 5 of 12 in additional filter chain; firing Filter: 'LogoutFilter'
2020-04-20 12:30:46,628 DEBUG org.springframework.security.web.util.matcher.OrRequestMatcher [http-nio-7777-exec-7] Trying to match using Ant [pattern='/logout', GET]
2020-04-20 12:30:46,628 DEBUG org.springframework.security.web.util.matcher.AntPathRequestMatcher [http-nio-7777-exec-7] Checking match of request : '/token/resetPassword'; against '/logout'
2020-04-20 12:30:46,629 DEBUG org.springframework.security.web.util.matcher.OrRequestMatcher [http-nio-7777-exec-7] Trying to match using Ant [pattern='/logout', POST]
2020-04-20 12:30:46,629 DEBUG org.springframework.security.web.util.matcher.AntPathRequestMatcher [http-nio-7777-exec-7] Request 'GET /token/resetPassword' doesn't match 'POST /logout'
2020-04-20 12:30:46,629 DEBUG org.springframework.security.web.util.matcher.OrRequestMatcher [http-nio-7777-exec-7] Trying to match using Ant [pattern='/logout', PUT]
2020-04-20 12:30:46,630 DEBUG org.springframework.security.web.util.matcher.AntPathRequestMatcher [http-nio-7777-exec-7] Request 'GET /token/resetPassword' doesn't match 'PUT /logout'
2020-04-20 12:30:46,630 DEBUG org.springframework.security.web.util.matcher.OrRequestMatcher [http-nio-7777-exec-7] Trying to match using Ant [pattern='/logout', DELETE]
2020-04-20 12:30:46,630 DEBUG org.springframework.security.web.util.matcher.AntPathRequestMatcher [http-nio-7777-exec-7] Request 'GET /token/resetPassword' doesn't match 'DELETE /logout'
2020-04-20 12:30:46,631 DEBUG org.springframework.security.web.util.matcher.OrRequestMatcher [http-nio-7777-exec-7] No matches found
2020-04-20 12:30:46,631 DEBUG org.springframework.security.web.FilterChainProxy$VirtualFilterChain [http-nio-7777-exec-7] /token/resetPassword at position 6 of 12 in additional filter chain; firing Filter: 'JWTAuthenticationFilter'
2020-04-20 12:30:46,632 WARN com.skiya.sportzplatform.security.JWTAuthenticationFilter [http-nio-7777-exec-7] couldn't find bearer string, will ignore the header
2020-04-20 12:30:46,632 DEBUG org.springframework.security.web.FilterChainProxy$VirtualFilterChain [http-nio-7777-exec-7] /token/resetPassword at position 7 of 12 in additional filter chain; firing Filter: 'RequestCacheAwareFilter'
2020-04-20 12:30:46,632 DEBUG org.springframework.security.web.savedrequest.HttpSessionRequestCache [http-nio-7777-exec-7] saved request doesn't match
2020-04-20 12:30:46,633 DEBUG org.springframework.security.web.FilterChainProxy$VirtualFilterChain [http-nio-7777-exec-7] /token/resetPassword at position 8 of 12 in additional filter chain; firing Filter: 'SecurityContextHolderAwareRequestFilter'
2020-04-20 12:30:46,633 DEBUG org.springframework.security.web.FilterChainProxy$VirtualFilterChain [http-nio-7777-exec-7] /token/resetPassword at position 9 of 12 in additional filter chain; firing Filter: 'AnonymousAuthenticationFilter'
2020-04-20 12:30:46,633 DEBUG org.springframework.security.web.authentication.AnonymousAuthenticationFilter [http-nio-7777-exec-7] Populated SecurityContextHolder with anonymous token: 'org.springframework.security.authentication.AnonymousAuthenticationToken@febdbe67: Principal: anonymousUser; Credentials: [PROTECTED]; Authenticated: true; Details: org.springframework.security.web.authentication.WebAuthenticationDetails@b364: RemoteIpAddress: 0:0:0:0:0:0:0:1; SessionId: null; Granted Authorities: ROLE_ANONYMOUS'
2020-04-20 12:30:46,634 DEBUG org.springframework.security.web.FilterChainProxy$VirtualFilterChain [http-nio-7777-exec-7] /token/resetPassword at position 10 of 12 in additional filter chain; firing Filter: 'SessionManagementFilter'
2020-04-20 12:30:46,634 DEBUG org.springframework.security.web.FilterChainProxy$VirtualFilterChain [http-nio-7777-exec-7] /token/resetPassword at position 11 of 12 in additional filter chain; firing Filter: 'ExceptionTranslationFilter'
2020-04-20 12:30:46,634 DEBUG org.springframework.security.web.FilterChainProxy$VirtualFilterChain [http-nio-7777-exec-7] /token/resetPassword at position 12 of 12 in additional filter chain; firing Filter: 'FilterSecurityInterceptor'
2020-04-20 12:30:46,635 DEBUG org.springframework.security.access.intercept.AbstractSecurityInterceptor [http-nio-7777-exec-7] Secure object: FilterInvocation: URL: /token/resetPassword; Attributes: [permitAll]
2020-04-20 12:30:46,635 DEBUG org.springframework.security.access.intercept.AbstractSecurityInterceptor [http-nio-7777-exec-7] Previously Authenticated: org.springframework.security.authentication.AnonymousAuthenticationToken@febdbe67: Principal: anonymousUser; Credentials: [PROTECTED]; Authenticated: true; Details: org.springframework.security.web.authentication.WebAuthenticationDetails@b364: RemoteIpAddress: 0:0:0:0:0:0:0:1; SessionId: null; Granted Authorities: ROLE_ANONYMOUS
2020-04-20 12:30:46,636 DEBUG org.springframework.security.access.vote.AffirmativeBased [http-nio-7777-exec-7] Voter: org.springframework.security.web.access.expression.WebExpressionVoter@8c5ee8b6, returned: 1
2020-04-20 12:30:46,636 DEBUG org.springframework.security.access.intercept.AbstractSecurityInterceptor [http-nio-7777-exec-7] Authorization successful
2020-04-20 12:30:46,637 DEBUG org.springframework.security.access.intercept.AbstractSecurityInterceptor [http-nio-7777-exec-7] RunAsManager did not change Authentication object
2020-04-20 12:30:46,637 DEBUG org.springframework.security.web.FilterChainProxy$VirtualFilterChain [http-nio-7777-exec-7] /token/resetPassword reached end of additional filter chain; proceeding with original chain
2020-04-20 12:30:46,638 DEBUG org.springframework.core.log.LogFormatUtils [http-nio-7777-exec-7] GET "/token/resetPassword", parameters={}
2020-04-20 12:30:46,642 DEBUG org.springframework.security.web.header.writers.HstsHeaderWriter [http-nio-7777-exec-7] Not injecting HSTS header since it did not match the requestMatcher org.springframework.security.web.header.writers.HstsHeaderWriter$SecureRequestMatcher@217e453e
2020-04-20 12:30:46,642 DEBUG org.springframework.security.web.context.HttpSessionSecurityContextRepository$SaveToSessionResponseWrapper [http-nio-7777-exec-7] SecurityContext is empty or contents are anonymous - context will not be stored in HttpSession.
2020-04-20 12:30:46,643 WARN org.springframework.web.servlet.handler.AbstractHandlerExceptionResolver [http-nio-7777-exec-7] Resolved [org.springframework.web.HttpRequestMethodNotSupportedException: Request method 'GET' not supported]
2020-04-20 12:30:46,644 DEBUG org.springframework.web.servlet.FrameworkServlet [http-nio-7777-exec-7] Completed 405 METHOD_NOT_ALLOWED
2020-04-20 12:30:46,644 DEBUG org.springframework.security.web.access.ExceptionTranslationFilter [http-nio-7777-exec-7] Chain processed normally
2020-04-20 12:30:46,645 DEBUG org.springframework.security.web.context.SecurityContextPersistenceFilter [http-nio-7777-exec-7] SecurityContextHolder now cleared, as request processing completed
2020-04-20 12:30:46,645 DEBUG org.springframework.security.web.FilterChainProxy$VirtualFilterChain [http-nio-7777-exec-7] /error at position 1 of 12 in additional filter chain; firing Filter: 'WebAsyncManagerIntegrationFilter'
2020-04-20 12:30:46,645 DEBUG org.springframework.security.web.FilterChainProxy$VirtualFilterChain [http-nio-7777-exec-7] /error at position 2 of 12 in additional filter chain; firing Filter: 'SecurityContextPersistenceFilter'
2020-04-20 12:30:46,645 DEBUG org.springframework.security.web.context.HttpSessionSecurityContextRepository [http-nio-7777-exec-7] No HttpSession currently exists
2020-04-20 12:30:46,645 DEBUG org.springframework.security.web.context.HttpSessionSecurityContextRepository [http-nio-7777-exec-7] No SecurityContext was available from the HttpSession: null. A new one will be created.
2020-04-20 12:30:46,647 DEBUG org.springframework.security.web.FilterChainProxy$VirtualFilterChain [http-nio-7777-exec-7] /error at position 3 of 12 in additional filter chain; firing Filter: 'HeaderWriterFilter'
2020-04-20 12:30:46,647 DEBUG org.springframework.security.web.FilterChainProxy$VirtualFilterChain [http-nio-7777-exec-7] /error at position 4 of 12 in additional filter chain; firing Filter: 'CorsFilter'
2020-04-20 12:30:46,647 DEBUG org.springframework.security.web.FilterChainProxy$VirtualFilterChain [http-nio-7777-exec-7] /error at position 5 of 12 in additional filter chain; firing Filter: 'LogoutFilter'
2020-04-20 12:30:46,647 DEBUG org.springframework.security.web.util.matcher.OrRequestMatcher [http-nio-7777-exec-7] Trying to match using Ant [pattern='/logout', GET]
2020-04-20 12:30:46,648 DEBUG org.springframework.security.web.util.matcher.AntPathRequestMatcher [http-nio-7777-exec-7] Checking match of request : '/error'; against '/logout'
2020-04-20 12:30:46,648 DEBUG org.springframework.security.web.util.matcher.OrRequestMatcher [http-nio-7777-exec-7] Trying to match using Ant [pattern='/logout', POST]
2020-04-20 12:30:46,648 DEBUG org.springframework.security.web.util.matcher.AntPathRequestMatcher [http-nio-7777-exec-7] Request 'GET /error' doesn't match 'POST /logout'
2020-04-20 12:30:46,648 DEBUG org.springframework.security.web.util.matcher.OrRequestMatcher [http-nio-7777-exec-7] Trying to match using Ant [pattern='/logout', PUT]
2020-04-20 12:30:46,648 DEBUG org.springframework.security.web.util.matcher.AntPathRequestMatcher [http-nio-7777-exec-7] Request 'GET /error' doesn't match 'PUT /logout'
2020-04-20 12:30:46,648 DEBUG org.springframework.security.web.util.matcher.OrRequestMatcher [http-nio-7777-exec-7] Trying to match using Ant [pattern='/logout', DELETE]
2020-04-20 12:30:46,648 DEBUG org.springframework.security.web.util.matcher.AntPathRequestMatcher [http-nio-7777-exec-7] Request 'GET /error' doesn't match 'DELETE /logout'
2020-04-20 12:30:46,649 DEBUG org.springframework.security.web.util.matcher.OrRequestMatcher [http-nio-7777-exec-7] No matches found
2020-04-20 12:30:46,649 DEBUG org.springframework.security.web.FilterChainProxy$VirtualFilterChain [http-nio-7777-exec-7] /error at position 6 of 12 in additional filter chain; firing Filter: 'JWTAuthenticationFilter'
2020-04-20 12:30:46,649 DEBUG org.springframework.security.web.FilterChainProxy$VirtualFilterChain [http-nio-7777-exec-7] /error at position 7 of 12 in additional filter chain; firing Filter: 'RequestCacheAwareFilter'
2020-04-20 12:30:46,649 DEBUG org.springframework.security.web.savedrequest.HttpSessionRequestCache [http-nio-7777-exec-7] saved request doesn't match
2020-04-20 12:30:46,649 DEBUG org.springframework.security.web.FilterChainProxy$VirtualFilterChain [http-nio-7777-exec-7] /error at position 8 of 12 in additional filter chain; firing Filter: 'SecurityContextHolderAwareRequestFilter'
2020-04-20 12:30:46,649 DEBUG org.springframework.security.web.FilterChainProxy$VirtualFilterChain [http-nio-7777-exec-7] /error at position 9 of 12 in additional filter chain; firing Filter: 'AnonymousAuthenticationFilter'
2020-04-20 12:30:46,650 DEBUG org.springframework.security.web.authentication.AnonymousAuthenticationFilter [http-nio-7777-exec-7] Populated SecurityContextHolder with anonymous token: 'org.springframework.security.authentication.AnonymousAuthenticationToken@febdbe67: Principal: anonymousUser; Credentials: [PROTECTED]; Authenticated: true; Details: org.springframework.security.web.authentication.WebAuthenticationDetails@b364: RemoteIpAddress: 0:0:0:0:0:0:0:1; SessionId: null; Granted Authorities: ROLE_ANONYMOUS'
2020-04-20 12:30:46,650 DEBUG org.springframework.security.web.FilterChainProxy$VirtualFilterChain [http-nio-7777-exec-7] /error at position 10 of 12 in additional filter chain; firing Filter: 'SessionManagementFilter'
2020-04-20 12:30:46,650 DEBUG org.springframework.security.web.FilterChainProxy$VirtualFilterChain [http-nio-7777-exec-7] /error at position 11 of 12 in additional filter chain; firing Filter: 'ExceptionTranslationFilter'
2020-04-20 12:30:46,650 DEBUG org.springframework.security.web.FilterChainProxy$VirtualFilterChain [http-nio-7777-exec-7] /error at position 12 of 12 in additional filter chain; firing Filter: 'FilterSecurityInterceptor'
2020-04-20 12:30:46,650 DEBUG org.springframework.security.web.FilterChainProxy$VirtualFilterChain [http-nio-7777-exec-7] /error reached end of additional filter chain; proceeding with original chain
2020-04-20 12:30:46,651 DEBUG org.springframework.core.log.LogFormatUtils [http-nio-7777-exec-7] "ERROR" dispatch for GET "/error", parameters={}
2020-04-20 12:30:46,652 DEBUG org.springframework.web.servlet.handler.AbstractHandlerMapping [http-nio-7777-exec-7] Mapped to org.springframework.boot.autoconfigure.web.servlet.error.BasicErrorController#error(HttpServletRequest)
2020-04-20 12:30:46,654 DEBUG org.springframework.web.servlet.mvc.method.annotation.AbstractMessageConverterMethodProcessor [http-nio-7777-exec-7] Using 'application/json', given [*/*] and supported [application/json, application/*+json, application/json, application/*+json]
2020-04-20 12:30:46,655 DEBUG org.springframework.core.log.LogFormatUtils [http-nio-7777-exec-7] Writing [{timestamp=Mon Apr 20 12:30:46 SGT 2020, status=405, error=Method Not Allowed, message=Request metho (truncated)...]
2020-04-20 12:30:46,659 DEBUG org.springframework.security.web.context.HttpSessionSecurityContextRepository$SaveToSessionResponseWrapper [http-nio-7777-exec-7] SecurityContext is empty or contents are anonymous - context will not be stored in HttpSession.
2020-04-20 12:30:46,662 DEBUG org.springframework.web.servlet.FrameworkServlet [http-nio-7777-exec-7] Exiting from "ERROR" dispatch, status 405
2020-04-20 12:30:46,662 DEBUG org.springframework.security.web.access.ExceptionTranslationFilter [http-nio-7777-exec-7] Chain processed normally
2020-04-20 12:30:46,662 DEBUG org.springframework.security.web.context.SecurityContextPersistenceFilter [http-nio-7777-exec-7] SecurityContextHolder now cleared, as request processing completed
2020-04-20 12:31:04,668 DEBUG org.springframework.security.web.FilterChainProxy$VirtualFilterChain [http-nio-7777-exec-8] /token/resetPassword at position 1 of 12 in additional filter chain; firing Filter: 'WebAsyncManagerIntegrationFilter'
2020-04-20 12:31:04,669 DEBUG org.springframework.security.web.FilterChainProxy$VirtualFilterChain [http-nio-7777-exec-8] /token/resetPassword at position 2 of 12 in additional filter chain; firing Filter: 'SecurityContextPersistenceFilter'
2020-04-20 12:31:04,669 DEBUG org.springframework.security.web.context.HttpSessionSecurityContextRepository [http-nio-7777-exec-8] No HttpSession currently exists
2020-04-20 12:31:04,670 DEBUG org.springframework.security.web.context.HttpSessionSecurityContextRepository [http-nio-7777-exec-8] No SecurityContext was available from the HttpSession: null. A new one will be created.
2020-04-20 12:31:04,670 DEBUG org.springframework.security.web.FilterChainProxy$VirtualFilterChain [http-nio-7777-exec-8] /token/resetPassword at position 3 of 12 in additional filter chain; firing Filter: 'HeaderWriterFilter'
2020-04-20 12:31:04,670 DEBUG org.springframework.security.web.FilterChainProxy$VirtualFilterChain [http-nio-7777-exec-8] /token/resetPassword at position 4 of 12 in additional filter chain; firing Filter: 'CorsFilter'
2020-04-20 12:31:04,671 DEBUG org.springframework.web.servlet.handler.AbstractHandlerMapping [http-nio-7777-exec-8] Mapped to com.skiya.sportzplatform.web.rest.AuthenticationResource#resetPassword(LoginUser)
2020-04-20 12:31:04,672 DEBUG org.springframework.security.web.FilterChainProxy$VirtualFilterChain [http-nio-7777-exec-8] /token/resetPassword at position 5 of 12 in additional filter chain; firing Filter: 'LogoutFilter'
2020-04-20 12:31:04,672 DEBUG org.springframework.security.web.util.matcher.OrRequestMatcher [http-nio-7777-exec-8] Trying to match using Ant [pattern='/logout', GET]
2020-04-20 12:31:04,673 DEBUG org.springframework.security.web.util.matcher.AntPathRequestMatcher [http-nio-7777-exec-8] Request 'POST /token/resetPassword' doesn't match 'GET /logout'
2020-04-20 12:31:04,673 DEBUG org.springframework.security.web.util.matcher.OrRequestMatcher [http-nio-7777-exec-8] Trying to match using Ant [pattern='/logout', POST]
2020-04-20 12:31:04,674 DEBUG org.springframework.security.web.util.matcher.AntPathRequestMatcher [http-nio-7777-exec-8] Checking match of request : '/token/resetPassword'; against '/logout'
2020-04-20 12:31:04,674 DEBUG org.springframework.security.web.util.matcher.OrRequestMatcher [http-nio-7777-exec-8] Trying to match using Ant [pattern='/logout', PUT]
2020-04-20 12:31:04,675 DEBUG org.springframework.security.web.util.matcher.AntPathRequestMatcher [http-nio-7777-exec-8] Request 'POST /token/resetPassword' doesn't match 'PUT /logout'
2020-04-20 12:31:04,675 DEBUG org.springframework.security.web.util.matcher.OrRequestMatcher [http-nio-7777-exec-8] Trying to match using Ant [pattern='/logout', DELETE]
2020-04-20 12:31:04,676 DEBUG org.springframework.security.web.util.matcher.AntPathRequestMatcher [http-nio-7777-exec-8] Request 'POST /token/resetPassword' doesn't match 'DELETE /logout'
2020-04-20 12:31:04,677 DEBUG org.springframework.security.web.util.matcher.OrRequestMatcher [http-nio-7777-exec-8] No matches found
2020-04-20 12:31:04,677 DEBUG org.springframework.security.web.FilterChainProxy$VirtualFilterChain [http-nio-7777-exec-8] /token/resetPassword at position 6 of 12 in additional filter chain; firing Filter: 'JWTAuthenticationFilter'
2020-04-20 12:31:04,677 WARN com.skiya.sportzplatform.security.JWTAuthenticationFilter [http-nio-7777-exec-8] couldn't find bearer string, will ignore the header
2020-04-20 12:31:04,678 DEBUG org.springframework.security.web.FilterChainProxy$VirtualFilterChain [http-nio-7777-exec-8] /token/resetPassword at position 7 of 12 in additional filter chain; firing Filter: 'RequestCacheAwareFilter'
2020-04-20 12:31:04,678 DEBUG org.springframework.security.web.savedrequest.HttpSessionRequestCache [http-nio-7777-exec-8] saved request doesn't match
2020-04-20 12:31:04,679 DEBUG org.springframework.security.web.FilterChainProxy$VirtualFilterChain [http-nio-7777-exec-8] /token/resetPassword at position 8 of 12 in additional filter chain; firing Filter: 'SecurityContextHolderAwareRequestFilter'
2020-04-20 12:31:04,680 DEBUG org.springframework.security.web.FilterChainProxy$VirtualFilterChain [http-nio-7777-exec-8] /token/resetPassword at position 9 of 12 in additional filter chain; firing Filter: 'AnonymousAuthenticationFilter'
2020-04-20 12:31:04,680 DEBUG org.springframework.security.web.authentication.AnonymousAuthenticationFilter [http-nio-7777-exec-8] Populated SecurityContextHolder with anonymous token: 'org.springframework.security.authentication.AnonymousAuthenticationToken@febdbe67: Principal: anonymousUser; Credentials: [PROTECTED]; Authenticated: true; Details: org.springframework.security.web.authentication.WebAuthenticationDetails@b364: RemoteIpAddress: 0:0:0:0:0:0:0:1; SessionId: null; Granted Authorities: ROLE_ANONYMOUS'
2020-04-20 12:31:04,681 DEBUG org.springframework.security.web.FilterChainProxy$VirtualFilterChain [http-nio-7777-exec-8] /token/resetPassword at position 10 of 12 in additional filter chain; firing Filter: 'SessionManagementFilter'
2020-04-20 12:31:04,681 DEBUG org.springframework.security.web.FilterChainProxy$VirtualFilterChain [http-nio-7777-exec-8] /token/resetPassword at position 11 of 12 in additional filter chain; firing Filter: 'ExceptionTranslationFilter'
2020-04-20 12:31:04,682 DEBUG org.springframework.security.web.FilterChainProxy$VirtualFilterChain [http-nio-7777-exec-8] /token/resetPassword at position 12 of 12 in additional filter chain; firing Filter: 'FilterSecurityInterceptor'
2020-04-20 12:31:04,682 DEBUG org.springframework.security.access.intercept.AbstractSecurityInterceptor [http-nio-7777-exec-8] Secure object: FilterInvocation: URL: /token/resetPassword; Attributes: [permitAll]
2020-04-20 12:31:04,682 DEBUG org.springframework.security.access.intercept.AbstractSecurityInterceptor [http-nio-7777-exec-8] Previously Authenticated: org.springframework.security.authentication.AnonymousAuthenticationToken@febdbe67: Principal: anonymousUser; Credentials: [PROTECTED]; Authenticated: true; Details: org.springframework.security.web.authentication.WebAuthenticationDetails@b364: RemoteIpAddress: 0:0:0:0:0:0:0:1; SessionId: null; Granted Authorities: ROLE_ANONYMOUS
2020-04-20 12:31:04,683 DEBUG org.springframework.security.access.vote.AffirmativeBased [http-nio-7777-exec-8] Voter: org.springframework.security.web.access.expression.WebExpressionVoter@8c5ee8b6, returned: 1
2020-04-20 12:31:04,684 DEBUG org.springframework.security.access.intercept.AbstractSecurityInterceptor [http-nio-7777-exec-8] Authorization successful
2020-04-20 12:31:04,684 DEBUG org.springframework.security.access.intercept.AbstractSecurityInterceptor [http-nio-7777-exec-8] RunAsManager did not change Authentication object
2020-04-20 12:31:04,685 DEBUG org.springframework.security.web.FilterChainProxy$VirtualFilterChain [http-nio-7777-exec-8] /token/resetPassword reached end of additional filter chain; proceeding with original chain
2020-04-20 12:31:04,686 DEBUG org.springframework.core.log.LogFormatUtils [http-nio-7777-exec-8] POST "/token/resetPassword", parameters={}
2020-04-20 12:31:04,689 DEBUG org.springframework.web.servlet.handler.AbstractHandlerMapping [http-nio-7777-exec-8] Mapped to com.skiya.sportzplatform.web.rest.AuthenticationResource#resetPassword(LoginUser)
2020-04-20 12:31:04,691 DEBUG org.springframework.core.log.LogFormatUtils [http-nio-7777-exec-8] Read "application/json;charset=UTF-8" to [com.skiya.sportzplatform.dto.LoginUser@e922ac57]
2020-04-20 12:31:04,691 DEBUG org.springframework.jdbc.datasource.DataSourceUtils [http-nio-7777-exec-8] Fetching JDBC Connection from DataSource
2020-04-20 12:31:04,693 DEBUG org.apache.ibatis.logging.jdbc.BaseJdbcLogger [http-nio-7777-exec-8] ==>  Preparing: select user_id, first_name, last_name, middle_name, user_profile_img, user_email, user_phone, user_password, last_login_date, provider_id, user_status, reset_token, alternate_name, user_img, user_dob, user_passport_nric, user_nationality, user_ethinicity, user_social_refid, user_address_refid from sportzplatform.user where reset_token = ? 
2020-04-20 12:31:04,694 DEBUG org.apache.ibatis.logging.jdbc.BaseJdbcLogger [http-nio-7777-exec-8] ==> Parameters: a59d017c-bf10-4107-9f97-0ea8b3b0491e(String)
2020-04-20 12:31:04,695 DEBUG org.apache.ibatis.logging.jdbc.BaseJdbcLogger [http-nio-7777-exec-8] <==      Total: 1
2020-04-20 12:31:04,696 DEBUG org.springframework.transaction.support.AbstractPlatformTransactionManager [http-nio-7777-exec-8] Creating new transaction with name [com.skiya.sportzplatform.service.UserService.updateUser]: PROPAGATION_REQUIRED,ISOLATION_DEFAULT
2020-04-20 12:31:04,697 DEBUG org.springframework.jdbc.datasource.DataSourceTransactionManager [http-nio-7777-exec-8] Acquired Connection [HikariProxyConnection@-908278209 wrapping org.postgresql.jdbc.PgConnection@40cd5e9b] for JDBC transaction
2020-04-20 12:31:04,697 DEBUG org.springframework.jdbc.datasource.DataSourceTransactionManager [http-nio-7777-exec-8] Switching JDBC Connection [HikariProxyConnection@-908278209 wrapping org.postgresql.jdbc.PgConnection@40cd5e9b] to manual commit
2020-04-20 12:31:04,698 DEBUG com.skiya.sportzplatform.service.UserService [http-nio-7777-exec-8] ÜserDTO....User [Hash = -4036533, userId=1, firstName=Siva, lastName=Sankaran, middleName=null, userProfileImg=null, userEmail=siva77@gmail.com, userPhone=87778666, userWebsite=null, userPassword=null, userDesc=null, lastLoginDate=null, providerId=null, userStatus=AC, resetToken=null, alternateName=null, userImg=null, userDob=null, userPassportNric=null, userNationality=null, userEthinicity=null, userSocialRefid=null, userAddressRefid=null]
2020-04-20 12:31:04,699 DEBUG org.apache.ibatis.logging.jdbc.BaseJdbcLogger [http-nio-7777-exec-8] ==>  Preparing: select user_id, first_name, last_name, middle_name, user_profile_img, user_email, user_phone, user_password, last_login_date, provider_id, user_status, reset_token, alternate_name, user_img, user_dob, user_passport_nric, user_nationality, user_ethinicity, user_social_refid, user_address_refid from sportzplatform.user where user_id = ? 
2020-04-20 12:31:04,699 DEBUG org.apache.ibatis.logging.jdbc.BaseJdbcLogger [http-nio-7777-exec-8] ==> Parameters: 1(Integer)
2020-04-20 12:31:04,702 DEBUG org.apache.ibatis.logging.jdbc.BaseJdbcLogger [http-nio-7777-exec-8] <==      Total: 1
2020-04-20 12:31:04,702 DEBUG com.skiya.sportzplatform.aop.AuditInterceptor [http-nio-7777-exec-8] Hello from Interceptor...update
2020-04-20 12:31:04,703 DEBUG org.apache.ibatis.logging.jdbc.BaseJdbcLogger [http-nio-7777-exec-8] ==>  Preparing: update sportzplatform.user set first_name = ?, last_name = ?, middle_name = ?, user_profile_img = ?, user_email = ?, user_phone = ?, user_password = ?, last_login_date = ?, provider_id = ?, user_status = ?, reset_token = ?, alternate_name = ?, user_img = ?, user_dob = ?, user_passport_nric = ?, user_nationality = ?, user_ethinicity = ?, user_social_refid = ?, user_address_refid = ? where user_id = ? 
2020-04-20 12:31:04,704 DEBUG org.apache.ibatis.logging.jdbc.BaseJdbcLogger [http-nio-7777-exec-8] ==> Parameters: Siva(String), Sankaran(String), null, null, siva77@gmail.com(String), 87778666(String), $2a$10$F9vZm2s0wtmkJr6I.pJo5.kcNOXi6oeq/066JgwR.AC7f3Uolic0O(String), null, null, AC(String), null, null, null, null, null, null, null, null, null, 1(Integer)
2020-04-20 12:31:04,705 DEBUG org.apache.ibatis.logging.jdbc.BaseJdbcLogger [http-nio-7777-exec-8] <==    Updates: 1
2020-04-20 12:31:04,706 DEBUG org.springframework.transaction.support.AbstractPlatformTransactionManager [http-nio-7777-exec-8] Initiating transaction commit
2020-04-20 12:31:04,706 DEBUG org.springframework.jdbc.datasource.DataSourceTransactionManager [http-nio-7777-exec-8] Committing JDBC transaction on Connection [HikariProxyConnection@-908278209 wrapping org.postgresql.jdbc.PgConnection@40cd5e9b]
2020-04-20 12:31:04,707 DEBUG org.springframework.jdbc.datasource.DataSourceTransactionManager [http-nio-7777-exec-8] Releasing JDBC Connection [HikariProxyConnection@-908278209 wrapping org.postgresql.jdbc.PgConnection@40cd5e9b] after transaction
2020-04-20 12:31:04,708 DEBUG org.springframework.web.servlet.mvc.method.annotation.AbstractMessageConverterMethodProcessor [http-nio-7777-exec-8] Using 'application/json', given [*/*] and supported [application/json, application/*+json, application/json, application/*+json]
2020-04-20 12:31:04,708 DEBUG org.springframework.core.log.LogFormatUtils [http-nio-7777-exec-8] Writing [com.skiya.sportzplatform.dto.RestResponse@90122e0]
2020-04-20 12:31:04,710 DEBUG org.springframework.security.web.header.writers.HstsHeaderWriter [http-nio-7777-exec-8] Not injecting HSTS header since it did not match the requestMatcher org.springframework.security.web.header.writers.HstsHeaderWriter$SecureRequestMatcher@217e453e
2020-04-20 12:31:04,710 DEBUG org.springframework.security.web.context.HttpSessionSecurityContextRepository$SaveToSessionResponseWrapper [http-nio-7777-exec-8] SecurityContext is empty or contents are anonymous - context will not be stored in HttpSession.
2020-04-20 12:31:04,711 DEBUG org.springframework.web.servlet.FrameworkServlet [http-nio-7777-exec-8] Completed 200 OK
2020-04-20 12:31:04,711 DEBUG org.springframework.security.web.access.ExceptionTranslationFilter [http-nio-7777-exec-8] Chain processed normally
2020-04-20 12:31:04,712 DEBUG org.springframework.security.web.context.SecurityContextPersistenceFilter [http-nio-7777-exec-8] SecurityContextHolder now cleared, as request processing completed
2020-04-20 13:59:12,263 WARN com.zaxxer.hikari.pool.HikariPool$HouseKeeper [HikariPool-2 housekeeper] HikariPool-2 - Thread starvation or clock leap detected (housekeeper delta=53m29s325ms605µs800ns).
2020-04-20 15:05:39,893 WARN com.zaxxer.hikari.pool.HikariPool$HouseKeeper [HikariPool-2 housekeeper] HikariPool-2 - Thread starvation or clock leap detected (housekeeper delta=9m57s545ms470µs900ns).
2020-04-20 15:09:08,948 INFO org.springframework.boot.admin.SpringApplicationAdminMXBeanRegistrar$SpringApplicationAdmin [RMI TCP Connection(5)-127.0.0.1] Application shutdown requested.
2020-04-20 15:09:08,950 DEBUG org.springframework.context.support.AbstractApplicationContext [RMI TCP Connection(5)-127.0.0.1] Closing org.springframework.boot.web.servlet.context.AnnotationConfigServletWebServerApplicationContext@9786b707, started on Mon Apr 20 12:28:28 SGT 2020
2020-04-20 15:09:08,974 DEBUG org.springframework.context.support.DefaultLifecycleProcessor$LifecycleGroup [RMI TCP Connection(5)-127.0.0.1] Stopping beans in phase 2147483647
2020-04-20 15:09:08,974 DEBUG org.springframework.context.support.DefaultLifecycleProcessor [RMI TCP Connection(5)-127.0.0.1] Bean 'documentationPluginsBootstrapper' completed its stop procedure
2020-04-20 15:09:08,977 DEBUG org.springframework.boot.actuate.endpoint.jmx.JmxEndpointExporter [RMI TCP Connection(5)-127.0.0.1] Unregister endpoint with ObjectName 'org.springframework.boot:type=Endpoint,name=Beans' from the JMX domain
2020-04-20 15:09:08,978 DEBUG org.springframework.boot.actuate.endpoint.jmx.JmxEndpointExporter [RMI TCP Connection(5)-127.0.0.1] Unregister endpoint with ObjectName 'org.springframework.boot:type=Endpoint,name=Caches' from the JMX domain
2020-04-20 15:09:08,978 DEBUG org.springframework.boot.actuate.endpoint.jmx.JmxEndpointExporter [RMI TCP Connection(5)-127.0.0.1] Unregister endpoint with ObjectName 'org.springframework.boot:type=Endpoint,name=Health' from the JMX domain
2020-04-20 15:09:08,978 DEBUG org.springframework.boot.actuate.endpoint.jmx.JmxEndpointExporter [RMI TCP Connection(5)-127.0.0.1] Unregister endpoint with ObjectName 'org.springframework.boot:type=Endpoint,name=Info' from the JMX domain
2020-04-20 15:09:08,979 DEBUG org.springframework.boot.actuate.endpoint.jmx.JmxEndpointExporter [RMI TCP Connection(5)-127.0.0.1] Unregister endpoint with ObjectName 'org.springframework.boot:type=Endpoint,name=Conditions' from the JMX domain
2020-04-20 15:09:08,979 DEBUG org.springframework.boot.actuate.endpoint.jmx.JmxEndpointExporter [RMI TCP Connection(5)-127.0.0.1] Unregister endpoint with ObjectName 'org.springframework.boot:type=Endpoint,name=Configprops' from the JMX domain
2020-04-20 15:09:08,979 DEBUG org.springframework.boot.actuate.endpoint.jmx.JmxEndpointExporter [RMI TCP Connection(5)-127.0.0.1] Unregister endpoint with ObjectName 'org.springframework.boot:type=Endpoint,name=Env' from the JMX domain
2020-04-20 15:09:08,979 DEBUG org.springframework.boot.actuate.endpoint.jmx.JmxEndpointExporter [RMI TCP Connection(5)-127.0.0.1] Unregister endpoint with ObjectName 'org.springframework.boot:type=Endpoint,name=Loggers' from the JMX domain
2020-04-20 15:09:08,980 DEBUG org.springframework.boot.actuate.endpoint.jmx.JmxEndpointExporter [RMI TCP Connection(5)-127.0.0.1] Unregister endpoint with ObjectName 'org.springframework.boot:type=Endpoint,name=Threaddump' from the JMX domain
2020-04-20 15:09:08,980 DEBUG org.springframework.boot.actuate.endpoint.jmx.JmxEndpointExporter [RMI TCP Connection(5)-127.0.0.1] Unregister endpoint with ObjectName 'org.springframework.boot:type=Endpoint,name=Metrics' from the JMX domain
2020-04-20 15:09:08,980 DEBUG org.springframework.boot.actuate.endpoint.jmx.JmxEndpointExporter [RMI TCP Connection(5)-127.0.0.1] Unregister endpoint with ObjectName 'org.springframework.boot:type=Endpoint,name=Scheduledtasks' from the JMX domain
2020-04-20 15:09:08,980 DEBUG org.springframework.boot.actuate.endpoint.jmx.JmxEndpointExporter [RMI TCP Connection(5)-127.0.0.1] Unregister endpoint with ObjectName 'org.springframework.boot:type=Endpoint,name=Mappings' from the JMX domain
2020-04-20 15:09:08,981 DEBUG org.springframework.jmx.export.MBeanExporter [RMI TCP Connection(5)-127.0.0.1] Unregistering JMX-exposed beans on shutdown
2020-04-20 15:09:08,981 DEBUG org.springframework.jmx.support.MBeanRegistrationSupport [RMI TCP Connection(5)-127.0.0.1] Unregistering JMX-exposed beans
2020-04-20 15:09:08,981 INFO org.springframework.scheduling.concurrent.ExecutorConfigurationSupport [RMI TCP Connection(5)-127.0.0.1] Shutting down ExecutorService 'applicationTaskExecutor'
2020-04-20 15:09:08,985 INFO com.zaxxer.hikari.HikariDataSource [RMI TCP Connection(5)-127.0.0.1] HikariPool-2 - Shutdown initiated...
2020-04-20 15:09:08,987 INFO com.zaxxer.hikari.HikariDataSource [RMI TCP Connection(5)-127.0.0.1] HikariPool-2 - Shutdown completed.
