2020-05-02 17:39:25,252 DEBUG org.springframework.security.web.FilterChainProxy$VirtualFilterChain [http-nio-7777-exec-2] /user/addUser at position 1 of 12 in additional filter chain; firing Filter: 'WebAsyncManagerIntegrationFilter'
2020-05-02 17:39:25,256 DEBUG org.springframework.security.web.FilterChainProxy$VirtualFilterChain [http-nio-7777-exec-2] /user/addUser at position 2 of 12 in additional filter chain; firing Filter: 'SecurityContextPersistenceFilter'
2020-05-02 17:39:25,258 DEBUG org.springframework.security.web.context.HttpSessionSecurityContextRepository [http-nio-7777-exec-2] No HttpSession currently exists
2020-05-02 17:39:25,259 DEBUG org.springframework.security.web.context.HttpSessionSecurityContextRepository [http-nio-7777-exec-2] No SecurityContext was available from the HttpSession: null. A new one will be created.
2020-05-02 17:39:25,262 DEBUG org.springframework.security.web.FilterChainProxy$VirtualFilterChain [http-nio-7777-exec-2] /user/addUser at position 3 of 12 in additional filter chain; firing Filter: 'HeaderWriterFilter'
2020-05-02 17:39:25,266 DEBUG org.springframework.security.web.FilterChainProxy$VirtualFilterChain [http-nio-7777-exec-2] /user/addUser at position 4 of 12 in additional filter chain; firing Filter: 'CorsFilter'
2020-05-02 17:39:25,276 DEBUG org.springframework.web.servlet.handler.AbstractHandlerMapping [http-nio-7777-exec-2] Mapped to com.skiya.sportzplatform.web.rest.UserResource#addUser(User, HttpServletRequest)
2020-05-02 17:39:25,277 DEBUG org.springframework.security.web.FilterChainProxy$VirtualFilterChain [http-nio-7777-exec-2] /user/addUser at position 5 of 12 in additional filter chain; firing Filter: 'LogoutFilter'
2020-05-02 17:39:25,278 DEBUG org.springframework.security.web.util.matcher.OrRequestMatcher [http-nio-7777-exec-2] Trying to match using Ant [pattern='/logout', GET]
2020-05-02 17:39:25,279 DEBUG org.springframework.security.web.util.matcher.AntPathRequestMatcher [http-nio-7777-exec-2] Request 'POST /user/addUser' doesn't match 'GET /logout'
2020-05-02 17:39:25,280 DEBUG org.springframework.security.web.util.matcher.OrRequestMatcher [http-nio-7777-exec-2] Trying to match using Ant [pattern='/logout', POST]
2020-05-02 17:39:25,281 DEBUG org.springframework.security.web.util.matcher.AntPathRequestMatcher [http-nio-7777-exec-2] Checking match of request : '/user/addUser'; against '/logout'
2020-05-02 17:39:25,283 DEBUG org.springframework.security.web.util.matcher.OrRequestMatcher [http-nio-7777-exec-2] Trying to match using Ant [pattern='/logout', PUT]
2020-05-02 17:39:25,283 DEBUG org.springframework.security.web.util.matcher.AntPathRequestMatcher [http-nio-7777-exec-2] Request 'POST /user/addUser' doesn't match 'PUT /logout'
2020-05-02 17:39:25,284 DEBUG org.springframework.security.web.util.matcher.OrRequestMatcher [http-nio-7777-exec-2] Trying to match using Ant [pattern='/logout', DELETE]
2020-05-02 17:39:25,284 DEBUG org.springframework.security.web.util.matcher.AntPathRequestMatcher [http-nio-7777-exec-2] Request 'POST /user/addUser' doesn't match 'DELETE /logout'
2020-05-02 17:39:25,285 DEBUG org.springframework.security.web.util.matcher.OrRequestMatcher [http-nio-7777-exec-2] No matches found
2020-05-02 17:39:25,285 DEBUG org.springframework.security.web.FilterChainProxy$VirtualFilterChain [http-nio-7777-exec-2] /user/addUser at position 6 of 12 in additional filter chain; firing Filter: 'JWTAuthenticationFilter'
2020-05-02 17:39:25,286 WARN com.skiya.sportzplatform.security.JWTAuthenticationFilter [http-nio-7777-exec-2] couldn't find bearer string, will ignore the header
2020-05-02 17:39:25,287 DEBUG org.springframework.security.web.FilterChainProxy$VirtualFilterChain [http-nio-7777-exec-2] /user/addUser at position 7 of 12 in additional filter chain; firing Filter: 'RequestCacheAwareFilter'
2020-05-02 17:39:25,287 DEBUG org.springframework.security.web.savedrequest.HttpSessionRequestCache [http-nio-7777-exec-2] saved request doesn't match
2020-05-02 17:39:25,287 DEBUG org.springframework.security.web.FilterChainProxy$VirtualFilterChain [http-nio-7777-exec-2] /user/addUser at position 8 of 12 in additional filter chain; firing Filter: 'SecurityContextHolderAwareRequestFilter'
2020-05-02 17:39:25,290 DEBUG org.springframework.security.web.FilterChainProxy$VirtualFilterChain [http-nio-7777-exec-2] /user/addUser at position 9 of 12 in additional filter chain; firing Filter: 'AnonymousAuthenticationFilter'
2020-05-02 17:39:25,291 DEBUG org.springframework.security.web.authentication.AnonymousAuthenticationFilter [http-nio-7777-exec-2] Populated SecurityContextHolder with anonymous token: 'org.springframework.security.authentication.AnonymousAuthenticationToken@e0bbaf48: Principal: anonymousUser; Credentials: [PROTECTED]; Authenticated: true; Details: org.springframework.security.web.authentication.WebAuthenticationDetails@b364: RemoteIpAddress: 0:0:0:0:0:0:0:1; SessionId: null; Granted Authorities: ROLE_ANONYMOUS'
2020-05-02 17:39:25,292 DEBUG org.springframework.security.web.FilterChainProxy$VirtualFilterChain [http-nio-7777-exec-2] /user/addUser at position 10 of 12 in additional filter chain; firing Filter: 'SessionManagementFilter'
2020-05-02 17:39:25,293 DEBUG org.springframework.security.web.FilterChainProxy$VirtualFilterChain [http-nio-7777-exec-2] /user/addUser at position 11 of 12 in additional filter chain; firing Filter: 'ExceptionTranslationFilter'
2020-05-02 17:39:25,293 DEBUG org.springframework.security.web.FilterChainProxy$VirtualFilterChain [http-nio-7777-exec-2] /user/addUser at position 12 of 12 in additional filter chain; firing Filter: 'FilterSecurityInterceptor'
2020-05-02 17:39:25,294 DEBUG org.springframework.security.access.intercept.AbstractSecurityInterceptor [http-nio-7777-exec-2] Secure object: FilterInvocation: URL: /user/addUser; Attributes: [permitAll]
2020-05-02 17:39:25,295 DEBUG org.springframework.security.access.intercept.AbstractSecurityInterceptor [http-nio-7777-exec-2] Previously Authenticated: org.springframework.security.authentication.AnonymousAuthenticationToken@e0bbaf48: Principal: anonymousUser; Credentials: [PROTECTED]; Authenticated: true; Details: org.springframework.security.web.authentication.WebAuthenticationDetails@b364: RemoteIpAddress: 0:0:0:0:0:0:0:1; SessionId: null; Granted Authorities: ROLE_ANONYMOUS
2020-05-02 17:39:25,305 DEBUG org.springframework.security.access.vote.AffirmativeBased [http-nio-7777-exec-2] Voter: org.springframework.security.web.access.expression.WebExpressionVoter@c7289291, returned: 1
2020-05-02 17:39:25,306 DEBUG org.springframework.security.access.intercept.AbstractSecurityInterceptor [http-nio-7777-exec-2] Authorization successful
2020-05-02 17:39:25,307 DEBUG org.springframework.security.access.intercept.AbstractSecurityInterceptor [http-nio-7777-exec-2] RunAsManager did not change Authentication object
2020-05-02 17:39:25,308 DEBUG org.springframework.security.web.FilterChainProxy$VirtualFilterChain [http-nio-7777-exec-2] /user/addUser reached end of additional filter chain; proceeding with original chain
2020-05-02 17:39:25,312 DEBUG org.springframework.core.log.LogFormatUtils [http-nio-7777-exec-2] POST "/user/addUser", parameters={}
2020-05-02 17:39:25,316 DEBUG org.springframework.web.servlet.handler.AbstractHandlerMapping [http-nio-7777-exec-2] Mapped to com.skiya.sportzplatform.web.rest.UserResource#addUser(User, HttpServletRequest)
2020-05-02 17:39:25,420 DEBUG org.springframework.core.log.LogFormatUtils [http-nio-7777-exec-2] Read "application/json;charset=UTF-8" to [User [userId=null, firstName=Siva, lastName=Sankaran, middleName=null, userProfileImg=null, userEmai (truncated)...]
2020-05-02 17:39:25,448 DEBUG com.skiya.sportzplatform.web.rest.UserResource [http-nio-7777-exec-2] User Details...User [userId=null, firstName=Siva, lastName=Sankaran, middleName=null, userProfileImg=null, userEmail=bsiva_77@yahoo.com, userPhone=87778666, userWebsite=null, userDesc=null, lastLoginDate=null, providerId=null, userStatus=null, resetToken=null, alternateName=null, userImg=null, userDob=null, userPassportNric=null, userNationality=null, userEthinicity=null, address=null, social=null, userType=[User], userGender=null, followerCount=0, followingCount=0]
2020-05-02 17:39:25,538 DEBUG org.springframework.jdbc.datasource.DataSourceUtils [http-nio-7777-exec-2] Fetching JDBC Connection from DataSource
2020-05-02 17:39:25,539 INFO com.zaxxer.hikari.HikariDataSource [http-nio-7777-exec-2] HikariPool-1 - Starting...
2020-05-02 17:39:25,758 INFO com.zaxxer.hikari.HikariDataSource [http-nio-7777-exec-2] HikariPool-1 - Start completed.
2020-05-02 17:39:25,777 DEBUG org.apache.ibatis.logging.jdbc.BaseJdbcLogger [http-nio-7777-exec-2] ==>  Preparing: select user_id, first_name, last_name, middle_name, user_profile_img, user_email, user_phone, user_password, last_login_date, provider_id, user_status, reset_token, alternate_name, user_img, user_dob, user_passport_nric, user_nationality, user_ethinicity, social, address, user_type, user_gender,follower_count,following_count from sportzplatform.user where user_email = ? 
2020-05-02 17:39:25,806 DEBUG org.apache.ibatis.logging.jdbc.BaseJdbcLogger [http-nio-7777-exec-2] ==> Parameters: bsiva_77@yahoo.com(String)
2020-05-02 17:39:25,847 DEBUG org.apache.ibatis.logging.jdbc.BaseJdbcLogger [http-nio-7777-exec-2] <==      Total: 0
2020-05-02 17:39:25,857 DEBUG com.skiya.sportzplatform.web.rest.UserResource [http-nio-7777-exec-2] Test url...http://localhost
2020-05-02 17:39:25,868 DEBUG org.springframework.transaction.support.AbstractPlatformTransactionManager [http-nio-7777-exec-2] Creating new transaction with name [com.skiya.sportzplatform.service.UserService.addUser]: PROPAGATION_REQUIRED,ISOLATION_DEFAULT
2020-05-02 17:39:25,868 DEBUG org.springframework.jdbc.datasource.DataSourceTransactionManager [http-nio-7777-exec-2] Acquired Connection [HikariProxyConnection@-724597067 wrapping org.postgresql.jdbc.PgConnection@8086de70] for JDBC transaction
2020-05-02 17:39:25,878 DEBUG org.springframework.jdbc.datasource.DataSourceTransactionManager [http-nio-7777-exec-2] Switching JDBC Connection [HikariProxyConnection@-724597067 wrapping org.postgresql.jdbc.PgConnection@8086de70] to manual commit
2020-05-02 17:39:26,098 DEBUG com.skiya.sportzplatform.aop.AuditInterceptor [http-nio-7777-exec-2] Hello from Interceptor...update
2020-05-02 17:39:26,098 DEBUG org.apache.ibatis.logging.jdbc.BaseJdbcLogger [http-nio-7777-exec-2] ==>  Preparing: insert into sportzplatform.user (first_name, last_name, middle_name, user_profile_img, user_email, user_phone, user_password, last_login_date, provider_id, user_status, reset_token, alternate_name, user_img, user_dob, user_passport_nric, user_nationality, user_ethinicity, social, address,user_type,user_gender,follower_count,following_count) values (?, ?, ?, ?, ?, ?, ?, ?, ?, ?, ?,?, ?, ?, ?, ?, ?, ?, ?, ?, ?, ?,?) 
2020-05-02 17:39:26,110 DEBUG org.apache.ibatis.logging.jdbc.BaseJdbcLogger [http-nio-7777-exec-2] ==> Parameters: Siva(String), Sankaran(String), null, null, bsiva_77@yahoo.com(String), 87778666(String), $2a$10$w0hwjv5DfTVvMYY8nRv1TuxP59EEqzvYuVrvTbFPczIKeulXk0MPG(String), null, null, IN(String), null, null, null, null, null, null, null, null, null, [User](PgArray), null, 0(Integer), 0(Integer)
2020-05-02 17:39:26,120 DEBUG org.apache.ibatis.logging.jdbc.BaseJdbcLogger [http-nio-7777-exec-2] <==    Updates: 1
2020-05-02 17:39:26,130 DEBUG org.springframework.transaction.support.AbstractPlatformTransactionManager [http-nio-7777-exec-2] Initiating transaction commit
2020-05-02 17:39:26,131 DEBUG org.springframework.jdbc.datasource.DataSourceTransactionManager [http-nio-7777-exec-2] Committing JDBC transaction on Connection [HikariProxyConnection@-724597067 wrapping org.postgresql.jdbc.PgConnection@8086de70]
2020-05-02 17:39:26,134 DEBUG org.springframework.jdbc.datasource.DataSourceTransactionManager [http-nio-7777-exec-2] Releasing JDBC Connection [HikariProxyConnection@-724597067 wrapping org.postgresql.jdbc.PgConnection@8086de70] after transaction
2020-05-02 17:39:26,136 DEBUG com.skiya.sportzplatform.aop.AuditInterceptor [http-nio-7777-exec-2] Hello from Interceptor...update
2020-05-02 17:39:26,137 DEBUG org.springframework.jdbc.datasource.DataSourceUtils [http-nio-7777-exec-2] Fetching JDBC Connection from DataSource
2020-05-02 17:39:26,138 DEBUG org.apache.ibatis.logging.jdbc.BaseJdbcLogger [http-nio-7777-exec-2] ==>  Preparing: update sportzplatform.user set first_name = ?, last_name = ?, middle_name = ?, user_profile_img = ?, user_email = ?, user_phone = ?, user_password = ?, last_login_date = ?, provider_id = ?, user_status = ?, reset_token = ?, alternate_name = ?, user_img = ?, user_dob = ?, user_passport_nric = ?, user_nationality = ?, user_ethinicity = ?, social = ?, address = ?, user_type = ?, user_gender = ?, following_count = ?, follower_count = ? where user_id = ? 
2020-05-02 17:39:26,138 DEBUG org.apache.ibatis.logging.jdbc.BaseJdbcLogger [http-nio-7777-exec-2] ==> Parameters: Siva(String), Sankaran(String), null, null, bsiva_77@yahoo.com(String), 87778666(String), $2a$10$w0hwjv5DfTVvMYY8nRv1TuxP59EEqzvYuVrvTbFPczIKeulXk0MPG(String), null, null, IN(String), 9221a2a7-ca5f-411f-ae9a-68451f272823(String), null, null, null, null, null, null, null, null, [User](PgArray), null, 0(Integer), 0(Integer), 1(Integer)
2020-05-02 17:39:26,146 DEBUG org.apache.ibatis.logging.jdbc.BaseJdbcLogger [http-nio-7777-exec-2] <==    Updates: 1
2020-05-02 17:39:26,147 DEBUG com.skiya.sportzplatform.service.UserService [http-nio-7777-exec-2] User Created successfully with token...
2020-05-02 17:39:26,153 DEBUG com.skiya.sportzplatform.common.EmailUtil [http-nio-7777-exec-2] Send API KeySG.z35yNMeuTYiH5t1li4qsPg.yi8-JHo10a4VnDCn-5YHEMOvDIZ9XhS5_fmF9KGvq1Y
2020-05-02 17:39:28,413 DEBUG com.skiya.sportzplatform.common.EmailUtil [http-nio-7777-exec-2] 202
2020-05-02 17:39:28,413 DEBUG com.skiya.sportzplatform.common.EmailUtil [http-nio-7777-exec-2] 
2020-05-02 17:39:28,416 DEBUG com.skiya.sportzplatform.common.EmailUtil [http-nio-7777-exec-2] {Server=nginx, Access-Control-Allow-Origin=https://sendgrid.api-docs.io, Access-Control-Allow-Methods=POST, Connection=keep-alive, X-Message-Id=FtSUeTyhQKmgO29MKwdfcw, X-No-CORS-Reason=https://sendgrid.com/docs/Classroom/Basics/API/cors.html, Content-Length=0, Access-Control-Max-Age=600, Date=Sat, 02 May 2020 09:39:28 GMT, Access-Control-Allow-Headers=Authorization, Content-Type, On-behalf-of, x-sg-elas-acl}
2020-05-02 17:39:28,428 DEBUG org.springframework.web.servlet.mvc.method.annotation.AbstractMessageConverterMethodProcessor [http-nio-7777-exec-2] Using 'application/json', given [*/*] and supported [application/json, application/*+json, application/json, application/*+json]
2020-05-02 17:39:28,429 DEBUG org.springframework.core.log.LogFormatUtils [http-nio-7777-exec-2] Writing [com.skiya.sportzplatform.dto.RestResponse@134e2428]
2020-05-02 17:39:28,446 DEBUG org.springframework.security.web.header.writers.HstsHeaderWriter [http-nio-7777-exec-2] Not injecting HSTS header since it did not match the requestMatcher org.springframework.security.web.header.writers.HstsHeaderWriter$SecureRequestMatcher@810cff73
2020-05-02 17:39:28,446 DEBUG org.springframework.security.web.context.HttpSessionSecurityContextRepository$SaveToSessionResponseWrapper [http-nio-7777-exec-2] SecurityContext is empty or contents are anonymous - context will not be stored in HttpSession.
2020-05-02 17:39:28,456 DEBUG org.springframework.web.servlet.FrameworkServlet [http-nio-7777-exec-2] Completed 200 OK
2020-05-02 17:39:28,457 DEBUG org.springframework.security.web.access.ExceptionTranslationFilter [http-nio-7777-exec-2] Chain processed normally
2020-05-02 17:39:28,457 DEBUG org.springframework.security.web.context.SecurityContextPersistenceFilter [http-nio-7777-exec-2] SecurityContextHolder now cleared, as request processing completed
2020-05-02 17:40:15,830 DEBUG org.springframework.security.web.FilterChainProxy$VirtualFilterChain [http-nio-7777-exec-3] /token/activateUser at position 1 of 12 in additional filter chain; firing Filter: 'WebAsyncManagerIntegrationFilter'
2020-05-02 17:40:15,831 DEBUG org.springframework.security.web.FilterChainProxy$VirtualFilterChain [http-nio-7777-exec-3] /token/activateUser at position 2 of 12 in additional filter chain; firing Filter: 'SecurityContextPersistenceFilter'
2020-05-02 17:40:15,831 DEBUG org.springframework.security.web.context.HttpSessionSecurityContextRepository [http-nio-7777-exec-3] No HttpSession currently exists
2020-05-02 17:40:15,832 DEBUG org.springframework.security.web.context.HttpSessionSecurityContextRepository [http-nio-7777-exec-3] No SecurityContext was available from the HttpSession: null. A new one will be created.
2020-05-02 17:40:15,832 DEBUG org.springframework.security.web.FilterChainProxy$VirtualFilterChain [http-nio-7777-exec-3] /token/activateUser at position 3 of 12 in additional filter chain; firing Filter: 'HeaderWriterFilter'
2020-05-02 17:40:15,832 DEBUG org.springframework.security.web.FilterChainProxy$VirtualFilterChain [http-nio-7777-exec-3] /token/activateUser at position 4 of 12 in additional filter chain; firing Filter: 'CorsFilter'
2020-05-02 17:40:15,833 DEBUG org.springframework.web.servlet.handler.AbstractHandlerMapping [http-nio-7777-exec-3] Mapped to com.skiya.sportzplatform.web.rest.AuthenticationResource#activateUser(LoginUser)
2020-05-02 17:40:15,834 DEBUG org.springframework.security.web.FilterChainProxy$VirtualFilterChain [http-nio-7777-exec-3] /token/activateUser at position 5 of 12 in additional filter chain; firing Filter: 'LogoutFilter'
2020-05-02 17:40:15,834 DEBUG org.springframework.security.web.util.matcher.OrRequestMatcher [http-nio-7777-exec-3] Trying to match using Ant [pattern='/logout', GET]
2020-05-02 17:40:15,835 DEBUG org.springframework.security.web.util.matcher.AntPathRequestMatcher [http-nio-7777-exec-3] Request 'POST /token/activateUser' doesn't match 'GET /logout'
2020-05-02 17:40:15,835 DEBUG org.springframework.security.web.util.matcher.OrRequestMatcher [http-nio-7777-exec-3] Trying to match using Ant [pattern='/logout', POST]
2020-05-02 17:40:15,835 DEBUG org.springframework.security.web.util.matcher.AntPathRequestMatcher [http-nio-7777-exec-3] Checking match of request : '/token/activateUser'; against '/logout'
2020-05-02 17:40:15,835 DEBUG org.springframework.security.web.util.matcher.OrRequestMatcher [http-nio-7777-exec-3] Trying to match using Ant [pattern='/logout', PUT]
2020-05-02 17:40:15,836 DEBUG org.springframework.security.web.util.matcher.AntPathRequestMatcher [http-nio-7777-exec-3] Request 'POST /token/activateUser' doesn't match 'PUT /logout'
2020-05-02 17:40:15,836 DEBUG org.springframework.security.web.util.matcher.OrRequestMatcher [http-nio-7777-exec-3] Trying to match using Ant [pattern='/logout', DELETE]
2020-05-02 17:40:15,836 DEBUG org.springframework.security.web.util.matcher.AntPathRequestMatcher [http-nio-7777-exec-3] Request 'POST /token/activateUser' doesn't match 'DELETE /logout'
2020-05-02 17:40:15,837 DEBUG org.springframework.security.web.util.matcher.OrRequestMatcher [http-nio-7777-exec-3] No matches found
2020-05-02 17:40:15,837 DEBUG org.springframework.security.web.FilterChainProxy$VirtualFilterChain [http-nio-7777-exec-3] /token/activateUser at position 6 of 12 in additional filter chain; firing Filter: 'JWTAuthenticationFilter'
2020-05-02 17:40:15,838 WARN com.skiya.sportzplatform.security.JWTAuthenticationFilter [http-nio-7777-exec-3] couldn't find bearer string, will ignore the header
2020-05-02 17:40:15,839 DEBUG org.springframework.security.web.FilterChainProxy$VirtualFilterChain [http-nio-7777-exec-3] /token/activateUser at position 7 of 12 in additional filter chain; firing Filter: 'RequestCacheAwareFilter'
2020-05-02 17:40:15,839 DEBUG org.springframework.security.web.savedrequest.HttpSessionRequestCache [http-nio-7777-exec-3] saved request doesn't match
2020-05-02 17:40:15,840 DEBUG org.springframework.security.web.FilterChainProxy$VirtualFilterChain [http-nio-7777-exec-3] /token/activateUser at position 8 of 12 in additional filter chain; firing Filter: 'SecurityContextHolderAwareRequestFilter'
2020-05-02 17:40:15,841 DEBUG org.springframework.security.web.FilterChainProxy$VirtualFilterChain [http-nio-7777-exec-3] /token/activateUser at position 9 of 12 in additional filter chain; firing Filter: 'AnonymousAuthenticationFilter'
2020-05-02 17:40:15,842 DEBUG org.springframework.security.web.authentication.AnonymousAuthenticationFilter [http-nio-7777-exec-3] Populated SecurityContextHolder with anonymous token: 'org.springframework.security.authentication.AnonymousAuthenticationToken@e0bbaf48: Principal: anonymousUser; Credentials: [PROTECTED]; Authenticated: true; Details: org.springframework.security.web.authentication.WebAuthenticationDetails@b364: RemoteIpAddress: 0:0:0:0:0:0:0:1; SessionId: null; Granted Authorities: ROLE_ANONYMOUS'
2020-05-02 17:40:15,842 DEBUG org.springframework.security.web.FilterChainProxy$VirtualFilterChain [http-nio-7777-exec-3] /token/activateUser at position 10 of 12 in additional filter chain; firing Filter: 'SessionManagementFilter'
2020-05-02 17:40:15,843 DEBUG org.springframework.security.web.FilterChainProxy$VirtualFilterChain [http-nio-7777-exec-3] /token/activateUser at position 11 of 12 in additional filter chain; firing Filter: 'ExceptionTranslationFilter'
2020-05-02 17:40:15,843 DEBUG org.springframework.security.web.FilterChainProxy$VirtualFilterChain [http-nio-7777-exec-3] /token/activateUser at position 12 of 12 in additional filter chain; firing Filter: 'FilterSecurityInterceptor'
2020-05-02 17:40:15,844 DEBUG org.springframework.security.access.intercept.AbstractSecurityInterceptor [http-nio-7777-exec-3] Secure object: FilterInvocation: URL: /token/activateUser; Attributes: [permitAll]
2020-05-02 17:40:15,844 DEBUG org.springframework.security.access.intercept.AbstractSecurityInterceptor [http-nio-7777-exec-3] Previously Authenticated: org.springframework.security.authentication.AnonymousAuthenticationToken@e0bbaf48: Principal: anonymousUser; Credentials: [PROTECTED]; Authenticated: true; Details: org.springframework.security.web.authentication.WebAuthenticationDetails@b364: RemoteIpAddress: 0:0:0:0:0:0:0:1; SessionId: null; Granted Authorities: ROLE_ANONYMOUS
2020-05-02 17:40:15,845 DEBUG org.springframework.security.access.vote.AffirmativeBased [http-nio-7777-exec-3] Voter: org.springframework.security.web.access.expression.WebExpressionVoter@c7289291, returned: 1
2020-05-02 17:40:15,845 DEBUG org.springframework.security.access.intercept.AbstractSecurityInterceptor [http-nio-7777-exec-3] Authorization successful
2020-05-02 17:40:15,845 DEBUG org.springframework.security.access.intercept.AbstractSecurityInterceptor [http-nio-7777-exec-3] RunAsManager did not change Authentication object
2020-05-02 17:40:15,846 DEBUG org.springframework.security.web.FilterChainProxy$VirtualFilterChain [http-nio-7777-exec-3] /token/activateUser reached end of additional filter chain; proceeding with original chain
2020-05-02 17:40:15,846 DEBUG org.springframework.core.log.LogFormatUtils [http-nio-7777-exec-3] POST "/token/activateUser", parameters={}
2020-05-02 17:40:15,847 DEBUG org.springframework.web.servlet.handler.AbstractHandlerMapping [http-nio-7777-exec-3] Mapped to com.skiya.sportzplatform.web.rest.AuthenticationResource#activateUser(LoginUser)
2020-05-02 17:40:15,850 DEBUG org.springframework.core.log.LogFormatUtils [http-nio-7777-exec-3] Read "application/json;charset=UTF-8" to [LoginUser [userEmail=null, password=null, token=9221a2a7-ca5f-411f-ae9a-68451f272823]]
2020-05-02 17:40:15,851 DEBUG org.springframework.jdbc.datasource.DataSourceUtils [http-nio-7777-exec-3] Fetching JDBC Connection from DataSource
2020-05-02 17:40:15,852 DEBUG org.apache.ibatis.logging.jdbc.BaseJdbcLogger [http-nio-7777-exec-3] ==>  Preparing: select user_id, first_name, last_name, middle_name, user_profile_img, user_email, user_phone, user_password, last_login_date, provider_id, user_status, reset_token, alternate_name, user_img, user_dob, user_passport_nric, user_nationality, user_ethinicity, social, address, user_type, user_gender,follower_count,following_count from sportzplatform.user where reset_token = ? 
2020-05-02 17:40:15,853 DEBUG org.apache.ibatis.logging.jdbc.BaseJdbcLogger [http-nio-7777-exec-3] ==> Parameters: 9221a2a7-ca5f-411f-ae9a-68451f272823(String)
2020-05-02 17:40:15,857 DEBUG org.apache.ibatis.logging.jdbc.BaseJdbcLogger [http-nio-7777-exec-3] <==      Total: 1
2020-05-02 17:40:15,857 DEBUG org.springframework.transaction.support.AbstractPlatformTransactionManager [http-nio-7777-exec-3] Creating new transaction with name [com.skiya.sportzplatform.service.UserService.updateToken]: PROPAGATION_REQUIRED,ISOLATION_DEFAULT
2020-05-02 17:40:15,857 DEBUG org.springframework.jdbc.datasource.DataSourceTransactionManager [http-nio-7777-exec-3] Acquired Connection [HikariProxyConnection@1593280423 wrapping org.postgresql.jdbc.PgConnection@8086de70] for JDBC transaction
2020-05-02 17:40:15,857 DEBUG org.springframework.jdbc.datasource.DataSourceTransactionManager [http-nio-7777-exec-3] Switching JDBC Connection [HikariProxyConnection@1593280423 wrapping org.postgresql.jdbc.PgConnection@8086de70] to manual commit
2020-05-02 17:40:15,862 DEBUG com.skiya.sportzplatform.service.UserService [http-nio-7777-exec-3] UserDTO....User [userId=1, firstName=null, lastName=null, middleName=null, userProfileImg=null, userEmail=null, userPhone=null, userWebsite=null, userDesc=null, lastLoginDate=null, providerId=null, userStatus=AC, resetToken=null, alternateName=null, userImg=null, userDob=null, userPassportNric=null, userNationality=null, userEthinicity=null, address=null, social=null, userType=null, userGender=null, followerCount=0, followingCount=0]
2020-05-02 17:40:15,862 DEBUG org.apache.ibatis.logging.jdbc.BaseJdbcLogger [http-nio-7777-exec-3] ==>  Preparing: select user_id, first_name, last_name, middle_name, user_profile_img, user_email, user_phone, user_password, last_login_date, provider_id, user_status, reset_token, alternate_name, user_img, user_dob, user_passport_nric, user_nationality, user_ethinicity, social, address, user_type, user_gender,follower_count,following_count from sportzplatform.user where user_id = ? 
2020-05-02 17:40:15,864 DEBUG org.apache.ibatis.logging.jdbc.BaseJdbcLogger [http-nio-7777-exec-3] ==> Parameters: 1(Integer)
2020-05-02 17:40:15,865 DEBUG org.apache.ibatis.logging.jdbc.BaseJdbcLogger [http-nio-7777-exec-3] <==      Total: 1
2020-05-02 17:40:15,865 DEBUG com.skiya.sportzplatform.aop.AuditInterceptor [http-nio-7777-exec-3] Hello from Interceptor...update
2020-05-02 17:40:15,865 DEBUG org.apache.ibatis.logging.jdbc.BaseJdbcLogger [http-nio-7777-exec-3] ==>  Preparing: update sportzplatform.user set first_name = ?, last_name = ?, middle_name = ?, user_profile_img = ?, user_email = ?, user_phone = ?, user_password = ?, last_login_date = ?, provider_id = ?, user_status = ?, reset_token = ?, alternate_name = ?, user_img = ?, user_dob = ?, user_passport_nric = ?, user_nationality = ?, user_ethinicity = ?, social = ?, address = ?, user_type = ?, user_gender = ?, following_count = ?, follower_count = ? where user_id = ? 
2020-05-02 17:40:15,869 DEBUG org.apache.ibatis.logging.jdbc.BaseJdbcLogger [http-nio-7777-exec-3] ==> Parameters: Siva(String), Sankaran(String), null, null, bsiva_77@yahoo.com(String), 87778666(String), $2a$10$w0hwjv5DfTVvMYY8nRv1TuxP59EEqzvYuVrvTbFPczIKeulXk0MPG(String), null, null, AC(String), null, null, null, null, null, null, null, null, null, [User](PgArray), null, 0(Integer), 0(Integer), 1(Integer)
2020-05-02 17:40:15,871 DEBUG org.apache.ibatis.logging.jdbc.BaseJdbcLogger [http-nio-7777-exec-3] <==    Updates: 1
2020-05-02 17:40:15,871 DEBUG org.springframework.transaction.support.AbstractPlatformTransactionManager [http-nio-7777-exec-3] Initiating transaction commit
2020-05-02 17:40:15,871 DEBUG org.springframework.jdbc.datasource.DataSourceTransactionManager [http-nio-7777-exec-3] Committing JDBC transaction on Connection [HikariProxyConnection@1593280423 wrapping org.postgresql.jdbc.PgConnection@8086de70]
2020-05-02 17:40:15,873 DEBUG org.springframework.jdbc.datasource.DataSourceTransactionManager [http-nio-7777-exec-3] Releasing JDBC Connection [HikariProxyConnection@1593280423 wrapping org.postgresql.jdbc.PgConnection@8086de70] after transaction
2020-05-02 17:40:15,874 DEBUG org.springframework.web.servlet.mvc.method.annotation.AbstractMessageConverterMethodProcessor [http-nio-7777-exec-3] Using 'application/json', given [*/*] and supported [application/json, application/*+json, application/json, application/*+json]
2020-05-02 17:40:15,875 DEBUG org.springframework.core.log.LogFormatUtils [http-nio-7777-exec-3] Writing [com.skiya.sportzplatform.dto.RestResponse@ee52db88]
2020-05-02 17:40:15,875 DEBUG org.springframework.security.web.header.writers.HstsHeaderWriter [http-nio-7777-exec-3] Not injecting HSTS header since it did not match the requestMatcher org.springframework.security.web.header.writers.HstsHeaderWriter$SecureRequestMatcher@810cff73
2020-05-02 17:40:15,876 DEBUG org.springframework.security.web.context.HttpSessionSecurityContextRepository$SaveToSessionResponseWrapper [http-nio-7777-exec-3] SecurityContext is empty or contents are anonymous - context will not be stored in HttpSession.
2020-05-02 17:40:15,877 DEBUG org.springframework.web.servlet.FrameworkServlet [http-nio-7777-exec-3] Completed 200 OK
2020-05-02 17:40:15,878 DEBUG org.springframework.security.web.access.ExceptionTranslationFilter [http-nio-7777-exec-3] Chain processed normally
2020-05-02 17:40:15,878 DEBUG org.springframework.security.web.context.SecurityContextPersistenceFilter [http-nio-7777-exec-3] SecurityContextHolder now cleared, as request processing completed
2020-05-02 17:40:33,124 DEBUG org.springframework.security.web.FilterChainProxy$VirtualFilterChain [http-nio-7777-exec-4] /token/passwordEmail at position 1 of 12 in additional filter chain; firing Filter: 'WebAsyncManagerIntegrationFilter'
2020-05-02 17:40:33,125 DEBUG org.springframework.security.web.FilterChainProxy$VirtualFilterChain [http-nio-7777-exec-4] /token/passwordEmail at position 2 of 12 in additional filter chain; firing Filter: 'SecurityContextPersistenceFilter'
2020-05-02 17:40:33,126 DEBUG org.springframework.security.web.context.HttpSessionSecurityContextRepository [http-nio-7777-exec-4] No HttpSession currently exists
2020-05-02 17:40:33,126 DEBUG org.springframework.security.web.context.HttpSessionSecurityContextRepository [http-nio-7777-exec-4] No SecurityContext was available from the HttpSession: null. A new one will be created.
2020-05-02 17:40:33,127 DEBUG org.springframework.security.web.FilterChainProxy$VirtualFilterChain [http-nio-7777-exec-4] /token/passwordEmail at position 3 of 12 in additional filter chain; firing Filter: 'HeaderWriterFilter'
2020-05-02 17:40:33,127 DEBUG org.springframework.security.web.FilterChainProxy$VirtualFilterChain [http-nio-7777-exec-4] /token/passwordEmail at position 4 of 12 in additional filter chain; firing Filter: 'CorsFilter'
2020-05-02 17:40:33,128 DEBUG org.springframework.web.servlet.handler.AbstractHandlerMapping [http-nio-7777-exec-4] Mapped to com.skiya.sportzplatform.web.rest.AuthenticationResource#passwordEmail(LoginUser, HttpServletRequest)
2020-05-02 17:40:33,130 DEBUG org.springframework.security.web.FilterChainProxy$VirtualFilterChain [http-nio-7777-exec-4] /token/passwordEmail at position 5 of 12 in additional filter chain; firing Filter: 'LogoutFilter'
2020-05-02 17:40:33,130 DEBUG org.springframework.security.web.util.matcher.OrRequestMatcher [http-nio-7777-exec-4] Trying to match using Ant [pattern='/logout', GET]
2020-05-02 17:40:33,131 DEBUG org.springframework.security.web.util.matcher.AntPathRequestMatcher [http-nio-7777-exec-4] Request 'POST /token/passwordEmail' doesn't match 'GET /logout'
2020-05-02 17:40:33,131 DEBUG org.springframework.security.web.util.matcher.OrRequestMatcher [http-nio-7777-exec-4] Trying to match using Ant [pattern='/logout', POST]
2020-05-02 17:40:33,132 DEBUG org.springframework.security.web.util.matcher.AntPathRequestMatcher [http-nio-7777-exec-4] Checking match of request : '/token/passwordEmail'; against '/logout'
2020-05-02 17:40:33,132 DEBUG org.springframework.security.web.util.matcher.OrRequestMatcher [http-nio-7777-exec-4] Trying to match using Ant [pattern='/logout', PUT]
2020-05-02 17:40:33,133 DEBUG org.springframework.security.web.util.matcher.AntPathRequestMatcher [http-nio-7777-exec-4] Request 'POST /token/passwordEmail' doesn't match 'PUT /logout'
2020-05-02 17:40:33,134 DEBUG org.springframework.security.web.util.matcher.OrRequestMatcher [http-nio-7777-exec-4] Trying to match using Ant [pattern='/logout', DELETE]
2020-05-02 17:40:33,134 DEBUG org.springframework.security.web.util.matcher.AntPathRequestMatcher [http-nio-7777-exec-4] Request 'POST /token/passwordEmail' doesn't match 'DELETE /logout'
2020-05-02 17:40:33,134 DEBUG org.springframework.security.web.util.matcher.OrRequestMatcher [http-nio-7777-exec-4] No matches found
2020-05-02 17:40:33,135 DEBUG org.springframework.security.web.FilterChainProxy$VirtualFilterChain [http-nio-7777-exec-4] /token/passwordEmail at position 6 of 12 in additional filter chain; firing Filter: 'JWTAuthenticationFilter'
2020-05-02 17:40:33,135 WARN com.skiya.sportzplatform.security.JWTAuthenticationFilter [http-nio-7777-exec-4] couldn't find bearer string, will ignore the header
2020-05-02 17:40:33,135 DEBUG org.springframework.security.web.FilterChainProxy$VirtualFilterChain [http-nio-7777-exec-4] /token/passwordEmail at position 7 of 12 in additional filter chain; firing Filter: 'RequestCacheAwareFilter'
2020-05-02 17:40:33,135 DEBUG org.springframework.security.web.savedrequest.HttpSessionRequestCache [http-nio-7777-exec-4] saved request doesn't match
2020-05-02 17:40:33,135 DEBUG org.springframework.security.web.FilterChainProxy$VirtualFilterChain [http-nio-7777-exec-4] /token/passwordEmail at position 8 of 12 in additional filter chain; firing Filter: 'SecurityContextHolderAwareRequestFilter'
2020-05-02 17:40:33,135 DEBUG org.springframework.security.web.FilterChainProxy$VirtualFilterChain [http-nio-7777-exec-4] /token/passwordEmail at position 9 of 12 in additional filter chain; firing Filter: 'AnonymousAuthenticationFilter'
2020-05-02 17:40:33,135 DEBUG org.springframework.security.web.authentication.AnonymousAuthenticationFilter [http-nio-7777-exec-4] Populated SecurityContextHolder with anonymous token: 'org.springframework.security.authentication.AnonymousAuthenticationToken@e0bbaf48: Principal: anonymousUser; Credentials: [PROTECTED]; Authenticated: true; Details: org.springframework.security.web.authentication.WebAuthenticationDetails@b364: RemoteIpAddress: 0:0:0:0:0:0:0:1; SessionId: null; Granted Authorities: ROLE_ANONYMOUS'
2020-05-02 17:40:33,135 DEBUG org.springframework.security.web.FilterChainProxy$VirtualFilterChain [http-nio-7777-exec-4] /token/passwordEmail at position 10 of 12 in additional filter chain; firing Filter: 'SessionManagementFilter'
2020-05-02 17:40:33,137 DEBUG org.springframework.security.web.FilterChainProxy$VirtualFilterChain [http-nio-7777-exec-4] /token/passwordEmail at position 11 of 12 in additional filter chain; firing Filter: 'ExceptionTranslationFilter'
2020-05-02 17:40:33,137 DEBUG org.springframework.security.web.FilterChainProxy$VirtualFilterChain [http-nio-7777-exec-4] /token/passwordEmail at position 12 of 12 in additional filter chain; firing Filter: 'FilterSecurityInterceptor'
2020-05-02 17:40:33,137 DEBUG org.springframework.security.access.intercept.AbstractSecurityInterceptor [http-nio-7777-exec-4] Secure object: FilterInvocation: URL: /token/passwordEmail; Attributes: [permitAll]
2020-05-02 17:40:33,138 DEBUG org.springframework.security.access.intercept.AbstractSecurityInterceptor [http-nio-7777-exec-4] Previously Authenticated: org.springframework.security.authentication.AnonymousAuthenticationToken@e0bbaf48: Principal: anonymousUser; Credentials: [PROTECTED]; Authenticated: true; Details: org.springframework.security.web.authentication.WebAuthenticationDetails@b364: RemoteIpAddress: 0:0:0:0:0:0:0:1; SessionId: null; Granted Authorities: ROLE_ANONYMOUS
2020-05-02 17:40:33,138 DEBUG org.springframework.security.access.vote.AffirmativeBased [http-nio-7777-exec-4] Voter: org.springframework.security.web.access.expression.WebExpressionVoter@c7289291, returned: 1
2020-05-02 17:40:33,139 DEBUG org.springframework.security.access.intercept.AbstractSecurityInterceptor [http-nio-7777-exec-4] Authorization successful
2020-05-02 17:40:33,142 DEBUG org.springframework.security.access.intercept.AbstractSecurityInterceptor [http-nio-7777-exec-4] RunAsManager did not change Authentication object
2020-05-02 17:40:33,143 DEBUG org.springframework.security.web.FilterChainProxy$VirtualFilterChain [http-nio-7777-exec-4] /token/passwordEmail reached end of additional filter chain; proceeding with original chain
2020-05-02 17:40:33,144 DEBUG org.springframework.core.log.LogFormatUtils [http-nio-7777-exec-4] POST "/token/passwordEmail", parameters={}
2020-05-02 17:40:33,148 DEBUG org.springframework.web.servlet.handler.AbstractHandlerMapping [http-nio-7777-exec-4] Mapped to com.skiya.sportzplatform.web.rest.AuthenticationResource#passwordEmail(LoginUser, HttpServletRequest)
2020-05-02 17:40:33,150 DEBUG org.springframework.core.log.LogFormatUtils [http-nio-7777-exec-4] Read "application/json;charset=UTF-8" to [LoginUser [userEmail=bsiva_77@yahoo.com, password=null, token=null]]
2020-05-02 17:40:33,150 DEBUG com.skiya.sportzplatform.web.rest.AuthenticationResource [http-nio-7777-exec-4] User Id...bsiva_77@yahoo.com
2020-05-02 17:40:33,151 DEBUG com.skiya.sportzplatform.web.rest.AuthenticationResource [http-nio-7777-exec-4] User Id...bsiva_77@yahoo.com
2020-05-02 17:40:33,151 DEBUG org.springframework.jdbc.datasource.DataSourceUtils [http-nio-7777-exec-4] Fetching JDBC Connection from DataSource
2020-05-02 17:40:33,152 DEBUG org.apache.ibatis.logging.jdbc.BaseJdbcLogger [http-nio-7777-exec-4] ==>  Preparing: select user_id, first_name, last_name, middle_name, user_profile_img, user_email, user_phone, user_password, last_login_date, provider_id, user_status, reset_token, alternate_name, user_img, user_dob, user_passport_nric, user_nationality, user_ethinicity, social, address, user_type, user_gender,follower_count,following_count from sportzplatform.user where user_email = ? 
2020-05-02 17:40:33,153 DEBUG org.apache.ibatis.logging.jdbc.BaseJdbcLogger [http-nio-7777-exec-4] ==> Parameters: bsiva_77@yahoo.com(String)
2020-05-02 17:40:33,155 DEBUG org.apache.ibatis.logging.jdbc.BaseJdbcLogger [http-nio-7777-exec-4] <==      Total: 1
2020-05-02 17:40:33,155 DEBUG com.skiya.sportzplatform.aop.AuditInterceptor [http-nio-7777-exec-4] Hello from Interceptor...update
2020-05-02 17:40:33,155 DEBUG org.springframework.jdbc.datasource.DataSourceUtils [http-nio-7777-exec-4] Fetching JDBC Connection from DataSource
2020-05-02 17:40:33,155 DEBUG org.apache.ibatis.logging.jdbc.BaseJdbcLogger [http-nio-7777-exec-4] ==>  Preparing: update sportzplatform.user set first_name = ?, last_name = ?, middle_name = ?, user_profile_img = ?, user_email = ?, user_phone = ?, user_password = ?, last_login_date = ?, provider_id = ?, user_status = ?, reset_token = ?, alternate_name = ?, user_img = ?, user_dob = ?, user_passport_nric = ?, user_nationality = ?, user_ethinicity = ?, social = ?, address = ?, user_type = ?, user_gender = ?, following_count = ?, follower_count = ? where user_id = ? 
2020-05-02 17:40:33,155 DEBUG org.apache.ibatis.logging.jdbc.BaseJdbcLogger [http-nio-7777-exec-4] ==> Parameters: Siva(String), Sankaran(String), null, null, bsiva_77@yahoo.com(String), 87778666(String), $2a$10$w0hwjv5DfTVvMYY8nRv1TuxP59EEqzvYuVrvTbFPczIKeulXk0MPG(String), null, null, AC(String), 6c2097bd-0928-487c-af5b-595e0db36c87(String), null, null, null, null, null, null, null, null, [User](PgArray), null, 0(Integer), 0(Integer), 1(Integer)
2020-05-02 17:40:33,161 DEBUG org.apache.ibatis.logging.jdbc.BaseJdbcLogger [http-nio-7777-exec-4] <==    Updates: 1
2020-05-02 17:40:33,161 DEBUG com.skiya.sportzplatform.service.UserService [http-nio-7777-exec-4] User Updated successfully with token...
2020-05-02 17:40:33,162 DEBUG com.skiya.sportzplatform.common.EmailUtil [http-nio-7777-exec-4] Send API KeySG.z35yNMeuTYiH5t1li4qsPg.yi8-JHo10a4VnDCn-5YHEMOvDIZ9XhS5_fmF9KGvq1Y
2020-05-02 17:40:33,553 DEBUG com.skiya.sportzplatform.common.EmailUtil [http-nio-7777-exec-4] 202
2020-05-02 17:40:33,558 DEBUG com.skiya.sportzplatform.common.EmailUtil [http-nio-7777-exec-4] 
2020-05-02 17:40:33,559 DEBUG com.skiya.sportzplatform.common.EmailUtil [http-nio-7777-exec-4] {Server=nginx, Access-Control-Allow-Origin=https://sendgrid.api-docs.io, Access-Control-Allow-Methods=POST, Connection=keep-alive, X-Message-Id=EeSQw0FTSpaIFwr4ZxYEkA, X-No-CORS-Reason=https://sendgrid.com/docs/Classroom/Basics/API/cors.html, Content-Length=0, Access-Control-Max-Age=600, Date=Sat, 02 May 2020 09:40:33 GMT, Access-Control-Allow-Headers=Authorization, Content-Type, On-behalf-of, x-sg-elas-acl}
2020-05-02 17:40:33,560 DEBUG org.springframework.web.servlet.mvc.method.annotation.AbstractMessageConverterMethodProcessor [http-nio-7777-exec-4] Using 'application/json', given [*/*] and supported [application/json, application/*+json, application/json, application/*+json]
2020-05-02 17:40:33,560 DEBUG org.springframework.core.log.LogFormatUtils [http-nio-7777-exec-4] Writing [com.skiya.sportzplatform.dto.RestResponse@684fd1d5]
2020-05-02 17:40:33,565 DEBUG org.springframework.security.web.header.writers.HstsHeaderWriter [http-nio-7777-exec-4] Not injecting HSTS header since it did not match the requestMatcher org.springframework.security.web.header.writers.HstsHeaderWriter$SecureRequestMatcher@810cff73
2020-05-02 17:40:33,566 DEBUG org.springframework.security.web.context.HttpSessionSecurityContextRepository$SaveToSessionResponseWrapper [http-nio-7777-exec-4] SecurityContext is empty or contents are anonymous - context will not be stored in HttpSession.
2020-05-02 17:40:33,568 DEBUG org.springframework.web.servlet.FrameworkServlet [http-nio-7777-exec-4] Completed 200 OK
2020-05-02 17:40:33,569 DEBUG org.springframework.security.web.access.ExceptionTranslationFilter [http-nio-7777-exec-4] Chain processed normally
2020-05-02 17:40:33,569 DEBUG org.springframework.security.web.context.SecurityContextPersistenceFilter [http-nio-7777-exec-4] SecurityContextHolder now cleared, as request processing completed
2020-05-02 17:40:59,385 DEBUG org.springframework.security.web.FilterChainProxy$VirtualFilterChain [http-nio-7777-exec-5] /token/resetPassword at position 1 of 12 in additional filter chain; firing Filter: 'WebAsyncManagerIntegrationFilter'
2020-05-02 17:40:59,386 DEBUG org.springframework.security.web.FilterChainProxy$VirtualFilterChain [http-nio-7777-exec-5] /token/resetPassword at position 2 of 12 in additional filter chain; firing Filter: 'SecurityContextPersistenceFilter'
2020-05-02 17:40:59,387 DEBUG org.springframework.security.web.context.HttpSessionSecurityContextRepository [http-nio-7777-exec-5] No HttpSession currently exists
2020-05-02 17:40:59,388 DEBUG org.springframework.security.web.context.HttpSessionSecurityContextRepository [http-nio-7777-exec-5] No SecurityContext was available from the HttpSession: null. A new one will be created.
2020-05-02 17:40:59,388 DEBUG org.springframework.security.web.FilterChainProxy$VirtualFilterChain [http-nio-7777-exec-5] /token/resetPassword at position 3 of 12 in additional filter chain; firing Filter: 'HeaderWriterFilter'
2020-05-02 17:40:59,388 DEBUG org.springframework.security.web.FilterChainProxy$VirtualFilterChain [http-nio-7777-exec-5] /token/resetPassword at position 4 of 12 in additional filter chain; firing Filter: 'CorsFilter'
2020-05-02 17:40:59,390 DEBUG org.springframework.web.servlet.handler.AbstractHandlerMapping [http-nio-7777-exec-5] Mapped to com.skiya.sportzplatform.web.rest.AuthenticationResource#resetPassword(LoginUser)
2020-05-02 17:40:59,391 DEBUG org.springframework.security.web.FilterChainProxy$VirtualFilterChain [http-nio-7777-exec-5] /token/resetPassword at position 5 of 12 in additional filter chain; firing Filter: 'LogoutFilter'
2020-05-02 17:40:59,391 DEBUG org.springframework.security.web.util.matcher.OrRequestMatcher [http-nio-7777-exec-5] Trying to match using Ant [pattern='/logout', GET]
2020-05-02 17:40:59,392 DEBUG org.springframework.security.web.util.matcher.AntPathRequestMatcher [http-nio-7777-exec-5] Request 'POST /token/resetPassword' doesn't match 'GET /logout'
2020-05-02 17:40:59,394 DEBUG org.springframework.security.web.util.matcher.OrRequestMatcher [http-nio-7777-exec-5] Trying to match using Ant [pattern='/logout', POST]
2020-05-02 17:40:59,395 DEBUG org.springframework.security.web.util.matcher.AntPathRequestMatcher [http-nio-7777-exec-5] Checking match of request : '/token/resetPassword'; against '/logout'
2020-05-02 17:40:59,396 DEBUG org.springframework.security.web.util.matcher.OrRequestMatcher [http-nio-7777-exec-5] Trying to match using Ant [pattern='/logout', PUT]
2020-05-02 17:40:59,396 DEBUG org.springframework.security.web.util.matcher.AntPathRequestMatcher [http-nio-7777-exec-5] Request 'POST /token/resetPassword' doesn't match 'PUT /logout'
2020-05-02 17:40:59,397 DEBUG org.springframework.security.web.util.matcher.OrRequestMatcher [http-nio-7777-exec-5] Trying to match using Ant [pattern='/logout', DELETE]
2020-05-02 17:40:59,397 DEBUG org.springframework.security.web.util.matcher.AntPathRequestMatcher [http-nio-7777-exec-5] Request 'POST /token/resetPassword' doesn't match 'DELETE /logout'
2020-05-02 17:40:59,397 DEBUG org.springframework.security.web.util.matcher.OrRequestMatcher [http-nio-7777-exec-5] No matches found
2020-05-02 17:40:59,398 DEBUG org.springframework.security.web.FilterChainProxy$VirtualFilterChain [http-nio-7777-exec-5] /token/resetPassword at position 6 of 12 in additional filter chain; firing Filter: 'JWTAuthenticationFilter'
2020-05-02 17:40:59,398 WARN com.skiya.sportzplatform.security.JWTAuthenticationFilter [http-nio-7777-exec-5] couldn't find bearer string, will ignore the header
2020-05-02 17:40:59,399 DEBUG org.springframework.security.web.FilterChainProxy$VirtualFilterChain [http-nio-7777-exec-5] /token/resetPassword at position 7 of 12 in additional filter chain; firing Filter: 'RequestCacheAwareFilter'
2020-05-02 17:40:59,399 DEBUG org.springframework.security.web.savedrequest.HttpSessionRequestCache [http-nio-7777-exec-5] saved request doesn't match
2020-05-02 17:40:59,399 DEBUG org.springframework.security.web.FilterChainProxy$VirtualFilterChain [http-nio-7777-exec-5] /token/resetPassword at position 8 of 12 in additional filter chain; firing Filter: 'SecurityContextHolderAwareRequestFilter'
2020-05-02 17:40:59,399 DEBUG org.springframework.security.web.FilterChainProxy$VirtualFilterChain [http-nio-7777-exec-5] /token/resetPassword at position 9 of 12 in additional filter chain; firing Filter: 'AnonymousAuthenticationFilter'
2020-05-02 17:40:59,400 DEBUG org.springframework.security.web.authentication.AnonymousAuthenticationFilter [http-nio-7777-exec-5] Populated SecurityContextHolder with anonymous token: 'org.springframework.security.authentication.AnonymousAuthenticationToken@e0bbaf48: Principal: anonymousUser; Credentials: [PROTECTED]; Authenticated: true; Details: org.springframework.security.web.authentication.WebAuthenticationDetails@b364: RemoteIpAddress: 0:0:0:0:0:0:0:1; SessionId: null; Granted Authorities: ROLE_ANONYMOUS'
2020-05-02 17:40:59,400 DEBUG org.springframework.security.web.FilterChainProxy$VirtualFilterChain [http-nio-7777-exec-5] /token/resetPassword at position 10 of 12 in additional filter chain; firing Filter: 'SessionManagementFilter'
2020-05-02 17:40:59,400 DEBUG org.springframework.security.web.FilterChainProxy$VirtualFilterChain [http-nio-7777-exec-5] /token/resetPassword at position 11 of 12 in additional filter chain; firing Filter: 'ExceptionTranslationFilter'
2020-05-02 17:40:59,401 DEBUG org.springframework.security.web.FilterChainProxy$VirtualFilterChain [http-nio-7777-exec-5] /token/resetPassword at position 12 of 12 in additional filter chain; firing Filter: 'FilterSecurityInterceptor'
2020-05-02 17:40:59,406 DEBUG org.springframework.security.access.intercept.AbstractSecurityInterceptor [http-nio-7777-exec-5] Secure object: FilterInvocation: URL: /token/resetPassword; Attributes: [permitAll]
2020-05-02 17:40:59,408 DEBUG org.springframework.security.access.intercept.AbstractSecurityInterceptor [http-nio-7777-exec-5] Previously Authenticated: org.springframework.security.authentication.AnonymousAuthenticationToken@e0bbaf48: Principal: anonymousUser; Credentials: [PROTECTED]; Authenticated: true; Details: org.springframework.security.web.authentication.WebAuthenticationDetails@b364: RemoteIpAddress: 0:0:0:0:0:0:0:1; SessionId: null; Granted Authorities: ROLE_ANONYMOUS
2020-05-02 17:40:59,409 DEBUG org.springframework.security.access.vote.AffirmativeBased [http-nio-7777-exec-5] Voter: org.springframework.security.web.access.expression.WebExpressionVoter@c7289291, returned: 1
2020-05-02 17:40:59,410 DEBUG org.springframework.security.access.intercept.AbstractSecurityInterceptor [http-nio-7777-exec-5] Authorization successful
2020-05-02 17:40:59,410 DEBUG org.springframework.security.access.intercept.AbstractSecurityInterceptor [http-nio-7777-exec-5] RunAsManager did not change Authentication object
2020-05-02 17:40:59,410 DEBUG org.springframework.security.web.FilterChainProxy$VirtualFilterChain [http-nio-7777-exec-5] /token/resetPassword reached end of additional filter chain; proceeding with original chain
2020-05-02 17:40:59,411 DEBUG org.springframework.core.log.LogFormatUtils [http-nio-7777-exec-5] POST "/token/resetPassword", parameters={}
2020-05-02 17:40:59,412 DEBUG org.springframework.web.servlet.handler.AbstractHandlerMapping [http-nio-7777-exec-5] Mapped to com.skiya.sportzplatform.web.rest.AuthenticationResource#resetPassword(LoginUser)
2020-05-02 17:40:59,412 DEBUG org.springframework.core.log.LogFormatUtils [http-nio-7777-exec-5] Read "application/json;charset=UTF-8" to [LoginUser [userEmail=null, password=lmsadmin1, token=6c2097bd-0928-487c-af5b-595e0db36c87]]
2020-05-02 17:40:59,412 DEBUG com.skiya.sportzplatform.web.rest.AuthenticationResource [http-nio-7777-exec-5] Login User...LoginUser [userEmail=null, password=lmsadmin1, token=6c2097bd-0928-487c-af5b-595e0db36c87]
2020-05-02 17:40:59,412 DEBUG org.springframework.jdbc.datasource.DataSourceUtils [http-nio-7777-exec-5] Fetching JDBC Connection from DataSource
2020-05-02 17:40:59,412 DEBUG org.apache.ibatis.logging.jdbc.BaseJdbcLogger [http-nio-7777-exec-5] ==>  Preparing: select user_id, first_name, last_name, middle_name, user_profile_img, user_email, user_phone, user_password, last_login_date, provider_id, user_status, reset_token, alternate_name, user_img, user_dob, user_passport_nric, user_nationality, user_ethinicity, social, address, user_type, user_gender,follower_count,following_count from sportzplatform.user where reset_token = ? 
2020-05-02 17:40:59,416 DEBUG org.apache.ibatis.logging.jdbc.BaseJdbcLogger [http-nio-7777-exec-5] ==> Parameters: 6c2097bd-0928-487c-af5b-595e0db36c87(String)
2020-05-02 17:40:59,417 DEBUG org.apache.ibatis.logging.jdbc.BaseJdbcLogger [http-nio-7777-exec-5] <==      Total: 1
2020-05-02 17:40:59,418 DEBUG org.springframework.transaction.support.AbstractPlatformTransactionManager [http-nio-7777-exec-5] Creating new transaction with name [com.skiya.sportzplatform.service.UserService.updateToken]: PROPAGATION_REQUIRED,ISOLATION_DEFAULT
2020-05-02 17:40:59,418 DEBUG org.springframework.jdbc.datasource.DataSourceTransactionManager [http-nio-7777-exec-5] Acquired Connection [HikariProxyConnection@1819077954 wrapping org.postgresql.jdbc.PgConnection@8086de70] for JDBC transaction
2020-05-02 17:40:59,418 DEBUG org.springframework.jdbc.datasource.DataSourceTransactionManager [http-nio-7777-exec-5] Switching JDBC Connection [HikariProxyConnection@1819077954 wrapping org.postgresql.jdbc.PgConnection@8086de70] to manual commit
2020-05-02 17:40:59,422 DEBUG com.skiya.sportzplatform.service.UserService [http-nio-7777-exec-5] UserDTO....User [userId=1, firstName=null, lastName=null, middleName=null, userProfileImg=null, userEmail=null, userPhone=null, userWebsite=null, userDesc=null, lastLoginDate=null, providerId=null, userStatus=null, resetToken=null, alternateName=null, userImg=null, userDob=null, userPassportNric=null, userNationality=null, userEthinicity=null, address=null, social=null, userType=null, userGender=null, followerCount=0, followingCount=0]
2020-05-02 17:40:59,423 DEBUG org.apache.ibatis.logging.jdbc.BaseJdbcLogger [http-nio-7777-exec-5] ==>  Preparing: select user_id, first_name, last_name, middle_name, user_profile_img, user_email, user_phone, user_password, last_login_date, provider_id, user_status, reset_token, alternate_name, user_img, user_dob, user_passport_nric, user_nationality, user_ethinicity, social, address, user_type, user_gender,follower_count,following_count from sportzplatform.user where user_id = ? 
2020-05-02 17:40:59,424 DEBUG org.apache.ibatis.logging.jdbc.BaseJdbcLogger [http-nio-7777-exec-5] ==> Parameters: 1(Integer)
2020-05-02 17:40:59,425 DEBUG org.apache.ibatis.logging.jdbc.BaseJdbcLogger [http-nio-7777-exec-5] <==      Total: 1
2020-05-02 17:40:59,575 DEBUG com.skiya.sportzplatform.aop.AuditInterceptor [http-nio-7777-exec-5] Hello from Interceptor...update
2020-05-02 17:40:59,576 DEBUG org.apache.ibatis.logging.jdbc.BaseJdbcLogger [http-nio-7777-exec-5] ==>  Preparing: update sportzplatform.user set first_name = ?, last_name = ?, middle_name = ?, user_profile_img = ?, user_email = ?, user_phone = ?, user_password = ?, last_login_date = ?, provider_id = ?, user_status = ?, reset_token = ?, alternate_name = ?, user_img = ?, user_dob = ?, user_passport_nric = ?, user_nationality = ?, user_ethinicity = ?, social = ?, address = ?, user_type = ?, user_gender = ?, following_count = ?, follower_count = ? where user_id = ? 
2020-05-02 17:40:59,580 DEBUG org.apache.ibatis.logging.jdbc.BaseJdbcLogger [http-nio-7777-exec-5] ==> Parameters: Siva(String), Sankaran(String), null, null, bsiva_77@yahoo.com(String), 87778666(String), $2a$10$N1k5fTaKs23QMrq29nmMFOgMYS4PECXIsg9N1zSEVBL/WaDDsoPsi(String), null, null, AC(String), null, null, null, null, null, null, null, null, null, [User](PgArray), null, 0(Integer), 0(Integer), 1(Integer)
2020-05-02 17:40:59,582 DEBUG org.apache.ibatis.logging.jdbc.BaseJdbcLogger [http-nio-7777-exec-5] <==    Updates: 1
2020-05-02 17:40:59,583 DEBUG org.springframework.transaction.support.AbstractPlatformTransactionManager [http-nio-7777-exec-5] Initiating transaction commit
2020-05-02 17:40:59,584 DEBUG org.springframework.jdbc.datasource.DataSourceTransactionManager [http-nio-7777-exec-5] Committing JDBC transaction on Connection [HikariProxyConnection@1819077954 wrapping org.postgresql.jdbc.PgConnection@8086de70]
2020-05-02 17:40:59,586 DEBUG org.springframework.jdbc.datasource.DataSourceTransactionManager [http-nio-7777-exec-5] Releasing JDBC Connection [HikariProxyConnection@1819077954 wrapping org.postgresql.jdbc.PgConnection@8086de70] after transaction
2020-05-02 17:40:59,589 DEBUG org.springframework.web.servlet.mvc.method.annotation.AbstractMessageConverterMethodProcessor [http-nio-7777-exec-5] Using 'application/json', given [*/*] and supported [application/json, application/*+json, application/json, application/*+json]
2020-05-02 17:40:59,590 DEBUG org.springframework.core.log.LogFormatUtils [http-nio-7777-exec-5] Writing [com.skiya.sportzplatform.dto.RestResponse@45e95ce4]
2020-05-02 17:40:59,592 DEBUG org.springframework.security.web.header.writers.HstsHeaderWriter [http-nio-7777-exec-5] Not injecting HSTS header since it did not match the requestMatcher org.springframework.security.web.header.writers.HstsHeaderWriter$SecureRequestMatcher@810cff73
2020-05-02 17:40:59,594 DEBUG org.springframework.security.web.context.HttpSessionSecurityContextRepository$SaveToSessionResponseWrapper [http-nio-7777-exec-5] SecurityContext is empty or contents are anonymous - context will not be stored in HttpSession.
2020-05-02 17:40:59,597 DEBUG org.springframework.web.servlet.FrameworkServlet [http-nio-7777-exec-5] Completed 200 OK
2020-05-02 17:40:59,598 DEBUG org.springframework.security.web.access.ExceptionTranslationFilter [http-nio-7777-exec-5] Chain processed normally
2020-05-02 17:40:59,598 DEBUG org.springframework.security.web.context.SecurityContextPersistenceFilter [http-nio-7777-exec-5] SecurityContextHolder now cleared, as request processing completed
2020-05-02 18:13:47,688 INFO org.springframework.boot.admin.SpringApplicationAdminMXBeanRegistrar$SpringApplicationAdmin [RMI TCP Connection(4)-127.0.0.1] Application shutdown requested.
2020-05-02 18:13:47,689 DEBUG org.springframework.context.support.AbstractApplicationContext [RMI TCP Connection(4)-127.0.0.1] Closing org.springframework.boot.web.servlet.context.AnnotationConfigServletWebServerApplicationContext@27986d3b, started on Sat May 02 17:38:43 SGT 2020
2020-05-02 18:13:47,691 DEBUG org.springframework.context.support.DefaultLifecycleProcessor$LifecycleGroup [RMI TCP Connection(4)-127.0.0.1] Stopping beans in phase 2147483647
2020-05-02 18:13:47,691 DEBUG org.springframework.context.support.DefaultLifecycleProcessor [RMI TCP Connection(4)-127.0.0.1] Bean 'documentationPluginsBootstrapper' completed its stop procedure
2020-05-02 18:13:47,696 DEBUG org.springframework.boot.actuate.endpoint.jmx.JmxEndpointExporter [RMI TCP Connection(4)-127.0.0.1] Unregister endpoint with ObjectName 'org.springframework.boot:type=Endpoint,name=Beans' from the JMX domain
2020-05-02 18:13:47,696 DEBUG org.springframework.boot.actuate.endpoint.jmx.JmxEndpointExporter [RMI TCP Connection(4)-127.0.0.1] Unregister endpoint with ObjectName 'org.springframework.boot:type=Endpoint,name=Caches' from the JMX domain
2020-05-02 18:13:47,696 DEBUG org.springframework.boot.actuate.endpoint.jmx.JmxEndpointExporter [RMI TCP Connection(4)-127.0.0.1] Unregister endpoint with ObjectName 'org.springframework.boot:type=Endpoint,name=Health' from the JMX domain
2020-05-02 18:13:47,697 DEBUG org.springframework.boot.actuate.endpoint.jmx.JmxEndpointExporter [RMI TCP Connection(4)-127.0.0.1] Unregister endpoint with ObjectName 'org.springframework.boot:type=Endpoint,name=Info' from the JMX domain
2020-05-02 18:13:47,697 DEBUG org.springframework.boot.actuate.endpoint.jmx.JmxEndpointExporter [RMI TCP Connection(4)-127.0.0.1] Unregister endpoint with ObjectName 'org.springframework.boot:type=Endpoint,name=Conditions' from the JMX domain
2020-05-02 18:13:47,697 DEBUG org.springframework.boot.actuate.endpoint.jmx.JmxEndpointExporter [RMI TCP Connection(4)-127.0.0.1] Unregister endpoint with ObjectName 'org.springframework.boot:type=Endpoint,name=Configprops' from the JMX domain
2020-05-02 18:13:47,698 DEBUG org.springframework.boot.actuate.endpoint.jmx.JmxEndpointExporter [RMI TCP Connection(4)-127.0.0.1] Unregister endpoint with ObjectName 'org.springframework.boot:type=Endpoint,name=Env' from the JMX domain
2020-05-02 18:13:47,698 DEBUG org.springframework.boot.actuate.endpoint.jmx.JmxEndpointExporter [RMI TCP Connection(4)-127.0.0.1] Unregister endpoint with ObjectName 'org.springframework.boot:type=Endpoint,name=Loggers' from the JMX domain
2020-05-02 18:13:47,698 DEBUG org.springframework.boot.actuate.endpoint.jmx.JmxEndpointExporter [RMI TCP Connection(4)-127.0.0.1] Unregister endpoint with ObjectName 'org.springframework.boot:type=Endpoint,name=Threaddump' from the JMX domain
2020-05-02 18:13:47,698 DEBUG org.springframework.boot.actuate.endpoint.jmx.JmxEndpointExporter [RMI TCP Connection(4)-127.0.0.1] Unregister endpoint with ObjectName 'org.springframework.boot:type=Endpoint,name=Metrics' from the JMX domain
2020-05-02 18:13:47,699 DEBUG org.springframework.boot.actuate.endpoint.jmx.JmxEndpointExporter [RMI TCP Connection(4)-127.0.0.1] Unregister endpoint with ObjectName 'org.springframework.boot:type=Endpoint,name=Scheduledtasks' from the JMX domain
2020-05-02 18:13:47,699 DEBUG org.springframework.boot.actuate.endpoint.jmx.JmxEndpointExporter [RMI TCP Connection(4)-127.0.0.1] Unregister endpoint with ObjectName 'org.springframework.boot:type=Endpoint,name=Mappings' from the JMX domain
2020-05-02 18:13:47,700 DEBUG org.springframework.jmx.export.MBeanExporter [RMI TCP Connection(4)-127.0.0.1] Unregistering JMX-exposed beans on shutdown
2020-05-02 18:13:47,700 DEBUG org.springframework.jmx.support.MBeanRegistrationSupport [RMI TCP Connection(4)-127.0.0.1] Unregistering JMX-exposed beans
2020-05-02 18:13:47,701 INFO org.springframework.scheduling.concurrent.ExecutorConfigurationSupport [RMI TCP Connection(4)-127.0.0.1] Shutting down ExecutorService 'applicationTaskExecutor'
2020-05-02 18:13:47,705 INFO com.zaxxer.hikari.HikariDataSource [RMI TCP Connection(4)-127.0.0.1] HikariPool-1 - Shutdown initiated...
2020-05-02 18:13:47,712 INFO com.zaxxer.hikari.HikariDataSource [RMI TCP Connection(4)-127.0.0.1] HikariPool-1 - Shutdown completed.
